bit_length=10 prime=547 G=(386, 359) n=547 Q=(286, 462)
Creating Quantum Circuit
(1/10)
(2/10)
(3/10)
(4/10)
(5/10)
(6/10)
(7/10)
(8/10)
(9/10)
Complete aG+bQ
Complete Quantum Circuit 171.769[s]
  qubit_size=245 gate_count=3322938 depth=3305080
execute circuit 10000/3322940 37.503
execute circuit 20000/3322940 1:12.399
execute circuit 30000/3322940 1:41.793
execute circuit 40000/3322940 2:16.513
execute circuit 50000/3322940 2:44.725
execute circuit 60000/3322940 3:22.715
execute circuit 70000/3322940 4:04.669
execute circuit 80000/3322940 4:45.574
execute circuit 90000/3322940 5:20.176
execute circuit 100000/3322940 5:58.163
execute circuit 110000/3322940 6:36.061
execute circuit 120000/3322940 7:12.879
execute circuit 130000/3322940 7:54.861
execute circuit 140000/3322940 8:34.054
execute circuit 150000/3322940 9:07.479
execute circuit 160000/3322940 9:38.150
execute circuit 170000/3322940 10:08.602
execute circuit 180000/3322940 10:41.001
execute circuit 190000/3322940 11:14.997
execute circuit 200000/3322940 11:49.478
execute circuit 210000/3322940 12:26.441
execute circuit 220000/3322940 13:01.658
execute circuit 230000/3322940 13:32.507
execute circuit 240000/3322940 14:06.570
execute circuit 250000/3322940 14:43.332
execute circuit 260000/3322940 15:23.378
execute circuit 270000/3322940 16:10.640
execute circuit 280000/3322940 16:51.132
execute circuit 290000/3322940 17:33.689
execute circuit 300000/3322940 18:16.097
execute circuit 310000/3322940 18:54.888
execute circuit 320000/3322940 19:38.882
execute circuit 330000/3322940 20:24.142
execute circuit 340000/3322940 21:03.343
execute circuit 350000/3322940 21:32.301
execute circuit 360000/3322940 22:05.869
execute circuit 370000/3322940 22:34.814
execute circuit 380000/3322940 23:09.541
execute circuit 390000/3322940 23:43.390
execute circuit 400000/3322940 24:18.924
execute circuit 410000/3322940 24:53.930
execute circuit 420000/3322940 25:23.693
execute circuit 430000/3322940 25:57.948
execute circuit 440000/3322940 26:25.709
execute circuit 450000/3322940 27:04.461
execute circuit 460000/3322940 27:47.339
execute circuit 470000/3322940 28:31.402
execute circuit 480000/3322940 29:08.290
execute circuit 490000/3322940 29:49.453
execute circuit 500000/3322940 30:31.117
execute circuit 510000/3322940 31:09.430
execute circuit 520000/3322940 31:54.818
execute circuit 530000/3322940 32:35.376
execute circuit 540000/3322940 33:10.539
execute circuit 550000/3322940 33:41.164
execute circuit 560000/3322940 34:12.646
execute circuit 570000/3322940 34:44.463
execute circuit 580000/3322940 35:19.338
execute circuit 590000/3322940 35:54.475
execute circuit 600000/3322940 36:31.546
execute circuit 610000/3322940 37:07.059
execute circuit 620000/3322940 37:37.552
execute circuit 630000/3322940 38:11.646
execute circuit 640000/3322940 38:44.714
execute circuit 650000/3322940 39:26.599
execute circuit 660000/3322940 40:17.085
execute circuit 670000/3322940 41:01.159
execute circuit 680000/3322940 41:43.496
execute circuit 690000/3322940 42:27.747
execute circuit 700000/3322940 43:08.467
execute circuit 710000/3322940 43:54.302
execute circuit 720000/3322940 44:44.869
execute circuit 730000/3322940 45:27.374
execute circuit 740000/3322940 45:58.674
execute circuit 750000/3322940 46:33.929
execute circuit 760000/3322940 47:03.982
execute circuit 770000/3322940 47:41.979
execute circuit 780000/3322940 48:19.688
execute circuit 790000/3322940 48:56.600
execute circuit 800000/3322940 49:33.924
execute circuit 810000/3322940 50:07.328
execute circuit 820000/3322940 50:42.530
execute circuit 830000/3322940 51:11.998
execute circuit 840000/3322940 51:52.142
execute circuit 850000/3322940 52:38.678
execute circuit 860000/3322940 53:27.373
execute circuit 870000/3322940 54:06.861
execute circuit 880000/3322940 54:54.226
execute circuit 890000/3322940 55:41.742
execute circuit 900000/3322940 56:21.765
execute circuit 910000/3322940 57:11.091
execute circuit 920000/3322940 57:56.720
execute circuit 930000/3322940 58:35.413
execute circuit 940000/3322940 59:06.273
execute circuit 950000/3322940 59:40.486
execute circuit 960000/3322940 1:00:14.338
execute circuit 970000/3322940 1:00:52.023
execute circuit 980000/3322940 1:01:29.059
execute circuit 990000/3322940 1:02:08.107
execute circuit 1000000/3322940 1:02:45.847
execute circuit 1010000/3322940 1:03:16.144
execute circuit 1020000/3322940 1:03:51.427
execute circuit 1030000/3322940 1:04:24.144
execute circuit 1040000/3322940 1:05:07.564
execute circuit 1050000/3322940 1:05:59.204
execute circuit 1060000/3322940 1:06:46.235
execute circuit 1070000/3322940 1:07:29.634
execute circuit 1080000/3322940 1:08:17.167
execute circuit 1090000/3322940 1:09:00.511
execute circuit 1100000/3322940 1:09:47.529
execute circuit 1110000/3322940 1:10:38.996
execute circuit 1120000/3322940 1:11:22.455
execute circuit 1130000/3322940 1:11:55.340
execute circuit 1140000/3322940 1:12:30.547
execute circuit 1150000/3322940 1:13:00.926
execute circuit 1160000/3322940 1:13:38.440
execute circuit 1170000/3322940 1:14:17.199
execute circuit 1180000/3322940 1:14:56.472
execute circuit 1190000/3322940 1:15:34.902
execute circuit 1200000/3322940 1:16:08.906
execute circuit 1210000/3322940 1:16:43.602
execute circuit 1220000/3322940 1:17:17.911
execute circuit 1230000/3322940 1:17:59.344
execute circuit 1240000/3322940 1:18:47.842
execute circuit 1250000/3322940 1:19:43.173
execute circuit 1260000/3322940 1:20:25.304
execute circuit 1270000/3322940 1:21:17.718
execute circuit 1280000/3322940 1:22:08.358
execute circuit 1290000/3322940 1:22:51.872
execute circuit 1300000/3322940 1:23:45.144
execute circuit 1310000/3322940 1:24:36.061
execute circuit 1320000/3322940 1:25:18.576
execute circuit 1330000/3322940 1:25:49.893
execute circuit 1340000/3322940 1:26:28.445
execute circuit 1350000/3322940 1:27:03.004
execute circuit 1360000/3322940 1:27:42.705
execute circuit 1370000/3322940 1:28:23.394
execute circuit 1380000/3322940 1:29:04.492
execute circuit 1390000/3322940 1:29:43.503
execute circuit 1400000/3322940 1:30:14.763
execute circuit 1410000/3322940 1:30:54.577
execute circuit 1420000/3322940 1:31:28.153
execute circuit 1430000/3322940 1:32:13.527
execute circuit 1440000/3322940 1:33:09.355
execute circuit 1450000/3322940 1:34:00.428
execute circuit 1460000/3322940 1:34:45.268
execute circuit 1470000/3322940 1:35:37.318
execute circuit 1480000/3322940 1:36:25.036
execute circuit 1490000/3322940 1:37:17.040
execute circuit 1500000/3322940 1:38:13.369
execute circuit 1510000/3322940 1:39:00.049
execute circuit 1520000/3322940 1:39:37.639
execute circuit 1530000/3322940 1:40:14.305
execute circuit 1540000/3322940 1:40:49.174
execute circuit 1550000/3322940 1:41:29.654
execute circuit 1560000/3322940 1:42:13.164
execute circuit 1570000/3322940 1:42:58.149
execute circuit 1580000/3322940 1:43:38.964
execute circuit 1590000/3322940 1:44:17.062
execute circuit 1600000/3322940 1:44:55.466
execute circuit 1610000/3322940 1:45:30.228
execute circuit 1620000/3322940 1:46:10.340
execute circuit 1630000/3322940 1:46:58.057
execute circuit 1640000/3322940 1:47:52.818
execute circuit 1650000/3322940 1:48:39.771
execute circuit 1660000/3322940 1:49:31.036
execute circuit 1670000/3322940 1:50:21.975
execute circuit 1680000/3322940 1:51:05.510
execute circuit 1690000/3322940 1:51:58.313
execute circuit 1700000/3322940 1:52:48.721
execute circuit 1710000/3322940 1:53:31.488
execute circuit 1720000/3322940 1:54:02.123
execute circuit 1730000/3322940 1:54:40.379
execute circuit 1740000/3322940 1:55:13.650
execute circuit 1750000/3322940 1:55:52.757
execute circuit 1760000/3322940 1:56:33.938
execute circuit 1770000/3322940 1:57:15.004
execute circuit 1780000/3322940 1:57:55.012
execute circuit 1790000/3322940 1:58:28.235
execute circuit 1800000/3322940 1:59:03.917
execute circuit 1810000/3322940 1:59:34.080
execute circuit 1820000/3322940 2:00:16.956
execute circuit 1830000/3322940 2:01:07.488
execute circuit 1840000/3322940 2:01:57.087
execute circuit 1850000/3322940 2:02:38.411
execute circuit 1860000/3322940 2:03:26.775
execute circuit 1870000/3322940 2:04:13.047
execute circuit 1880000/3322940 2:04:58.722
execute circuit 1890000/3322940 2:05:52.100
execute circuit 1900000/3322940 2:06:35.237
execute circuit 1910000/3322940 2:07:10.543
execute circuit 1920000/3322940 2:07:44.726
execute circuit 1930000/3322940 2:08:15.742
execute circuit 1940000/3322940 2:08:51.328
execute circuit 1950000/3322940 2:09:29.914
execute circuit 1960000/3322940 2:10:09.448
execute circuit 1970000/3322940 2:10:47.902
execute circuit 1980000/3322940 2:11:23.089
execute circuit 1990000/3322940 2:11:55.312
execute circuit 2000000/3322940 2:12:28.248
execute circuit 2010000/3322940 2:13:04.019
execute circuit 2020000/3322940 2:13:48.848
execute circuit 2030000/3322940 2:14:41.849
execute circuit 2040000/3322940 2:15:26.507
execute circuit 2050000/3322940 2:16:13.716
execute circuit 2060000/3322940 2:17:01.971
execute circuit 2070000/3322940 2:17:43.580
execute circuit 2080000/3322940 2:18:33.193
execute circuit 2090000/3322940 2:19:21.774
execute circuit 2100000/3322940 2:20:03.565
execute circuit 2110000/3322940 2:20:32.258
execute circuit 2120000/3322940 2:21:06.965
execute circuit 2130000/3322940 2:21:37.455
execute circuit 2140000/3322940 2:22:14.721
execute circuit 2150000/3322940 2:22:52.569
execute circuit 2160000/3322940 2:23:31.123
execute circuit 2170000/3322940 2:24:08.562
execute circuit 2180000/3322940 2:24:39.461
execute circuit 2190000/3322940 2:25:15.000
execute circuit 2200000/3322940 2:25:43.749
execute circuit 2210000/3322940 2:26:25.651
execute circuit 2220000/3322940 2:27:14.349
execute circuit 2230000/3322940 2:28:03.965
execute circuit 2240000/3322940 2:28:44.572
execute circuit 2250000/3322940 2:29:31.972
execute circuit 2260000/3322940 2:30:18.481
execute circuit 2270000/3322940 2:31:02.110
execute circuit 2280000/3322940 2:31:54.264
execute circuit 2290000/3322940 2:32:38.279
execute circuit 2300000/3322940 2:33:13.517
execute circuit 2310000/3322940 2:33:45.997
execute circuit 2320000/3322940 2:34:17.871
execute circuit 2330000/3322940 2:34:52.359
execute circuit 2340000/3322940 2:35:30.244
execute circuit 2350000/3322940 2:36:09.653
execute circuit 2360000/3322940 2:36:47.891
execute circuit 2370000/3322940 2:37:23.213
execute circuit 2380000/3322940 2:37:53.791
execute circuit 2390000/3322940 2:38:27.444
execute circuit 2400000/3322940 2:39:01.773
execute circuit 2410000/3322940 2:39:43.853
execute circuit 2420000/3322940 2:40:36.560
execute circuit 2430000/3322940 2:41:21.616
execute circuit 2440000/3322940 2:42:07.042
execute circuit 2450000/3322940 2:42:54.898
execute circuit 2460000/3322940 2:43:36.114
execute circuit 2470000/3322940 2:44:25.484
execute circuit 2480000/3322940 2:45:15.864
execute circuit 2490000/3322940 2:45:58.482
execute circuit 2500000/3322940 2:46:28.615
execute circuit 2510000/3322940 2:47:04.142
execute circuit 2520000/3322940 2:47:34.464
execute circuit 2530000/3322940 2:48:12.578
execute circuit 2540000/3322940 2:48:51.756
execute circuit 2550000/3322940 2:49:31.166
execute circuit 2560000/3322940 2:50:08.906
execute circuit 2570000/3322940 2:50:40.789
execute circuit 2580000/3322940 2:51:17.293
execute circuit 2590000/3322940 2:51:46.424
execute circuit 2600000/3322940 2:52:27.252
execute circuit 2610000/3322940 2:53:15.374
execute circuit 2620000/3322940 2:54:05.957
execute circuit 2630000/3322940 2:54:47.041
execute circuit 2640000/3322940 2:55:34.702
execute circuit 2650000/3322940 2:56:22.688
execute circuit 2660000/3322940 2:57:05.430
execute circuit 2670000/3322940 2:57:57.338
execute circuit 2680000/3322940 2:58:42.707
execute circuit 2690000/3322940 2:59:19.253
execute circuit 2700000/3322940 2:59:50.938
execute circuit 2710000/3322940 3:00:24.418
execute circuit 2720000/3322940 3:00:58.643
execute circuit 2730000/3322940 3:01:36.680
execute circuit 2740000/3322940 3:02:15.880
execute circuit 2750000/3322940 3:02:54.729
execute circuit 2760000/3322940 3:03:30.712
execute circuit 2770000/3322940 3:04:01.354
execute circuit 2780000/3322940 3:04:36.066
execute circuit 2790000/3322940 3:05:09.652
execute circuit 2800000/3322940 3:05:52.298
execute circuit 2810000/3322940 3:06:44.435
execute circuit 2820000/3322940 3:07:30.831
execute circuit 2830000/3322940 3:08:15.274
execute circuit 2840000/3322940 3:09:02.487
execute circuit 2850000/3322940 3:09:42.817
execute circuit 2860000/3322940 3:10:30.275
execute circuit 2870000/3322940 3:11:22.023
execute circuit 2880000/3322940 3:12:04.901
execute circuit 2890000/3322940 3:12:36.306
execute circuit 2900000/3322940 3:13:11.829
execute circuit 2910000/3322940 3:13:41.614
execute circuit 2920000/3322940 3:14:19.697
execute circuit 2930000/3322940 3:14:58.987
execute circuit 2940000/3322940 3:15:37.881
execute circuit 2950000/3322940 3:16:15.590
execute circuit 2960000/3322940 3:16:48.971
execute circuit 2970000/3322940 3:17:24.799
execute circuit 2980000/3322940 3:17:54.671
execute circuit 2990000/3322940 3:18:33.656
execute circuit 3000000/3322940 3:19:19.609
execute circuit 3010000/3322940 3:20:09.549
execute circuit 3020000/3322940 3:20:48.596
execute circuit 3030000/3322940 3:21:36.250
execute circuit 3040000/3322940 3:22:24.212
execute circuit 3050000/3322940 3:23:04.588
execute circuit 3060000/3322940 3:23:55.082
execute circuit 3070000/3322940 3:24:40.574
execute circuit 3080000/3322940 3:25:18.091
execute circuit 3090000/3322940 3:25:48.063
execute circuit 3100000/3322940 3:26:22.108
execute circuit 3110000/3322940 3:26:55.357
execute circuit 3120000/3322940 3:27:32.696
execute circuit 3130000/3322940 3:28:11.208
execute circuit 3140000/3322940 3:28:49.616
execute circuit 3150000/3322940 3:29:26.329
execute circuit 3160000/3322940 3:29:55.780
execute circuit 3170000/3322940 3:30:30.168
execute circuit 3180000/3322940 3:31:02.148
execute circuit 3190000/3322940 3:31:44.652
execute circuit 3200000/3322940 3:32:35.638
execute circuit 3210000/3322940 3:33:22.522
execute circuit 3220000/3322940 3:34:04.984
execute circuit 3230000/3322940 3:34:52.238
execute circuit 3240000/3322940 3:35:34.873
execute circuit 3250000/3322940 3:36:22.041
execute circuit 3260000/3322940 3:37:13.685
execute circuit 3270000/3322940 3:37:56.841
execute circuit 3280000/3322940 3:38:29.311
execute circuit 3290000/3322940 3:39:04.031
execute circuit 3300000/3322940 3:39:34.058
execute circuit 3310000/3322940 3:40:11.135
execute circuit 3320000/3322940 3:40:50.208
*OK: <1100010000 0110010000 1000100000 0001000010>=2, (544, 66)=True d=165
*OK: <0101011100 0001101101 1000100000 0001000010>=2, (544, 66)=True d=165
*OK: <1001011011 0010000101 1000100000 0001000010>=2, (544, 66)=True d=165
*OK: <1011111000 0111011111 1000100000 0001000010>=2, (544, 66)=True d=165
*OK: <0001100000 1010111110 1000100000 0001000010>=1, (544, 66)=True d=165
*OK: <0100000010 1010000010 1000100000 0001000010>=1, (544, 66)=True d=165
*OK: <1011011001 1010010001 1000100000 0001000010>=1, (544, 66)=True d=165
-NG: <0011100011 0011001010 1000100000 0001000010>=1, (544, 66)=True
*OK: <0000100000 0010000011 1000100000 0001000010>=1, (544, 66)=True d=165
-NG: <1010010111 1100100110 1000100000 0001000010>=1, (544, 66)=True
*OK: <1111100110 1100011100 1000100000 0001000010>=1, (544, 66)=True d=165
*OK: <1110010000 1110011011 1000100000 0001000010>=1, (544, 66)=True d=165
*OK: <1001000010 0011010101 1000100000 0001000010>=1, (544, 66)=True d=165
*OK: <1001111011 0100001000 1000100000 0001000010>=1, (544, 66)=True d=165
*OK: <0000010001 1011011100 1000100000 0001000010>=1, (544, 66)=True d=165
*OK: <0111000011 1011001001 1000100000 0001000010>=1, (544, 66)=True d=165
*OK: <0000110100 0111001001 1000100000 0001000010>=1, (544, 66)=True d=165
*OK: <0111010010 0001110000 1000100000 0001000010>=1, (544, 66)=True d=165
*OK: <1101000011 1000100011 1000100000 0001000010>=1, (544, 66)=True d=165
*OK: <0101001111 1111111011 1000100000 0001000010>=1, (544, 66)=True d=165
*OK: <0100010011 0101011110 1000100000 0001000010>=1, (544, 66)=True d=165
*OK: <0011001010 1001010000 1000100000 0001000010>=1, (544, 66)=True d=165
*OK: <1100010010 0110010000 1000100000 0001000010>=1, (544, 66)=True d=165
*OK: <0101111110 1000100101 1000100000 0001000010>=1, (544, 66)=True d=165
*OK: <0000111010 0101100111 1000100000 0001000010>=1, (544, 66)=True d=165
*OK: <1110110111 0011110001 1000100000 0001000010>=1, (544, 66)=True d=165
*OK: <0111111010 0111000111 1000100000 0001000010>=1, (544, 66)=True d=165
*OK: <1001110001 1011111111 1000100000 0001000010>=1, (544, 66)=True d=165
*OK: <0110000010 0010001110 1000100000 0001000010>=1, (544, 66)=True d=165
-NG: <1111001111 1000110111 1000100000 0001000010>=1, (544, 66)=True
*OK: <1101010100 0011111110 1000100000 0001000010>=1, (544, 66)=True d=165
*OK: <0110010100 0010011111 1000100000 0001000010>=1, (544, 66)=True d=165
*OK: <0111011000 0000001111 1000100000 0001000010>=1, (544, 66)=True d=165
*OK: <0001010100 1001001100 1000100000 0001000010>=1, (544, 66)=True d=165
*OK: <0001000101 0010100101 1000100000 0001000010>=1, (544, 66)=True d=165
*OK: <1111111110 1011001011 1000100000 0001000010>=1, (544, 66)=True d=165
*OK: <0000001101 0001110010 1000100000 0001000010>=1, (544, 66)=True d=165
*OK: <1000010010 0101110111 1000100000 0001000010>=1, (544, 66)=True d=165
*OK: <1110100001 1001110111 1000100000 0001000010>=1, (544, 66)=True d=165
*OK: <1100001100 1100100101 1000100000 0001000010>=1, (544, 66)=True d=165
*OK: <1011100011 0010011001 1000100000 0001000010>=1, (544, 66)=True d=165
*OK: <1000100111 1010111100 1000100000 0001000010>=1, (544, 66)=True d=165
*OK: <0110100111 0010110000 1000100000 0001000010>=1, (544, 66)=True d=165
*OK: <1000111011 0000000010 1000100000 0001000010>=1, (544, 66)=True d=165
*OK: <0101011110 0110100001 1000100000 0001000010>=1, (544, 66)=True d=165
-NG: <1011010011 0111000000 1000100000 0001000010>=1, (544, 66)=True
*OK: <0111001011 1110011101 1000100000 0001000010>=1, (544, 66)=True d=165
*OK: <0011110000 1001110001 1000100000 0001000010>=1, (544, 66)=True d=165
*OK: <1101010110 1000110100 1000100000 0001000010>=1, (544, 66)=True d=165
*OK: <1001110011 0000110100 1000100000 0001000010>=1, (544, 66)=True d=165
-NG: <1011110100 1101110011 1000100000 0001000010>=1, (544, 66)=True
*OK: <0100010001 0000101001 1000100000 0001000010>=1, (544, 66)=True d=165
*OK: <0100100000 0111010000 1000100000 0001000010>=1, (544, 66)=True d=165
*OK: <0100010111 1111001000 1000100000 0001000010>=1, (544, 66)=True d=165
*OK: <0011000011 0101111100 1000100000 0001000010>=1, (544, 66)=True d=165
*OK: <1111000010 0000101111 1000100000 0001000010>=1, (544, 66)=True d=165
*OK: <0100010101 1010010011 1000100000 0001000010>=1, (544, 66)=True d=165
*OK: <1000000001 1010011010 1000100000 0001000010>=1, (544, 66)=True d=165
*OK: <0011000100 1010110001 1000100000 0001000010>=1, (544, 66)=True d=165
*OK: <1000011101 0010110100 1000100000 0001000010>=1, (544, 66)=True d=165
*OK: <1110001010 1111111100 1000100000 0001000010>=1, (544, 66)=True d=165
*OK: <1101100101 1111011011 1000100000 0001000010>=1, (544, 66)=True d=165
*OK: <1100111011 0101001111 1000100000 0001000010>=1, (544, 66)=True d=165
*OK: <0010111011 0010101000 1000100000 0001000010>=1, (544, 66)=True d=165
*OK: <0001000111 0111011010 1000100000 0001000010>=1, (544, 66)=True d=165
*OK: <0101001111 1111111010 1000100000 0001000010>=1, (544, 66)=True d=165
*OK: <1100101101 1110101000 1000100000 0001000010>=1, (544, 66)=True d=165
*OK: <0010010100 1101010010 1000100000 0001000010>=1, (544, 66)=True d=165
-NG: <1011011110 0011111110 1000100000 0001000010>=1, (544, 66)=True
*OK: <1010101101 0110011101 1000100000 0001000010>=1, (544, 66)=True d=165
*OK: <1010011110 1111110101 1000100000 0001000010>=1, (544, 66)=True d=165
-NG: <1001001000 1100101110 1000100000 0001000010>=1, (544, 66)=True
*OK: <0000100111 0101011000 1000100000 0001000010>=1, (544, 66)=True d=165
*OK: <1101101000 1001000100 1000100000 0001000010>=1, (544, 66)=True d=165
*OK: <1000011111 0111101000 1000100000 0001000010>=1, (544, 66)=True d=165
-NG: <1100111111 0010001100 1000100000 0001000010>=1, (544, 66)=True
*OK: <0001110110 0000000011 1000100000 0001000010>=1, (544, 66)=True d=165
*OK: <1011101101 1010100010 1000100000 0001000010>=1, (544, 66)=True d=165
*OK: <1100111111 1110111001 1000100000 0001000010>=1, (544, 66)=True d=165
*OK: <0111100001 1000010111 1000100000 0001000010>=1, (544, 66)=True d=165
*OK: <0000000100 1001101010 1000100000 0001000010>=1, (544, 66)=True d=165
*OK: <1100001110 0001011010 1000100000 0001000010>=1, (544, 66)=True d=165
*OK: <1000000011 1111001111 1000100000 0001000010>=1, (544, 66)=True d=165
*OK: <0011010001 1100100011 1000100000 0001000010>=1, (544, 66)=True d=165
*OK: <1011011000 0101011100 1000100000 0001000010>=1, (544, 66)=True d=165
*OK: <1100101011 1001110011 1000100000 0001000010>=1, (544, 66)=True d=165
*OK: <0010110001 1010100000 1000100000 0001000010>=1, (544, 66)=True d=165
*OK: <0011111100 1011100011 1000100000 0001000010>=1, (544, 66)=True d=165
*OK: <0111101011 0000100000 1000100000 0001000010>=1, (544, 66)=True d=165
*OK: <1100100111 0000001001 1000100000 0001000010>=1, (544, 66)=True d=165
*OK: <1001101000 0011110111 1000100000 0001000010>=1, (544, 66)=True d=165
*OK: <0010110000 0101101011 1000100000 0001000010>=1, (544, 66)=True d=165
*OK: <0001101001 1110010010 1000100000 0001000010>=1, (544, 66)=True d=165
*OK: <1001000110 1100111111 1000100000 0001000010>=1, (544, 66)=True d=165
-NG: <1011111000 0111010111 1000100000 0001000010>=1, (544, 66)=True
*OK: <0111101010 0000100000 1000100000 0001000010>=1, (544, 66)=True d=165
Success: d=165 count=91
