bit_length=10 prime=547 G=(386, 359) n=547 Q=(286, 462)
Creating Quantum Circuit
set P [(386, 359), (369, 328), (27, 190)]
set Q [(286, 462), (543, 130), (257, 251)]
set P [(151, 484), (137, 303), (408, 326)]
set Q [(52, 541), (127, 382), (39, 171)]
set P [(456, 511), (268, 170), (450, 215)]
set Q [(161, 15), (390, 272), (376, 346)]
add P(normal): 2
add P(normal): 1
add Q(normal): 2
add Q(normal): 1
add P(last)+Q(last)
Make Uncompute
Complete aG+bQ
Complete Quantum Circuit 111.101[s]
  qubit_size=1635 gate_count=1115400 depth=749091
JIT mode: parallel
execute circuit 10000/1115402 42.413
execute circuit 20000/1115402 1:18.779
execute circuit 30000/1115402 1:55.738
execute circuit 40000/1115402 2:32.207
execute circuit 50000/1115402 3:09.023
execute circuit 60000/1115402 3:46.508
execute circuit 70000/1115402 4:24.198
execute circuit 80000/1115402 5:00.709
execute circuit 90000/1115402 5:37.287
execute circuit 100000/1115402 6:14.807
execute circuit 110000/1115402 6:51.818
execute circuit 120000/1115402 7:28.789
execute circuit 130000/1115402 8:07.090
execute circuit 140000/1115402 8:45.307
execute circuit 150000/1115402 9:23.181
execute circuit 160000/1115402 10:00.490
execute circuit 170000/1115402 10:37.736
execute circuit 180000/1115402 11:15.073
execute circuit 190000/1115402 11:52.383
execute circuit 200000/1115402 12:29.145
execute circuit 210000/1115402 13:05.522
execute circuit 220000/1115402 13:41.948
execute circuit 230000/1115402 14:18.317
execute circuit 240000/1115402 14:55.192
execute circuit 250000/1115402 15:32.491
execute circuit 260000/1115402 16:09.608
execute circuit 270000/1115402 16:46.626
execute circuit 280000/1115402 17:23.344
execute circuit 290000/1115402 18:00.206
execute circuit 300000/1115402 18:36.653
execute circuit 310000/1115402 19:13.496
execute circuit 320000/1115402 19:49.862
execute circuit 330000/1115402 20:26.999
execute circuit 340000/1115402 21:04.351
execute circuit 350000/1115402 21:40.908
execute circuit 360000/1115402 22:18.184
execute circuit 370000/1115402 22:55.221
execute circuit 380000/1115402 23:32.952
execute circuit 390000/1115402 24:09.941
execute circuit 400000/1115402 24:47.129
execute circuit 410000/1115402 25:24.016
execute circuit 420000/1115402 26:01.361
execute circuit 430000/1115402 26:40.081
execute circuit 440000/1115402 27:17.945
execute circuit 450000/1115402 27:55.759
execute circuit 460000/1115402 28:35.860
execute circuit 470000/1115402 29:12.984
execute circuit 480000/1115402 29:50.744
execute circuit 490000/1115402 30:27.639
execute circuit 500000/1115402 31:04.922
execute circuit 510000/1115402 31:42.015
execute circuit 520000/1115402 32:20.161
execute circuit 530000/1115402 32:58.702
execute circuit 540000/1115402 33:37.153
execute circuit 550000/1115402 34:15.691
execute circuit 560000/1115402 34:54.417
execute circuit 570000/1115402 35:33.383
execute circuit 580000/1115402 36:11.667
execute circuit 590000/1115402 36:50.183
execute circuit 600000/1115402 37:28.546
execute circuit 610000/1115402 38:05.712
execute circuit 620000/1115402 38:42.590
execute circuit 630000/1115402 39:19.460
execute circuit 640000/1115402 39:56.786
execute circuit 650000/1115402 40:34.482
execute circuit 660000/1115402 41:13.036
execute circuit 670000/1115402 41:52.631
execute circuit 680000/1115402 42:30.719
execute circuit 690000/1115402 43:08.188
execute circuit 700000/1115402 43:46.457
execute circuit 710000/1115402 44:23.144
execute circuit 720000/1115402 44:59.979
execute circuit 730000/1115402 45:36.620
execute circuit 740000/1115402 46:13.570
execute circuit 750000/1115402 46:51.300
execute circuit 760000/1115402 47:28.005
execute circuit 770000/1115402 48:04.346
execute circuit 780000/1115402 48:40.656
execute circuit 790000/1115402 49:17.428
execute circuit 800000/1115402 49:53.801
execute circuit 810000/1115402 50:29.548
execute circuit 820000/1115402 51:05.784
execute circuit 830000/1115402 51:41.781
execute circuit 840000/1115402 52:17.916
execute circuit 850000/1115402 52:54.100
execute circuit 860000/1115402 53:30.830
execute circuit 870000/1115402 54:07.689
execute circuit 880000/1115402 54:44.095
execute circuit 890000/1115402 55:20.436
execute circuit 900000/1115402 55:56.052
execute circuit 910000/1115402 56:31.823
execute circuit 920000/1115402 57:08.304
execute circuit 930000/1115402 57:44.224
execute circuit 940000/1115402 58:20.825
execute circuit 950000/1115402 58:57.158
execute circuit 960000/1115402 59:33.970
execute circuit 970000/1115402 1:00:10.199
execute circuit 980000/1115402 1:00:46.632
execute circuit 990000/1115402 1:01:22.313
execute circuit 1000000/1115402 1:01:57.865
execute circuit 1010000/1115402 1:02:33.440
execute circuit 1020000/1115402 1:03:09.199
execute circuit 1030000/1115402 1:03:45.144
execute circuit 1040000/1115402 1:04:20.675
execute circuit 1050000/1115402 1:04:56.396
execute circuit 1060000/1115402 1:05:33.020
execute circuit 1070000/1115402 1:06:09.019
execute circuit 1080000/1115402 1:06:44.535
execute circuit 1090000/1115402 1:07:19.956
execute circuit 1100000/1115402 1:07:55.442
execute circuit 1110000/1115402 1:08:31.203
*OK: <0000001101 0001110010 0000100000 0111000000>=3, (32, 448)=True d=165
*OK: <1100000111 1110000110 0000100000 0111000000>=2, (32, 448)=True d=165
*OK: <0001011010 0111101010 0000100000 0111000000>=2, (32, 448)=True d=165
*OK: <0110011010 0000111110 0000100000 0111000000>=2, (32, 448)=True d=165
*OK: <0010010010 1000011101 0000100000 0111000000>=2, (32, 448)=True d=165
*OK: <0010111111 1100010010 0000100000 0111000000>=1, (32, 448)=True d=165
-NG: <0011011000 1001010000 0000100000 0111000000>=1, (32, 448)=True
-NG: <1001110011 1010011110 0000100000 0111000000>=1, (32, 448)=True
-NG: <0011101110 1110100110 0000100000 0111000000>=1, (32, 448)=True
*OK: <1001010101 0011100110 0000100000 0111000000>=1, (32, 448)=True d=165
*OK: <0000101001 1010001100 0000100000 0111000000>=1, (32, 448)=True d=165
*OK: <1011100111 1100000011 0000100000 0111000000>=1, (32, 448)=True d=165
*OK: <1101000111 0010001110 0000100000 0111000000>=1, (32, 448)=True d=165
*OK: <1010101111 1011010001 0000100000 0111000000>=1, (32, 448)=True d=165
*OK: <1011000000 0110101101 0000100000 0111000000>=1, (32, 448)=True d=165
*OK: <0010001110 1110110100 0000100000 0111000000>=1, (32, 448)=True d=165
*OK: <1111111110 1011001011 0000100000 0111000000>=1, (32, 448)=True d=165
*OK: <1111100000 1101111101 0000100000 0111000000>=1, (32, 448)=True d=165
*OK: <1001101001 1000101100 0000100000 0111000000>=1, (32, 448)=True d=165
*OK: <0100111010 1010110100 0000100000 0111000000>=1, (32, 448)=True d=165
*OK: <0100100010 1100000101 0000100000 0111000000>=1, (32, 448)=True d=165
*OK: <0000101111 1000101010 0000100000 0111000000>=1, (32, 448)=True d=165
*OK: <0111010110 1011011010 0000100000 0111000000>=1, (32, 448)=True d=165
*OK: <0010010000 0011101000 0000100000 0111000000>=1, (32, 448)=True d=165
*OK: <0010001110 1110110011 0000100000 0111000000>=1, (32, 448)=True d=165
*OK: <1111110011 1110001110 0000100000 0111000000>=1, (32, 448)=True d=165
*OK: <1001011011 0010000101 0000100000 0111000000>=1, (32, 448)=True d=165
*OK: <1101000011 1000100011 0000100000 0111000000>=1, (32, 448)=True d=165
*OK: <0001000001 1000111011 0000100000 0111000000>=1, (32, 448)=True d=165
*OK: <1000101110 1110010000 0000100000 0111000000>=1, (32, 448)=True d=165
*OK: <0100000100 1110110111 0000100000 0111000000>=1, (32, 448)=True d=165
*OK: <1101101100 0010101110 0000100000 0111000000>=1, (32, 448)=True d=165
*OK: <0100010101 1010010011 0000100000 0111000000>=1, (32, 448)=True d=165
*OK: <0001011100 1100011111 0000100000 0111000000>=1, (32, 448)=True d=165
*OK: <0110001001 0101100001 0000100000 0111000000>=1, (32, 448)=True d=165
*OK: <1010010011 0010111000 0000100000 0111000000>=1, (32, 448)=True d=165
*OK: <0001100111 1001011101 0000100000 0111000000>=1, (32, 448)=True d=165
-NG: <0000111100 1010011010 0000100000 0111000000>=1, (32, 448)=True
*OK: <0000001011 1100111101 0000100000 0111000000>=1, (32, 448)=True d=165
*OK: <1010000110 0001000110 0000100000 0111000000>=1, (32, 448)=True d=165
*OK: <1000110111 0110011000 0000100000 0111000000>=1, (32, 448)=True d=165
*OK: <1001111110 1101110010 0000100000 0111000000>=1, (32, 448)=True d=165
*OK: <0011010111 1011000010 0000100000 0111000000>=1, (32, 448)=True d=165
*OK: <0011111101 1011100011 0000100000 0111000000>=1, (32, 448)=True d=165
*OK: <0011100001 0011001010 0000100000 0111000000>=1, (32, 448)=True d=165
*OK: <1101011000 1101101000 0000100000 0111000000>=1, (32, 448)=True d=165
*OK: <0110110110 1001010111 0000100000 0111000000>=1, (32, 448)=True d=165
*OK: <1110101000 1101001011 0000100000 0111000000>=1, (32, 448)=True d=165
*OK: <0111010000 1100111011 0000100000 0111000000>=1, (32, 448)=True d=165
*OK: <1011001000 1010000001 0000100000 0111000000>=1, (32, 448)=True d=165
*OK: <0010110010 1010100000 0000100000 0111000000>=1, (32, 448)=True d=165
*OK: <1000011101 0010110010 0000100000 0111000000>=1, (32, 448)=True d=165
*OK: <0111110000 1110111111 0000100000 0111000000>=1, (32, 448)=True d=165
*OK: <1101101010 1101111001 0000100000 0111000000>=1, (32, 448)=True d=165
*OK: <1001101000 0011110111 0000100000 0111000000>=1, (32, 448)=True d=165
*OK: <1011100010 1101100101 0000100000 0111000000>=1, (32, 448)=True d=165
*OK: <1000010001 0101110111 0000100000 0111000000>=1, (32, 448)=True d=165
*OK: <1101100101 1111011011 0000100000 0111000000>=1, (32, 448)=True d=165
*OK: <1101111111 0010111111 0000100000 0111000000>=1, (32, 448)=True d=165
*OK: <1101110110 1010110110 0000100000 0111000000>=1, (32, 448)=True d=165
*OK: <0000100101 0000100010 0000100000 0111000000>=1, (32, 448)=True d=165
*OK: <0001000111 0111011001 0000100000 0111000000>=1, (32, 448)=True d=165
*OK: <0011110101 1000010000 0000100000 0111000000>=1, (32, 448)=True d=165
*OK: <1100110100 0001111100 0000100000 0111000000>=1, (32, 448)=True d=165
*OK: <1110010111 0001101110 0000100000 0111000000>=1, (32, 448)=True d=165
*OK: <0111001010 1110011101 0000100000 0111000000>=1, (32, 448)=True d=165
*OK: <1110110111 0011110010 0000100000 0111000000>=1, (32, 448)=True d=165
*OK: <1000010000 0001000010 0000100000 0111000000>=1, (32, 448)=True d=165
*OK: <1011001101 1000011111 0000100000 0111000000>=1, (32, 448)=True d=165
*OK: <1000100101 1010111100 0000100000 0111000000>=1, (32, 448)=True d=165
*OK: <1101010000 1010010101 0000100000 0111000000>=1, (32, 448)=True d=165
*OK: <1101001010 1011110110 0000100000 0111000000>=1, (32, 448)=True d=165
*OK: <1111001100 1000110111 0000100000 0111000000>=1, (32, 448)=True d=165
*OK: <1100111110 1010000100 0000100000 0111000000>=1, (32, 448)=True d=165
*OK: <0101101011 1000010100 0000100000 0111000000>=1, (32, 448)=True d=165
*OK: <1010101001 1100110010 0000100000 0111000000>=1, (32, 448)=True d=165
*OK: <1100010100 1111111000 0000100000 0111000000>=1, (32, 448)=True d=165
*OK: <1111100010 0010110010 0000100000 0111000000>=1, (32, 448)=True d=165
*OK: <0111001001 1001101000 0000100000 0111000000>=1, (32, 448)=True d=165
*OK: <1010110110 1110100100 0000100000 0111000000>=1, (32, 448)=True d=165
*OK: <0000101001 1010001010 0000100000 0111000000>=1, (32, 448)=True d=165
*OK: <0001011101 0001010100 0000100000 0111000000>=1, (32, 448)=True d=165
-NG: <0011010000 0111101001 0000100000 0111000000>=1, (32, 448)=True
*OK: <1011000100 0000010111 0000100000 0111000000>=1, (32, 448)=True d=165
*OK: <0101111100 0011101111 0000100000 0111000000>=1, (32, 448)=True d=165
*OK: <1011110100 1101110110 0000100000 0111000000>=1, (32, 448)=True d=165
*OK: <1001000001 1110100010 0000100000 0111000000>=1, (32, 448)=True d=165
*OK: <0100010001 1011110100 0000100000 0111000000>=1, (32, 448)=True d=165
*OK: <0110010111 0111010100 0000100000 0111000000>=1, (32, 448)=True d=165
*OK: <1100101001 0100111110 0000100000 0111000000>=1, (32, 448)=True d=165
*OK: <0000100011 1011101101 0000100000 0111000000>=1, (32, 448)=True d=165
*OK: <1000000111 1000111001 0000100000 0111000000>=1, (32, 448)=True d=165
*OK: <1111010101 0000111111 0000100000 0111000000>=1, (32, 448)=True d=165
*OK: <1001110101 0101101001 0000100000 0111000000>=1, (32, 448)=True d=165
Success: d=165 count=95
