bit_length=11 prime=1051 G=(471, 914) n=1093 Q=(179, 86)
Creating Quantum Circuit
(1/11)
(2/11)
(3/11)
(4/11)
(5/11)
(6/11)
(7/11)
(8/11)
(9/11)
(10/11)
(11/11)
Complete Quantum Circuit 1355.379[s]
  qubit_size=477 gate_count=14783371
execute circuit 10000/14783371 3:14.266
execute circuit 20000/14783371 6:20.914
execute circuit 30000/14783371 9:14.147
execute circuit 40000/14783371 12:14.124
execute circuit 50000/14783371 15:09.591
execute circuit 60000/14783371 18:16.970
execute circuit 70000/14783371 21:15.107
execute circuit 80000/14783371 23:57.992
execute circuit 90000/14783371 26:22.643
execute circuit 100000/14783371 28:49.843
execute circuit 110000/14783371 30:49.910
execute circuit 120000/14783371 33:11.884
execute circuit 130000/14783371 36:09.074
execute circuit 140000/14783371 38:21.346
execute circuit 150000/14783371 41:05.837
execute circuit 160000/14783371 42:54.357
execute circuit 170000/14783371 45:04.557
execute circuit 180000/14783371 48:03.248
execute circuit 190000/14783371 50:41.604
execute circuit 200000/14783371 52:46.897
execute circuit 210000/14783371 55:01.443
execute circuit 220000/14783371 56:55.523
execute circuit 230000/14783371 1:00:00.685
execute circuit 240000/14783371 1:04:23.282
execute circuit 250000/14783371 1:06:59.528
execute circuit 260000/14783371 1:09:05.141
execute circuit 270000/14783371 1:12:24.509
execute circuit 280000/14783371 1:16:00.367
execute circuit 290000/14783371 1:18:52.855
execute circuit 300000/14783371 1:21:25.431
execute circuit 310000/14783371 1:25:49.629
execute circuit 320000/14783371 1:29:25.330
execute circuit 330000/14783371 1:32:28.048
execute circuit 340000/14783371 1:35:20.829
execute circuit 350000/14783371 1:38:08.449
execute circuit 360000/14783371 1:41:14.386
execute circuit 370000/14783371 1:44:24.816
execute circuit 380000/14783371 1:47:23.593
execute circuit 390000/14783371 1:50:18.072
execute circuit 400000/14783371 1:53:13.514
execute circuit 410000/14783371 1:56:09.209
execute circuit 420000/14783371 1:59:11.683
execute circuit 430000/14783371 2:02:49.980
execute circuit 440000/14783371 2:07:05.699
execute circuit 450000/14783371 2:09:37.520
execute circuit 460000/14783371 2:12:29.431
execute circuit 470000/14783371 2:16:04.633
execute circuit 480000/14783371 2:19:22.618
execute circuit 490000/14783371 2:21:27.672
execute circuit 500000/14783371 2:24:04.822
execute circuit 510000/14783371 2:28:34.556
execute circuit 520000/14783371 2:31:39.772
execute circuit 530000/14783371 2:33:34.326
execute circuit 540000/14783371 2:35:47.625
execute circuit 550000/14783371 2:37:53.434
execute circuit 560000/14783371 2:40:31.676
execute circuit 570000/14783371 2:43:28.875
execute circuit 580000/14783371 2:45:38.842
execute circuit 590000/14783371 2:47:28.512
execute circuit 600000/14783371 2:50:12.493
execute circuit 610000/14783371 2:52:24.576
execute circuit 620000/14783371 2:55:20.324
execute circuit 630000/14783371 2:57:39.985
execute circuit 640000/14783371 2:59:39.905
execute circuit 650000/14783371 3:02:09.595
execute circuit 660000/14783371 3:04:31.593
execute circuit 670000/14783371 3:07:09.236
execute circuit 680000/14783371 3:09:55.360
execute circuit 690000/14783371 3:12:59.354
execute circuit 700000/14783371 3:15:45.204
execute circuit 710000/14783371 3:18:31.816
execute circuit 720000/14783371 3:21:16.298
execute circuit 730000/14783371 3:24:13.707
execute circuit 740000/14783371 3:27:01.414
execute circuit 750000/14783371 3:29:43.817
execute circuit 760000/14783371 3:32:49.237
execute circuit 770000/14783371 3:35:34.953
execute circuit 780000/14783371 3:38:15.246
execute circuit 790000/14783371 3:40:58.598
execute circuit 800000/14783371 3:43:47.637
execute circuit 810000/14783371 3:46:41.668
execute circuit 820000/14783371 3:49:14.606
execute circuit 830000/14783371 3:51:43.988
execute circuit 840000/14783371 3:54:02.135
execute circuit 850000/14783371 3:55:58.426
execute circuit 860000/14783371 3:58:23.652
execute circuit 870000/14783371 4:01:13.751
execute circuit 880000/14783371 4:03:16.401
execute circuit 890000/14783371 4:05:48.187
execute circuit 900000/14783371 4:07:37.780
execute circuit 910000/14783371 4:09:43.751
execute circuit 920000/14783371 4:12:34.373
execute circuit 930000/14783371 4:15:00.512
execute circuit 940000/14783371 4:16:58.562
execute circuit 950000/14783371 4:19:11.062
execute circuit 960000/14783371 4:20:53.022
execute circuit 970000/14783371 4:24:02.897
execute circuit 980000/14783371 4:28:06.959
execute circuit 990000/14783371 4:30:29.646
execute circuit 1000000/14783371 4:32:35.422
execute circuit 1010000/14783371 4:35:54.976
execute circuit 1020000/14783371 4:39:15.610
execute circuit 1030000/14783371 4:42:12.116
execute circuit 1040000/14783371 4:44:52.989
execute circuit 1050000/14783371 4:49:11.245
execute circuit 1060000/14783371 4:52:29.809
execute circuit 1070000/14783371 4:55:24.807
execute circuit 1080000/14783371 4:58:26.166
execute circuit 1090000/14783371 5:01:39.644
execute circuit 1100000/14783371 5:05:01.295
execute circuit 1110000/14783371 5:08:05.513
execute circuit 1120000/14783371 5:11:19.426
execute circuit 1130000/14783371 5:14:27.508
execute circuit 1140000/14783371 5:17:22.423
execute circuit 1150000/14783371 5:20:17.149
execute circuit 1160000/14783371 5:23:25.135
execute circuit 1170000/14783371 5:26:52.728
execute circuit 1180000/14783371 5:30:59.818
execute circuit 1190000/14783371 5:33:26.845
execute circuit 1200000/14783371 5:36:32.411
execute circuit 1210000/14783371 5:39:53.277
execute circuit 1220000/14783371 5:43:00.481
execute circuit 1230000/14783371 5:45:14.775
execute circuit 1240000/14783371 5:48:01.155
execute circuit 1250000/14783371 5:52:18.456
execute circuit 1260000/14783371 5:55:02.262
execute circuit 1270000/14783371 5:56:46.332
execute circuit 1280000/14783371 5:59:12.403
execute circuit 1290000/14783371 6:01:16.257
execute circuit 1300000/14783371 6:03:51.888
execute circuit 1310000/14783371 6:06:47.275
execute circuit 1320000/14783371 6:08:52.202
execute circuit 1330000/14783371 6:10:48.400
execute circuit 1340000/14783371 6:13:26.272
execute circuit 1350000/14783371 6:15:53.800
execute circuit 1360000/14783371 6:18:59.432
execute circuit 1370000/14783371 6:21:27.493
execute circuit 1380000/14783371 6:23:33.984
execute circuit 1390000/14783371 6:26:26.279
execute circuit 1400000/14783371 6:29:01.447
execute circuit 1410000/14783371 6:31:55.013
execute circuit 1420000/14783371 6:35:00.210
execute circuit 1430000/14783371 6:38:09.197
execute circuit 1440000/14783371 6:40:55.477
execute circuit 1450000/14783371 6:43:51.518
execute circuit 1460000/14783371 6:46:49.975
execute circuit 1470000/14783371 6:50:09.735
execute circuit 1480000/14783371 6:53:18.505
execute circuit 1490000/14783371 6:56:49.757
execute circuit 1500000/14783371 7:00:17.053
execute circuit 1510000/14783371 7:03:51.404
execute circuit 1520000/14783371 7:07:01.203
execute circuit 1530000/14783371 7:10:15.197
execute circuit 1540000/14783371 7:13:32.754
execute circuit 1550000/14783371 7:16:35.849
execute circuit 1560000/14783371 7:19:21.360
execute circuit 1570000/14783371 7:22:20.905
execute circuit 1580000/14783371 7:24:44.362
execute circuit 1590000/14783371 7:26:55.708
execute circuit 1600000/14783371 7:29:45.449
execute circuit 1610000/14783371 7:33:00.154
execute circuit 1620000/14783371 7:35:25.541
execute circuit 1630000/14783371 7:38:20.611
execute circuit 1640000/14783371 7:40:27.777
execute circuit 1650000/14783371 7:42:50.514
execute circuit 1660000/14783371 7:46:04.560
execute circuit 1670000/14783371 7:48:44.920
execute circuit 1680000/14783371 7:51:03.938
execute circuit 1690000/14783371 7:53:29.683
execute circuit 1700000/14783371 7:55:39.585
execute circuit 1710000/14783371 7:59:42.867
execute circuit 1720000/14783371 8:04:29.160
execute circuit 1730000/14783371 8:07:01.613
execute circuit 1740000/14783371 8:09:16.488
execute circuit 1750000/14783371 8:13:09.278
execute circuit 1760000/14783371 8:16:56.922
execute circuit 1770000/14783371 8:20:03.182
execute circuit 1780000/14783371 8:22:57.087
execute circuit 1790000/14783371 8:28:03.307
execute circuit 1800000/14783371 8:31:31.330
execute circuit 1810000/14783371 8:34:48.142
execute circuit 1820000/14783371 8:37:49.077
execute circuit 1830000/14783371 8:41:01.000
execute circuit 1840000/14783371 8:44:43.761
execute circuit 1850000/14783371 8:48:38.087
execute circuit 1860000/14783371 8:51:54.390
execute circuit 1870000/14783371 8:55:18.585
execute circuit 1880000/14783371 8:58:36.876
execute circuit 1890000/14783371 9:01:48.960
execute circuit 1900000/14783371 9:05:05.380
execute circuit 1910000/14783371 9:09:26.130
execute circuit 1920000/14783371 9:13:57.635
execute circuit 1930000/14783371 9:16:40.263
execute circuit 1940000/14783371 9:20:07.208
execute circuit 1950000/14783371 9:24:01.053
execute circuit 1960000/14783371 9:27:17.560
execute circuit 1970000/14783371 9:29:42.295
execute circuit 1980000/14783371 9:33:01.537
execute circuit 1990000/14783371 9:37:51.671
execute circuit 2000000/14783371 9:41:00.103
execute circuit 2010000/14783371 9:43:10.295
execute circuit 2020000/14783371 9:45:43.617
execute circuit 2030000/14783371 9:47:59.225
execute circuit 2040000/14783371 9:50:59.976
execute circuit 2050000/14783371 9:53:59.360
execute circuit 2060000/14783371 9:56:09.764
execute circuit 2070000/14783371 9:58:23.827
execute circuit 2080000/14783371 10:01:07.485
execute circuit 2090000/14783371 10:03:37.907
execute circuit 2100000/14783371 10:06:48.405
execute circuit 2110000/14783371 10:09:15.497
execute circuit 2120000/14783371 10:11:25.165
execute circuit 2130000/14783371 10:14:22.709
execute circuit 2140000/14783371 10:16:56.302
execute circuit 2150000/14783371 10:19:54.103
execute circuit 2160000/14783371 10:22:49.652
execute circuit 2170000/14783371 10:26:15.816
execute circuit 2180000/14783371 10:29:07.079
execute circuit 2190000/14783371 10:32:36.529
execute circuit 2200000/14783371 10:35:52.241
execute circuit 2210000/14783371 10:39:22.075
execute circuit 2220000/14783371 10:42:40.915
execute circuit 2230000/14783371 10:45:59.929
execute circuit 2240000/14783371 10:49:13.215
execute circuit 2250000/14783371 10:52:44.019
execute circuit 2260000/14783371 10:55:47.212
execute circuit 2270000/14783371 10:58:59.427
execute circuit 2280000/14783371 11:02:06.823
execute circuit 2290000/14783371 11:05:12.765
execute circuit 2300000/14783371 11:07:50.098
execute circuit 2310000/14783371 11:10:44.990
execute circuit 2320000/14783371 11:13:01.990
execute circuit 2330000/14783371 11:15:08.174
execute circuit 2340000/14783371 11:18:07.250
execute circuit 2350000/14783371 11:21:13.894
execute circuit 2360000/14783371 11:23:35.736
execute circuit 2370000/14783371 11:26:19.238
execute circuit 2380000/14783371 11:28:21.438
execute circuit 2390000/14783371 11:30:45.289
execute circuit 2400000/14783371 11:33:55.292
execute circuit 2410000/14783371 11:36:27.157
execute circuit 2420000/14783371 11:38:57.673
execute circuit 2430000/14783371 11:41:11.384
execute circuit 2440000/14783371 11:43:17.216
execute circuit 2450000/14783371 11:47:34.188
execute circuit 2460000/14783371 11:52:00.064
execute circuit 2470000/14783371 11:54:29.244
execute circuit 2480000/14783371 11:56:50.771
execute circuit 2490000/14783371 12:00:35.266
execute circuit 2500000/14783371 12:04:21.864
execute circuit 2510000/14783371 12:07:18.770
execute circuit 2520000/14783371 12:10:14.187
execute circuit 2530000/14783371 12:15:23.394
execute circuit 2540000/14783371 12:18:52.478
execute circuit 2550000/14783371 12:22:05.135
execute circuit 2560000/14783371 12:25:13.909
execute circuit 2570000/14783371 12:28:36.412
execute circuit 2580000/14783371 12:31:54.183
execute circuit 2590000/14783371 12:35:18.403
execute circuit 2600000/14783371 12:39:20.084
execute circuit 2610000/14783371 12:42:42.179
execute circuit 2620000/14783371 12:45:52.961
execute circuit 2630000/14783371 12:48:57.661
execute circuit 2640000/14783371 12:52:10.188
execute circuit 2650000/14783371 12:56:41.901
execute circuit 2660000/14783371 13:00:54.183
execute circuit 2670000/14783371 13:03:30.012
execute circuit 2680000/14783371 13:06:58.824
execute circuit 2690000/14783371 13:10:46.496
execute circuit 2700000/14783371 13:13:45.992
execute circuit 2710000/14783371 13:16:09.117
execute circuit 2720000/14783371 13:19:35.255
execute circuit 2730000/14783371 13:24:22.718
execute circuit 2740000/14783371 13:27:11.233
execute circuit 2750000/14783371 13:29:13.938
execute circuit 2760000/14783371 13:31:48.222
execute circuit 2770000/14783371 13:34:02.044
execute circuit 2780000/14783371 13:37:09.185
execute circuit 2790000/14783371 13:40:01.133
execute circuit 2800000/14783371 13:42:06.610
execute circuit 2810000/14783371 13:44:23.180
execute circuit 2820000/14783371 13:47:02.890
execute circuit 2830000/14783371 13:49:43.918
execute circuit 2840000/14783371 13:52:58.925
execute circuit 2850000/14783371 13:55:18.438
execute circuit 2860000/14783371 13:57:21.487
execute circuit 2870000/14783371 14:00:16.576
execute circuit 2880000/14783371 14:02:39.882
execute circuit 2890000/14783371 14:05:46.039
execute circuit 2900000/14783371 14:08:43.279
execute circuit 2910000/14783371 14:12:07.582
execute circuit 2920000/14783371 14:14:55.925
execute circuit 2930000/14783371 14:18:25.307
execute circuit 2940000/14783371 14:21:40.292
execute circuit 2950000/14783371 14:25:12.106
execute circuit 2960000/14783371 14:28:21.307
execute circuit 2970000/14783371 14:31:40.905
execute circuit 2980000/14783371 14:34:35.320
execute circuit 2990000/14783371 14:37:47.610
execute circuit 3000000/14783371 14:40:43.561
execute circuit 3010000/14783371 14:44:06.291
execute circuit 3020000/14783371 14:47:12.029
execute circuit 3030000/14783371 14:50:21.667
execute circuit 3040000/14783371 14:53:05.171
execute circuit 3050000/14783371 14:56:08.615
execute circuit 3060000/14783371 14:58:24.975
execute circuit 3070000/14783371 15:00:38.994
execute circuit 3080000/14783371 15:03:56.458
execute circuit 3090000/14783371 15:06:52.747
execute circuit 3100000/14783371 15:09:23.003
execute circuit 3110000/14783371 15:12:06.834
execute circuit 3120000/14783371 15:14:16.659
execute circuit 3130000/14783371 15:16:51.364
execute circuit 3140000/14783371 15:20:08.570
execute circuit 3150000/14783371 15:22:38.056
execute circuit 3160000/14783371 15:25:17.293
execute circuit 3170000/14783371 15:27:26.348
execute circuit 3180000/14783371 15:29:46.918
execute circuit 3190000/14783371 15:34:26.657
execute circuit 3200000/14783371 15:38:50.284
execute circuit 3210000/14783371 15:41:24.034
execute circuit 3220000/14783371 15:44:00.074
execute circuit 3230000/14783371 15:47:53.421
execute circuit 3240000/14783371 15:51:48.658
execute circuit 3250000/14783371 15:54:48.429
execute circuit 3260000/14783371 15:58:05.813
execute circuit 3270000/14783371 16:03:30.982
execute circuit 3280000/14783371 16:07:06.155
execute circuit 3290000/14783371 16:10:38.980
execute circuit 3300000/14783371 16:13:59.517
execute circuit 3310000/14783371 16:17:29.918
execute circuit 3320000/14783371 16:21:17.172
execute circuit 3330000/14783371 16:25:04.109
execute circuit 3340000/14783371 16:28:39.831
execute circuit 3350000/14783371 16:32:21.751
execute circuit 3360000/14783371 16:35:57.528
execute circuit 3370000/14783371 16:39:25.984
execute circuit 3380000/14783371 16:42:55.675
execute circuit 3390000/14783371 16:48:02.531
execute circuit 3400000/14783371 16:52:27.732
execute circuit 3410000/14783371 16:55:24.255
execute circuit 3420000/14783371 16:59:24.887
execute circuit 3430000/14783371 17:03:35.968
execute circuit 3440000/14783371 17:06:47.081
execute circuit 3450000/14783371 17:09:30.119
execute circuit 3460000/14783371 17:13:30.994
execute circuit 3470000/14783371 17:18:43.763
execute circuit 3480000/14783371 17:21:43.989
execute circuit 3490000/14783371 17:23:54.201
execute circuit 3500000/14783371 17:26:47.515
execute circuit 3510000/14783371 17:29:07.699
execute circuit 3520000/14783371 17:32:41.677
execute circuit 3530000/14783371 17:35:48.118
execute circuit 3540000/14783371 17:38:06.012
execute circuit 3550000/14783371 17:40:46.431
execute circuit 3560000/14783371 17:43:37.761
execute circuit 3570000/14783371 17:46:35.104
execute circuit 3580000/14783371 17:50:01.189
execute circuit 3590000/14783371 17:52:29.841
execute circuit 3600000/14783371 17:54:45.012
execute circuit 3610000/14783371 17:58:07.648
execute circuit 3620000/14783371 18:00:48.246
execute circuit 3630000/14783371 18:04:21.520
execute circuit 3640000/14783371 18:07:36.329
execute circuit 3650000/14783371 18:11:17.912
execute circuit 3660000/14783371 18:14:22.478
execute circuit 3670000/14783371 18:17:59.377
execute circuit 3680000/14783371 18:20:50.975
execute circuit 3690000/14783371 18:24:23.430
execute circuit 3700000/14783371 18:27:49.968
execute circuit 3710000/14783371 18:31:27.782
execute circuit 3720000/14783371 18:34:35.152
execute circuit 3730000/14783371 18:38:05.178
execute circuit 3740000/14783371 18:41:16.115
execute circuit 3750000/14783371 18:44:52.749
execute circuit 3760000/14783371 18:48:11.935
execute circuit 3770000/14783371 18:51:34.730
execute circuit 3780000/14783371 18:54:25.666
execute circuit 3790000/14783371 18:57:48.872
execute circuit 3800000/14783371 19:00:05.733
execute circuit 3810000/14783371 19:02:25.370
execute circuit 3820000/14783371 19:05:22.423
execute circuit 3830000/14783371 19:08:08.412
execute circuit 3840000/14783371 19:10:29.961
execute circuit 3850000/14783371 19:13:07.660
execute circuit 3860000/14783371 19:15:15.605
execute circuit 3870000/14783371 19:17:49.745
execute circuit 3880000/14783371 19:20:59.907
execute circuit 3890000/14783371 19:23:17.644
execute circuit 3900000/14783371 19:25:58.574
execute circuit 3910000/14783371 19:28:03.636
execute circuit 3920000/14783371 19:30:45.506
execute circuit 3930000/14783371 19:35:51.276
execute circuit 3940000/14783371 19:40:20.661
execute circuit 3950000/14783371 19:42:58.519
execute circuit 3960000/14783371 19:45:45.821
execute circuit 3970000/14783371 19:49:51.167
execute circuit 3980000/14783371 19:54:01.793
execute circuit 3990000/14783371 19:57:08.487
execute circuit 4000000/14783371 20:00:56.630
execute circuit 4010000/14783371 20:06:36.312
execute circuit 4020000/14783371 20:10:00.547
execute circuit 4030000/14783371 20:13:30.830
execute circuit 4040000/14783371 20:16:59.820
execute circuit 4050000/14783371 20:20:27.647
execute circuit 4060000/14783371 20:23:48.432
execute circuit 4070000/14783371 20:27:14.029
execute circuit 4080000/14783371 20:30:48.186
execute circuit 4090000/14783371 20:34:11.238
execute circuit 4100000/14783371 20:37:23.251
execute circuit 4110000/14783371 20:40:30.997
execute circuit 4120000/14783371 20:43:42.831
execute circuit 4130000/14783371 20:48:36.186
execute circuit 4140000/14783371 20:52:28.170
execute circuit 4150000/14783371 20:55:07.907
execute circuit 4160000/14783371 20:58:59.317
execute circuit 4170000/14783371 21:02:43.771
execute circuit 4180000/14783371 21:05:37.364
execute circuit 4190000/14783371 21:08:06.174
execute circuit 4200000/14783371 21:12:01.689
execute circuit 4210000/14783371 21:16:52.820
execute circuit 4220000/14783371 21:19:35.423
execute circuit 4230000/14783371 21:21:37.628
execute circuit 4240000/14783371 21:24:19.777
execute circuit 4250000/14783371 21:26:34.678
execute circuit 4260000/14783371 21:29:57.050
execute circuit 4270000/14783371 21:32:37.809
execute circuit 4280000/14783371 21:34:50.084
execute circuit 4290000/14783371 21:37:30.169
execute circuit 4300000/14783371 21:39:58.668
execute circuit 4310000/14783371 21:42:45.143
execute circuit 4320000/14783371 21:45:55.587
execute circuit 4330000/14783371 21:48:09.509
execute circuit 4340000/14783371 21:50:10.877
execute circuit 4350000/14783371 21:53:42.331
execute circuit 4360000/14783371 21:56:26.972
execute circuit 4370000/14783371 21:59:45.168
execute circuit 4380000/14783371 22:02:56.179
execute circuit 4390000/14783371 22:06:31.686
execute circuit 4400000/14783371 22:09:28.664
execute circuit 4410000/14783371 22:12:59.256
execute circuit 4420000/14783371 22:15:54.097
execute circuit 4430000/14783371 22:19:24.439
execute circuit 4440000/14783371 22:22:34.807
execute circuit 4450000/14783371 22:25:19.715
execute circuit 4460000/14783371 22:28:08.312
execute circuit 4470000/14783371 22:31:02.493
execute circuit 4480000/14783371 22:33:51.132
execute circuit 4490000/14783371 22:37:29.099
execute circuit 4500000/14783371 22:40:42.258
execute circuit 4510000/14783371 22:43:57.178
execute circuit 4520000/14783371 22:46:33.567
execute circuit 4530000/14783371 22:49:51.317
execute circuit 4540000/14783371 22:51:53.667
execute circuit 4550000/14783371 22:54:05.174
execute circuit 4560000/14783371 22:57:18.884
execute circuit 4570000/14783371 23:00:09.991
execute circuit 4580000/14783371 23:02:36.854
execute circuit 4590000/14783371 23:05:15.892
execute circuit 4600000/14783371 23:07:28.546
execute circuit 4610000/14783371 23:10:18.476
execute circuit 4620000/14783371 23:13:40.213
execute circuit 4630000/14783371 23:16:02.355
execute circuit 4640000/14783371 23:18:54.813
execute circuit 4650000/14783371 23:20:56.676
execute circuit 4660000/14783371 23:23:37.746
execute circuit 4670000/14783371 23:28:31.678
execute circuit 4680000/14783371 23:32:34.621
execute circuit 4690000/14783371 23:35:06.843
execute circuit 4700000/14783371 23:37:56.915
execute circuit 4710000/14783371 23:41:54.532
execute circuit 4720000/14783371 23:45:48.223
execute circuit 4730000/14783371 23:48:35.239
execute circuit 4740000/14783371 23:52:26.630
execute circuit 4750000/14783371 23:57:34.850
execute circuit 4760000/14783371 24:00:48.661
execute circuit 4770000/14783371 24:04:01.995
execute circuit 4780000/14783371 24:07:18.865
execute circuit 4790000/14783371 24:10:36.843
execute circuit 4800000/14783371 24:14:06.100
execute circuit 4810000/14783371 24:17:36.723
execute circuit 4820000/14783371 24:21:02.167
execute circuit 4830000/14783371 24:24:31.766
execute circuit 4840000/14783371 24:27:53.651
execute circuit 4850000/14783371 24:31:12.323
execute circuit 4860000/14783371 24:34:23.633
execute circuit 4870000/14783371 24:39:42.973
execute circuit 4880000/14783371 24:43:21.456
execute circuit 4890000/14783371 24:46:15.242
execute circuit 4900000/14783371 24:50:12.145
execute circuit 4910000/14783371 24:54:09.497
execute circuit 4920000/14783371 24:56:51.760
execute circuit 4930000/14783371 24:59:24.109
execute circuit 4940000/14783371 25:03:36.248
execute circuit 4950000/14783371 25:08:24.385
execute circuit 4960000/14783371 25:10:59.255
execute circuit 4970000/14783371 25:13:07.839
execute circuit 4980000/14783371 25:16:07.011
execute circuit 4990000/14783371 25:18:39.451
execute circuit 5000000/14783371 25:22:07.594
execute circuit 5010000/14783371 25:24:57.810
execute circuit 5020000/14783371 25:27:16.809
execute circuit 5030000/14783371 25:30:08.704
execute circuit 5040000/14783371 25:32:43.108
execute circuit 5050000/14783371 25:35:44.980
execute circuit 5060000/14783371 25:38:59.463
execute circuit 5070000/14783371 25:41:19.302
execute circuit 5080000/14783371 25:43:30.077
execute circuit 5090000/14783371 25:46:49.753
execute circuit 5100000/14783371 25:49:32.568
execute circuit 5110000/14783371 25:52:53.445
execute circuit 5120000/14783371 25:56:08.635
execute circuit 5130000/14783371 25:59:38.715
execute circuit 5140000/14783371 26:02:24.786
execute circuit 5150000/14783371 26:05:13.717
execute circuit 5160000/14783371 26:07:58.441
execute circuit 5170000/14783371 26:10:41.937
execute circuit 5180000/14783371 26:13:52.266
execute circuit 5190000/14783371 26:16:38.975
execute circuit 5200000/14783371 26:19:18.859
execute circuit 5210000/14783371 26:22:08.099
execute circuit 5220000/14783371 26:25:02.137
execute circuit 5230000/14783371 26:28:42.273
execute circuit 5240000/14783371 26:31:56.306
execute circuit 5250000/14783371 26:35:23.199
execute circuit 5260000/14783371 26:38:01.349
execute circuit 5270000/14783371 26:41:17.549
execute circuit 5280000/14783371 26:43:21.938
execute circuit 5290000/14783371 26:45:40.918
execute circuit 5300000/14783371 26:48:57.127
execute circuit 5310000/14783371 26:51:46.039
execute circuit 5320000/14783371 26:54:22.605
execute circuit 5330000/14783371 26:56:55.949
execute circuit 5340000/14783371 26:59:07.255
execute circuit 5350000/14783371 27:02:00.275
execute circuit 5360000/14783371 27:05:14.709
execute circuit 5370000/14783371 27:07:30.400
execute circuit 5380000/14783371 27:10:17.075
execute circuit 5390000/14783371 27:12:22.367
execute circuit 5400000/14783371 27:15:12.168
execute circuit 5410000/14783371 27:20:10.739
execute circuit 5420000/14783371 27:24:02.231
execute circuit 5430000/14783371 27:26:33.327
execute circuit 5440000/14783371 27:29:31.107
execute circuit 5450000/14783371 27:33:27.945
execute circuit 5460000/14783371 27:37:15.821
execute circuit 5470000/14783371 27:40:00.614
execute circuit 5480000/14783371 27:44:11.667
execute circuit 5490000/14783371 27:49:06.876
execute circuit 5500000/14783371 27:52:25.449
execute circuit 5510000/14783371 27:55:42.149
execute circuit 5520000/14783371 27:59:06.700
execute circuit 5530000/14783371 28:02:36.196
execute circuit 5540000/14783371 28:06:00.405
execute circuit 5550000/14783371 28:09:33.412
execute circuit 5560000/14783371 28:12:55.950
execute circuit 5570000/14783371 28:16:14.669
execute circuit 5580000/14783371 28:19:25.808
execute circuit 5590000/14783371 28:22:45.750
execute circuit 5600000/14783371 28:26:09.172
execute circuit 5610000/14783371 28:31:28.436
execute circuit 5620000/14783371 28:34:52.435
execute circuit 5630000/14783371 28:37:51.453
execute circuit 5640000/14783371 28:41:49.154
execute circuit 5650000/14783371 28:45:44.419
execute circuit 5660000/14783371 28:48:21.618
execute circuit 5670000/14783371 28:50:56.492
execute circuit 5680000/14783371 28:55:22.158
execute circuit 5690000/14783371 29:00:07.894
execute circuit 5700000/14783371 29:02:31.430
execute circuit 5710000/14783371 29:04:40.420
execute circuit 5720000/14783371 29:07:26.069
execute circuit 5730000/14783371 29:09:58.116
execute circuit 5740000/14783371 29:13:18.000
execute circuit 5750000/14783371 29:15:56.798
execute circuit 5760000/14783371 29:18:08.604
execute circuit 5770000/14783371 29:20:55.901
execute circuit 5780000/14783371 29:23:25.347
execute circuit 5790000/14783371 29:26:27.145
execute circuit 5800000/14783371 29:29:32.608
execute circuit 5810000/14783371 29:31:47.711
execute circuit 5820000/14783371 29:34:01.430
execute circuit 5830000/14783371 29:37:07.818
execute circuit 5840000/14783371 29:39:51.053
execute circuit 5850000/14783371 29:43:04.170
execute circuit 5860000/14783371 29:46:14.124
execute circuit 5870000/14783371 29:49:39.452
execute circuit 5880000/14783371 29:52:19.146
execute circuit 5890000/14783371 29:55:09.065
execute circuit 5900000/14783371 29:57:50.510
execute circuit 5910000/14783371 30:00:35.500
execute circuit 5920000/14783371 30:03:46.314
execute circuit 5930000/14783371 30:07:03.210
execute circuit 5940000/14783371 30:09:55.292
execute circuit 5950000/14783371 30:13:08.861
execute circuit 5960000/14783371 30:16:00.094
execute circuit 5970000/14783371 30:19:31.911
execute circuit 5980000/14783371 30:22:37.134
execute circuit 5990000/14783371 30:25:53.584
execute circuit 6000000/14783371 30:28:24.703
execute circuit 6010000/14783371 30:31:26.871
execute circuit 6020000/14783371 30:33:36.840
execute circuit 6030000/14783371 30:36:02.405
execute circuit 6040000/14783371 30:39:18.886
execute circuit 6050000/14783371 30:42:04.007
execute circuit 6060000/14783371 30:44:50.418
execute circuit 6070000/14783371 30:47:16.618
execute circuit 6080000/14783371 30:49:31.946
execute circuit 6090000/14783371 30:52:32.903
execute circuit 6100000/14783371 30:55:52.879
execute circuit 6110000/14783371 30:58:09.693
execute circuit 6120000/14783371 31:00:51.932
execute circuit 6130000/14783371 31:03:00.893
execute circuit 6140000/14783371 31:06:07.051
execute circuit 6150000/14783371 31:11:04.695
execute circuit 6160000/14783371 31:14:45.216
execute circuit 6170000/14783371 31:17:16.614
execute circuit 6180000/14783371 31:20:23.315
execute circuit 6190000/14783371 31:24:22.390
execute circuit 6200000/14783371 31:28:06.898
execute circuit 6210000/14783371 31:30:50.707
execute circuit 6220000/14783371 31:35:12.314
execute circuit 6230000/14783371 31:39:55.608
execute circuit 6240000/14783371 31:43:18.690
execute circuit 6250000/14783371 31:46:31.835
execute circuit 6260000/14783371 31:49:50.791
execute circuit 6270000/14783371 31:53:18.604
execute circuit 6280000/14783371 31:57:21.948
execute circuit 6290000/14783371 32:00:56.453
execute circuit 6300000/14783371 32:04:19.234
execute circuit 6310000/14783371 32:07:51.246
execute circuit 6320000/14783371 32:11:05.483
execute circuit 6330000/14783371 32:14:23.993
execute circuit 6340000/14783371 32:17:59.788
execute circuit 6350000/14783371 32:23:17.632
execute circuit 6360000/14783371 32:26:26.944
execute circuit 6370000/14783371 32:29:35.113
execute circuit 6380000/14783371 32:33:33.995
execute circuit 6390000/14783371 32:37:31.753
execute circuit 6400000/14783371 32:40:01.542
execute circuit 6410000/14783371 32:42:38.185
execute circuit 6420000/14783371 32:47:15.053
execute circuit 6430000/14783371 32:51:57.395
execute circuit 6440000/14783371 32:54:10.990
execute circuit 6450000/14783371 32:56:29.711
execute circuit 6460000/14783371 32:59:09.086
execute circuit 6470000/14783371 33:01:45.458
execute circuit 6480000/14783371 33:05:07.387
execute circuit 6490000/14783371 33:07:40.553
execute circuit 6500000/14783371 33:09:54.010
execute circuit 6510000/14783371 33:12:43.907
execute circuit 6520000/14783371 33:15:10.343
execute circuit 6530000/14783371 33:18:18.381
execute circuit 6540000/14783371 33:21:18.954
execute circuit 6550000/14783371 33:23:33.647
execute circuit 6560000/14783371 33:25:55.396
execute circuit 6570000/14783371 33:29:00.026
execute circuit 6580000/14783371 33:31:45.653
execute circuit 6590000/14783371 33:34:58.442
execute circuit 6600000/14783371 33:38:11.780
execute circuit 6610000/14783371 33:41:33.451
execute circuit 6620000/14783371 33:44:30.425
execute circuit 6630000/14783371 33:47:39.435
execute circuit 6640000/14783371 33:50:33.340
execute circuit 6650000/14783371 33:53:41.868
execute circuit 6660000/14783371 33:56:59.124
execute circuit 6670000/14783371 34:00:10.763
execute circuit 6680000/14783371 34:03:04.559
execute circuit 6690000/14783371 34:06:19.204
execute circuit 6700000/14783371 34:09:11.627
execute circuit 6710000/14783371 34:12:43.673
execute circuit 6720000/14783371 34:15:45.251
execute circuit 6730000/14783371 34:18:52.054
execute circuit 6740000/14783371 34:21:26.174
execute circuit 6750000/14783371 34:24:26.747
execute circuit 6760000/14783371 34:26:39.901
execute circuit 6770000/14783371 34:29:11.507
execute circuit 6780000/14783371 34:32:28.587
execute circuit 6790000/14783371 34:35:09.208
execute circuit 6800000/14783371 34:38:00.539
execute circuit 6810000/14783371 34:40:19.975
execute circuit 6820000/14783371 34:42:33.956
execute circuit 6830000/14783371 34:45:40.526
execute circuit 6840000/14783371 34:48:49.209
execute circuit 6850000/14783371 34:51:11.008
execute circuit 6860000/14783371 34:53:51.091
execute circuit 6870000/14783371 34:56:04.210
execute circuit 6880000/14783371 34:59:23.124
execute circuit 6890000/14783371 35:04:21.813
execute circuit 6900000/14783371 35:07:50.608
execute circuit 6910000/14783371 35:10:18.760
execute circuit 6920000/14783371 35:13:36.416
execute circuit 6930000/14783371 35:17:36.952
execute circuit 6940000/14783371 35:21:12.382
execute circuit 6950000/14783371 35:24:00.525
execute circuit 6960000/14783371 35:28:35.184
execute circuit 6970000/14783371 35:33:08.085
execute circuit 6980000/14783371 35:36:32.169
execute circuit 6990000/14783371 35:39:50.864
execute circuit 7000000/14783371 35:43:17.432
execute circuit 7010000/14783371 35:46:50.054
execute circuit 7020000/14783371 35:50:13.110
execute circuit 7030000/14783371 35:54:14.913
execute circuit 7040000/14783371 35:57:50.528
execute circuit 7050000/14783371 36:01:14.233
execute circuit 7060000/14783371 36:04:21.526
execute circuit 7070000/14783371 36:07:46.210
execute circuit 7080000/14783371 36:11:31.307
execute circuit 7090000/14783371 36:16:46.186
execute circuit 7100000/14783371 36:19:52.683
execute circuit 7110000/14783371 36:23:03.242
execute circuit 7120000/14783371 36:27:04.252
execute circuit 7130000/14783371 36:30:58.462
execute circuit 7140000/14783371 36:33:24.355
execute circuit 7150000/14783371 36:36:03.445
execute circuit 7160000/14783371 36:40:54.141
execute circuit 7170000/14783371 36:45:21.505
execute circuit 7180000/14783371 36:47:36.198
execute circuit 7190000/14783371 36:50:02.245
execute circuit 7200000/14783371 36:52:36.006
execute circuit 7210000/14783371 36:55:25.212
execute circuit 7220000/14783371 36:58:46.417
execute circuit 7230000/14783371 37:01:14.690
execute circuit 7240000/14783371 37:03:23.851
execute circuit 7250000/14783371 37:06:17.327
execute circuit 7260000/14783371 37:08:40.448
execute circuit 7270000/14783371 37:11:59.511
execute circuit 7280000/14783371 37:14:55.990
execute circuit 7290000/14783371 37:17:11.189
execute circuit 7300000/14783371 37:19:40.521
execute circuit 7310000/14783371 37:22:39.764
execute circuit 7320000/14783371 37:25:28.061
execute circuit 7330000/14783371 37:28:41.263
execute circuit 7340000/14783371 37:31:57.659
execute circuit 7350000/14783371 37:35:16.668
execute circuit 7360000/14783371 37:38:16.317
execute circuit 7370000/14783371 37:41:22.820
execute circuit 7380000/14783371 37:44:18.808
execute circuit 7390000/14783371 37:47:27.529
execute circuit 7400000/14783371 37:50:46.694
execute circuit 7410000/14783371 37:54:06.474
execute circuit 7420000/14783371 37:57:15.397
execute circuit 7430000/14783371 38:00:33.851
execute circuit 7440000/14783371 38:03:31.737
execute circuit 7450000/14783371 38:07:06.591
execute circuit 7460000/14783371 38:10:07.125
execute circuit 7470000/14783371 38:13:07.208
execute circuit 7480000/14783371 38:15:48.576
execute circuit 7490000/14783371 38:18:44.727
execute circuit 7500000/14783371 38:20:58.388
execute circuit 7510000/14783371 38:23:32.225
execute circuit 7520000/14783371 38:26:50.528
execute circuit 7530000/14783371 38:29:28.141
execute circuit 7540000/14783371 38:32:25.888
execute circuit 7550000/14783371 38:34:38.697
execute circuit 7560000/14783371 38:36:56.436
execute circuit 7570000/14783371 38:40:07.849
execute circuit 7580000/14783371 38:43:12.333
execute circuit 7590000/14783371 38:45:36.326
execute circuit 7600000/14783371 38:48:14.436
execute circuit 7610000/14783371 38:50:28.012
execute circuit 7620000/14783371 38:54:05.604
execute circuit 7630000/14783371 38:59:06.331
execute circuit 7640000/14783371 39:02:23.097
execute circuit 7650000/14783371 39:04:45.739
execute circuit 7660000/14783371 39:08:16.310
execute circuit 7670000/14783371 39:12:18.790
execute circuit 7680000/14783371 39:15:52.158
execute circuit 7690000/14783371 39:18:40.326
execute circuit 7700000/14783371 39:23:27.775
execute circuit 7710000/14783371 39:27:52.583
execute circuit 7720000/14783371 39:31:19.187
execute circuit 7730000/14783371 39:34:32.290
execute circuit 7740000/14783371 39:37:52.655
execute circuit 7750000/14783371 39:41:25.679
execute circuit 7760000/14783371 39:45:28.307
execute circuit 7770000/14783371 39:48:53.348
execute circuit 7780000/14783371 39:52:25.786
execute circuit 7790000/14783371 39:55:55.336
execute circuit 7800000/14783371 39:59:15.855
execute circuit 7810000/14783371 40:02:42.863
execute circuit 7820000/14783371 40:06:40.093
execute circuit 7830000/14783371 40:11:49.154
execute circuit 7840000/14783371 40:14:49.381
execute circuit 7850000/14783371 40:18:08.115
execute circuit 7860000/14783371 40:22:11.067
execute circuit 7870000/14783371 40:26:01.864
execute circuit 7880000/14783371 40:28:24.291
execute circuit 7890000/14783371 40:31:08.876
execute circuit 7900000/14783371 40:36:07.614
execute circuit 7910000/14783371 40:40:22.865
execute circuit 7920000/14783371 40:42:36.282
execute circuit 7930000/14783371 40:45:09.432
execute circuit 7940000/14783371 40:47:37.043
execute circuit 7950000/14783371 40:50:27.084
execute circuit 7960000/14783371 40:53:48.772
execute circuit 7970000/14783371 40:56:11.625
execute circuit 7980000/14783371 40:58:18.117
execute circuit 7990000/14783371 41:01:19.890
execute circuit 8000000/14783371 41:03:45.049
execute circuit 8010000/14783371 41:07:05.017
execute circuit 8020000/14783371 41:09:55.980
execute circuit 8030000/14783371 41:12:11.102
execute circuit 8040000/14783371 41:14:47.771
execute circuit 8050000/14783371 41:17:43.094
execute circuit 8060000/14783371 41:20:35.993
execute circuit 8070000/14783371 41:23:46.902
execute circuit 8080000/14783371 41:27:06.873
execute circuit 8090000/14783371 41:30:22.002
execute circuit 8100000/14783371 41:33:24.863
execute circuit 8110000/14783371 41:36:39.259
execute circuit 8120000/14783371 41:40:02.627
execute circuit 8130000/14783371 41:43:14.000
execute circuit 8140000/14783371 41:46:33.529
execute circuit 8150000/14783371 41:49:55.642
execute circuit 8160000/14783371 41:53:03.363
execute circuit 8170000/14783371 41:56:20.092
execute circuit 8180000/14783371 41:59:23.522
execute circuit 8190000/14783371 42:02:52.480
execute circuit 8200000/14783371 42:05:56.367
execute circuit 8210000/14783371 42:08:53.390
execute circuit 8220000/14783371 42:11:41.001
execute circuit 8230000/14783371 42:14:30.356
execute circuit 8240000/14783371 42:16:45.031
execute circuit 8250000/14783371 42:19:27.497
execute circuit 8260000/14783371 42:22:46.306
execute circuit 8270000/14783371 42:25:19.261
execute circuit 8280000/14783371 42:28:25.298
execute circuit 8290000/14783371 42:30:30.919
execute circuit 8300000/14783371 42:32:49.230
execute circuit 8310000/14783371 42:36:05.928
execute circuit 8320000/14783371 42:39:03.451
execute circuit 8330000/14783371 42:41:31.381
execute circuit 8340000/14783371 42:44:03.625
execute circuit 8350000/14783371 42:46:12.396
execute circuit 8360000/14783371 42:49:49.039
execute circuit 8370000/14783371 42:54:33.345
execute circuit 8380000/14783371 42:57:28.786
execute circuit 8390000/14783371 42:59:41.393
execute circuit 8400000/14783371 43:03:12.147
execute circuit 8410000/14783371 43:07:01.932
execute circuit 8420000/14783371 43:10:27.596
execute circuit 8430000/14783371 43:13:22.333
execute circuit 8440000/14783371 43:18:18.931
execute circuit 8450000/14783371 43:22:33.038
execute circuit 8460000/14783371 43:25:59.594
execute circuit 8470000/14783371 43:29:20.682
execute circuit 8480000/14783371 43:32:50.913
execute circuit 8490000/14783371 43:36:25.576
execute circuit 8500000/14783371 43:39:41.287
execute circuit 8510000/14783371 43:43:35.290
execute circuit 8520000/14783371 43:47:00.651
execute circuit 8530000/14783371 43:50:20.943
execute circuit 8540000/14783371 43:53:32.569
execute circuit 8550000/14783371 43:56:58.922
execute circuit 8560000/14783371 44:01:06.161
execute circuit 8570000/14783371 44:06:05.824
execute circuit 8580000/14783371 44:09:02.248
execute circuit 8590000/14783371 44:12:26.371
execute circuit 8600000/14783371 44:16:27.271
execute circuit 8610000/14783371 44:20:12.026
execute circuit 8620000/14783371 44:22:31.020
execute circuit 8630000/14783371 44:25:27.400
execute circuit 8640000/14783371 44:30:24.757
execute circuit 8650000/14783371 44:34:22.588
execute circuit 8660000/14783371 44:36:35.923
execute circuit 8670000/14783371 44:39:10.137
execute circuit 8680000/14783371 44:41:37.533
execute circuit 8690000/14783371 44:44:28.553
execute circuit 8700000/14783371 44:47:46.306
execute circuit 8710000/14783371 44:50:05.414
execute circuit 8720000/14783371 44:52:07.136
execute circuit 8730000/14783371 44:55:12.949
execute circuit 8740000/14783371 44:57:43.687
execute circuit 8750000/14783371 45:01:02.563
execute circuit 8760000/14783371 45:03:47.941
execute circuit 8770000/14783371 45:06:02.162
execute circuit 8780000/14783371 45:08:44.186
execute circuit 8790000/14783371 45:11:35.589
execute circuit 8800000/14783371 45:14:27.310
execute circuit 8810000/14783371 45:17:33.088
execute circuit 8820000/14783371 45:20:55.849
execute circuit 8830000/14783371 45:23:59.960
execute circuit 8840000/14783371 45:27:11.061
execute circuit 8850000/14783371 45:30:14.918
execute circuit 8860000/14783371 45:33:39.129
execute circuit 8870000/14783371 45:36:51.679
execute circuit 8880000/14783371 45:39:47.576
execute circuit 8890000/14783371 45:42:41.555
execute circuit 8900000/14783371 45:45:25.377
execute circuit 8910000/14783371 45:48:07.832
execute circuit 8920000/14783371 45:51:14.639
execute circuit 8930000/14783371 45:54:35.985
execute circuit 8940000/14783371 45:57:44.440
execute circuit 8950000/14783371 46:00:35.061
execute circuit 8960000/14783371 46:03:28.302
execute circuit 8970000/14783371 46:06:09.004
execute circuit 8980000/14783371 46:08:22.624
execute circuit 8990000/14783371 46:11:09.440
execute circuit 9000000/14783371 46:14:28.814
execute circuit 9010000/14783371 46:16:57.082
execute circuit 9020000/14783371 46:20:01.315
execute circuit 9030000/14783371 46:22:03.976
execute circuit 9040000/14783371 46:24:24.399
execute circuit 9050000/14783371 46:27:43.581
execute circuit 9060000/14783371 46:30:33.604
execute circuit 9070000/14783371 46:33:02.203
execute circuit 9080000/14783371 46:35:37.397
execute circuit 9090000/14783371 46:37:51.886
execute circuit 9100000/14783371 46:41:55.752
execute circuit 9110000/14783371 46:46:52.642
execute circuit 9120000/14783371 46:49:45.251
execute circuit 9130000/14783371 46:52:04.508
execute circuit 9140000/14783371 46:55:55.024
execute circuit 9150000/14783371 47:00:08.423
execute circuit 9160000/14783371 47:03:40.048
execute circuit 9170000/14783371 47:06:44.012
execute circuit 9180000/14783371 47:12:00.128
execute circuit 9190000/14783371 47:16:13.570
execute circuit 9200000/14783371 47:19:48.935
execute circuit 9210000/14783371 47:23:09.084
execute circuit 9220000/14783371 47:26:37.910
execute circuit 9230000/14783371 47:30:18.904
execute circuit 9240000/14783371 47:34:32.099
execute circuit 9250000/14783371 47:38:02.916
execute circuit 9260000/14783371 47:41:46.739
execute circuit 9270000/14783371 47:45:31.615
execute circuit 9280000/14783371 47:49:05.677
execute circuit 9290000/14783371 47:52:39.469
execute circuit 9300000/14783371 47:56:57.422
execute circuit 9310000/14783371 48:01:54.170
execute circuit 9320000/14783371 48:04:44.893
execute circuit 9330000/14783371 48:08:13.057
execute circuit 9340000/14783371 48:12:15.179
execute circuit 9350000/14783371 48:15:53.843
execute circuit 9360000/14783371 48:18:13.383
execute circuit 9370000/14783371 48:21:24.645
execute circuit 9380000/14783371 48:26:23.744
execute circuit 9390000/14783371 48:30:08.646
execute circuit 9400000/14783371 48:32:24.110
execute circuit 9410000/14783371 48:35:02.491
execute circuit 9420000/14783371 48:37:28.957
execute circuit 9430000/14783371 48:40:28.480
execute circuit 9440000/14783371 48:43:40.857
execute circuit 9450000/14783371 48:45:58.607
execute circuit 9460000/14783371 48:48:06.114
execute circuit 9470000/14783371 48:51:09.115
execute circuit 9480000/14783371 48:53:43.690
execute circuit 9490000/14783371 48:57:03.110
execute circuit 9500000/14783371 48:59:43.057
execute circuit 9510000/14783371 49:01:56.691
execute circuit 9520000/14783371 49:04:48.424
execute circuit 9530000/14783371 49:07:31.902
execute circuit 9540000/14783371 49:10:32.801
execute circuit 9550000/14783371 49:13:35.681
execute circuit 9560000/14783371 49:17:07.816
execute circuit 9570000/14783371 49:20:08.509
execute circuit 9580000/14783371 49:22:57.568
execute circuit 9590000/14783371 49:25:45.269
execute circuit 9600000/14783371 49:28:36.828
execute circuit 9610000/14783371 49:31:44.589
execute circuit 9620000/14783371 49:34:37.817
execute circuit 9630000/14783371 49:37:27.627
execute circuit 9640000/14783371 49:40:16.593
execute circuit 9650000/14783371 49:42:57.899
execute circuit 9660000/14783371 49:46:14.580
execute circuit 9670000/14783371 49:49:32.310
execute circuit 9680000/14783371 49:52:44.741
execute circuit 9690000/14783371 49:55:38.150
execute circuit 9700000/14783371 49:58:33.491
execute circuit 9710000/14783371 50:01:07.360
execute circuit 9720000/14783371 50:03:20.984
execute circuit 9730000/14783371 50:06:14.166
execute circuit 9740000/14783371 50:09:34.740
execute circuit 9750000/14783371 50:11:57.985
execute circuit 9760000/14783371 50:14:57.801
execute circuit 9770000/14783371 50:17:05.937
execute circuit 9780000/14783371 50:19:31.038
execute circuit 9790000/14783371 50:22:53.298
execute circuit 9800000/14783371 50:25:40.068
execute circuit 9810000/14783371 50:28:11.171
execute circuit 9820000/14783371 50:30:42.139
execute circuit 9830000/14783371 50:32:57.204
execute circuit 9840000/14783371 50:37:16.256
execute circuit 9850000/14783371 50:42:15.277
execute circuit 9860000/14783371 50:44:55.778
execute circuit 9870000/14783371 50:47:20.476
execute circuit 9880000/14783371 50:51:11.503
execute circuit 9890000/14783371 50:55:06.776
execute circuit 9900000/14783371 50:58:23.097
execute circuit 9910000/14783371 51:01:23.528
execute circuit 9920000/14783371 51:06:32.835
execute circuit 9930000/14783371 51:10:27.062
execute circuit 9940000/14783371 51:13:54.238
execute circuit 9950000/14783371 51:17:14.961
execute circuit 9960000/14783371 51:20:48.051
execute circuit 9970000/14783371 51:24:20.216
execute circuit 9980000/14783371 51:27:49.530
execute circuit 9990000/14783371 51:31:47.398
execute circuit 10000000/14783371 51:35:14.483
execute circuit 10010000/14783371 51:38:35.211
execute circuit 10020000/14783371 51:41:48.657
execute circuit 10030000/14783371 51:45:14.931
execute circuit 10040000/14783371 51:49:42.679
execute circuit 10050000/14783371 51:54:24.706
execute circuit 10060000/14783371 51:57:11.988
execute circuit 10070000/14783371 52:00:48.174
execute circuit 10080000/14783371 52:04:50.040
execute circuit 10090000/14783371 52:08:15.626
execute circuit 10100000/14783371 52:10:40.048
execute circuit 10110000/14783371 52:14:01.774
execute circuit 10120000/14783371 52:19:02.349
execute circuit 10130000/14783371 52:22:33.348
execute circuit 10140000/14783371 52:24:47.319
execute circuit 10150000/14783371 52:27:26.192
execute circuit 10160000/14783371 52:29:51.748
execute circuit 10170000/14783371 52:32:56.506
execute circuit 10180000/14783371 52:36:06.391
execute circuit 10190000/14783371 52:38:23.135
execute circuit 10200000/14783371 52:40:37.675
execute circuit 10210000/14783371 52:43:33.216
execute circuit 10220000/14783371 52:46:13.931
execute circuit 10230000/14783371 52:49:32.268
execute circuit 10240000/14783371 52:52:05.652
execute circuit 10250000/14783371 52:54:19.965
execute circuit 10260000/14783371 52:57:18.790
execute circuit 10270000/14783371 52:59:58.159
execute circuit 10280000/14783371 53:03:00.215
execute circuit 10290000/14783371 53:06:04.523
execute circuit 10300000/14783371 53:09:41.617
execute circuit 10310000/14783371 53:12:49.122
execute circuit 10320000/14783371 53:15:41.487
execute circuit 10330000/14783371 53:18:30.111
execute circuit 10340000/14783371 53:21:21.539
execute circuit 10350000/14783371 53:24:31.163
execute circuit 10360000/14783371 53:27:20.612
execute circuit 10370000/14783371 53:29:55.350
execute circuit 10380000/14783371 53:32:43.106
execute circuit 10390000/14783371 53:35:26.289
execute circuit 10400000/14783371 53:38:46.333
execute circuit 10410000/14783371 53:42:01.786
execute circuit 10420000/14783371 53:45:15.099
execute circuit 10430000/14783371 53:48:03.283
execute circuit 10440000/14783371 53:51:05.321
execute circuit 10450000/14783371 53:53:31.553
execute circuit 10460000/14783371 53:55:45.857
execute circuit 10470000/14783371 53:58:43.569
execute circuit 10480000/14783371 54:02:00.020
execute circuit 10490000/14783371 54:04:24.163
execute circuit 10500000/14783371 54:07:17.084
execute circuit 10510000/14783371 54:09:28.621
execute circuit 10520000/14783371 54:11:59.442
execute circuit 10530000/14783371 54:15:21.482
execute circuit 10540000/14783371 54:18:03.397
execute circuit 10550000/14783371 54:20:41.419
execute circuit 10560000/14783371 54:23:05.226
execute circuit 10570000/14783371 54:25:20.552
execute circuit 10580000/14783371 54:29:54.731
execute circuit 10590000/14783371 54:34:42.415
execute circuit 10600000/14783371 54:37:19.676
execute circuit 10610000/14783371 54:39:46.467
execute circuit 10620000/14783371 54:43:42.352
execute circuit 10630000/14783371 54:47:44.908
execute circuit 10640000/14783371 54:50:56.737
execute circuit 10650000/14783371 54:54:04.710
execute circuit 10660000/14783371 54:59:24.696
execute circuit 10670000/14783371 55:03:07.460
execute circuit 10680000/14783371 55:06:35.234
execute circuit 10690000/14783371 55:09:45.905
execute circuit 10700000/14783371 55:13:11.544
execute circuit 10710000/14783371 55:16:39.354
execute circuit 10720000/14783371 55:20:23.927
execute circuit 10730000/14783371 55:23:51.773
execute circuit 10740000/14783371 55:27:26.469
execute circuit 10750000/14783371 55:30:56.720
execute circuit 10760000/14783371 55:34:16.614
execute circuit 10770000/14783371 55:37:43.193
execute circuit 10780000/14783371 55:42:22.100
execute circuit 10790000/14783371 55:46:53.900
execute circuit 10800000/14783371 55:49:41.093
execute circuit 10810000/14783371 55:53:21.982
execute circuit 10820000/14783371 55:57:22.690
execute circuit 10830000/14783371 56:00:36.865
execute circuit 10840000/14783371 56:03:04.967
execute circuit 10850000/14783371 56:06:39.180
execute circuit 10860000/14783371 56:11:42.023
execute circuit 10870000/14783371 56:14:57.897
execute circuit 10880000/14783371 56:17:11.405
execute circuit 10890000/14783371 56:19:52.072
execute circuit 10900000/14783371 56:22:12.803
execute circuit 10910000/14783371 56:25:26.743
execute circuit 10920000/14783371 56:28:32.374
execute circuit 10930000/14783371 56:30:47.769
execute circuit 10940000/14783371 56:33:10.677
execute circuit 10950000/14783371 56:36:02.996
execute circuit 10960000/14783371 56:38:46.116
execute circuit 10970000/14783371 56:42:04.023
execute circuit 10980000/14783371 56:44:33.381
execute circuit 10990000/14783371 56:46:44.452
execute circuit 11000000/14783371 56:49:46.925
execute circuit 11010000/14783371 56:52:20.423
execute circuit 11020000/14783371 56:55:32.040
execute circuit 11030000/14783371 56:58:35.219
execute circuit 11040000/14783371 57:02:09.486
execute circuit 11050000/14783371 57:05:01.046
execute circuit 11060000/14783371 57:07:53.294
execute circuit 11070000/14783371 57:10:28.143
execute circuit 11080000/14783371 57:13:16.264
execute circuit 11090000/14783371 57:16:25.429
execute circuit 11100000/14783371 57:19:16.113
execute circuit 11110000/14783371 57:21:51.049
execute circuit 11120000/14783371 57:24:39.361
execute circuit 11130000/14783371 57:27:19.738
execute circuit 11140000/14783371 57:30:46.883
execute circuit 11150000/14783371 57:34:01.425
execute circuit 11160000/14783371 57:37:16.088
execute circuit 11170000/14783371 57:40:02.435
execute circuit 11180000/14783371 57:43:07.194
execute circuit 11190000/14783371 57:45:27.289
execute circuit 11200000/14783371 57:47:41.778
execute circuit 11210000/14783371 57:50:45.417
execute circuit 11220000/14783371 57:53:51.547
execute circuit 11230000/14783371 57:56:21.698
execute circuit 11240000/14783371 57:59:12.822
execute circuit 11250000/14783371 58:01:27.211
execute circuit 11260000/14783371 58:04:02.037
execute circuit 11270000/14783371 58:07:20.510
execute circuit 11280000/14783371 58:09:58.774
execute circuit 11290000/14783371 58:12:41.403
execute circuit 11300000/14783371 58:14:58.316
execute circuit 11310000/14783371 58:17:17.753
execute circuit 11320000/14783371 58:22:01.831
execute circuit 11330000/14783371 58:26:38.543
execute circuit 11340000/14783371 58:29:14.114
execute circuit 11350000/14783371 58:31:47.166
execute circuit 11360000/14783371 58:35:44.771
execute circuit 11370000/14783371 58:39:44.951
execute circuit 11380000/14783371 58:42:52.727
execute circuit 11390000/14783371 58:46:08.479
execute circuit 11400000/14783371 58:51:31.965
execute circuit 11410000/14783371 58:55:04.940
execute circuit 11420000/14783371 58:58:32.687
execute circuit 11430000/14783371 59:01:52.709
execute circuit 11440000/14783371 59:05:26.202
execute circuit 11450000/14783371 59:08:54.964
execute circuit 11460000/14783371 59:12:24.835
execute circuit 11470000/14783371 59:16:09.397
execute circuit 11480000/14783371 59:19:31.534
execute circuit 11490000/14783371 59:22:50.897
execute circuit 11500000/14783371 59:26:06.416
execute circuit 11510000/14783371 59:29:30.532
execute circuit 11520000/14783371 59:34:22.267
execute circuit 11530000/14783371 59:38:43.257
execute circuit 11540000/14783371 59:41:28.568
execute circuit 11550000/14783371 59:45:16.867
execute circuit 11560000/14783371 59:49:16.532
execute circuit 11570000/14783371 59:52:19.867
execute circuit 11580000/14783371 59:54:52.114
execute circuit 11590000/14783371 59:58:38.330
execute circuit 11600000/14783371 60:03:35.876
execute circuit 11610000/14783371 60:06:41.415
execute circuit 11620000/14783371 60:08:51.569
execute circuit 11630000/14783371 60:11:35.526
execute circuit 11640000/14783371 60:13:52.388
execute circuit 11650000/14783371 60:17:16.502
execute circuit 11660000/14783371 60:20:16.507
execute circuit 11670000/14783371 60:22:31.760
execute circuit 11680000/14783371 60:25:01.584
execute circuit 11690000/14783371 60:27:46.575
execute circuit 11700000/14783371 60:30:34.068
execute circuit 11710000/14783371 60:33:52.888
execute circuit 11720000/14783371 60:36:16.482
execute circuit 11730000/14783371 60:38:24.728
execute circuit 11740000/14783371 60:41:33.054
execute circuit 11750000/14783371 60:44:04.685
execute circuit 11760000/14783371 60:47:21.616
execute circuit 11770000/14783371 60:50:27.491
execute circuit 11780000/14783371 60:54:01.430
execute circuit 11790000/14783371 60:56:50.943
execute circuit 11800000/14783371 60:59:40.206
execute circuit 11810000/14783371 61:02:14.605
execute circuit 11820000/14783371 61:05:03.738
execute circuit 11830000/14783371 61:08:11.084
execute circuit 11840000/14783371 61:11:09.740
execute circuit 11850000/14783371 61:14:04.813
execute circuit 11860000/14783371 61:17:06.103
execute circuit 11870000/14783371 61:19:56.157
execute circuit 11880000/14783371 61:23:24.823
execute circuit 11890000/14783371 61:26:37.382
execute circuit 11900000/14783371 61:29:51.664
execute circuit 11910000/14783371 61:32:34.631
execute circuit 11920000/14783371 61:35:45.644
execute circuit 11930000/14783371 61:37:57.389
execute circuit 11940000/14783371 61:40:14.829
execute circuit 11950000/14783371 61:43:22.065
execute circuit 11960000/14783371 61:46:24.459
execute circuit 11970000/14783371 61:48:54.737
execute circuit 11980000/14783371 61:51:42.905
execute circuit 11990000/14783371 61:53:56.783
execute circuit 12000000/14783371 61:56:39.336
execute circuit 12010000/14783371 62:00:02.362
execute circuit 12020000/14783371 62:02:32.446
execute circuit 12030000/14783371 62:05:22.569
execute circuit 12040000/14783371 62:07:31.369
execute circuit 12050000/14783371 62:10:00.909
execute circuit 12060000/14783371 62:14:50.911
execute circuit 12070000/14783371 62:19:14.829
execute circuit 12080000/14783371 62:21:50.717
execute circuit 12090000/14783371 62:24:31.604
execute circuit 12100000/14783371 62:28:30.094
execute circuit 12110000/14783371 62:32:27.452
execute circuit 12120000/14783371 62:35:25.390
execute circuit 12130000/14783371 62:38:59.111
execute circuit 12140000/14783371 62:44:23.067
execute circuit 12150000/14783371 62:47:45.283
execute circuit 12160000/14783371 62:51:07.335
execute circuit 12170000/14783371 62:54:21.270
execute circuit 12180000/14783371 62:57:42.921
execute circuit 12190000/14783371 63:01:18.742
execute circuit 12200000/14783371 63:04:57.223
execute circuit 12210000/14783371 63:08:25.334
execute circuit 12220000/14783371 63:11:58.770
execute circuit 12230000/14783371 63:15:27.011
execute circuit 12240000/14783371 63:18:46.588
execute circuit 12250000/14783371 63:22:06.790
execute circuit 12260000/14783371 63:27:09.637
execute circuit 12270000/14783371 63:31:15.500
execute circuit 12280000/14783371 63:34:02.137
execute circuit 12290000/14783371 63:37:55.630
execute circuit 12300000/14783371 63:41:54.053
execute circuit 12310000/14783371 63:44:49.604
execute circuit 12320000/14783371 63:47:22.198
execute circuit 12330000/14783371 63:51:20.472
execute circuit 12340000/14783371 63:56:20.756
execute circuit 12350000/14783371 63:59:09.783
execute circuit 12360000/14783371 64:01:15.670
execute circuit 12370000/14783371 64:04:05.809
execute circuit 12380000/14783371 64:06:25.465
execute circuit 12390000/14783371 64:09:49.083
execute circuit 12400000/14783371 64:12:42.920
execute circuit 12410000/14783371 64:14:58.084
execute circuit 12420000/14783371 64:17:35.262
execute circuit 12430000/14783371 64:20:15.288
execute circuit 12440000/14783371 64:23:07.384
execute circuit 12450000/14783371 64:26:23.243
execute circuit 12460000/14783371 64:28:43.548
execute circuit 12470000/14783371 64:30:47.201
execute circuit 12480000/14783371 64:34:02.052
execute circuit 12490000/14783371 64:36:37.090
execute circuit 12500000/14783371 64:39:52.346
execute circuit 12510000/14783371 64:42:59.553
execute circuit 12520000/14783371 64:46:33.691
execute circuit 12530000/14783371 64:49:24.477
execute circuit 12540000/14783371 64:52:22.380
execute circuit 12550000/14783371 64:55:21.096
execute circuit 12560000/14783371 64:58:18.439
execute circuit 12570000/14783371 65:01:24.521
execute circuit 12580000/14783371 65:04:22.817
execute circuit 12590000/14783371 65:07:18.644
execute circuit 12600000/14783371 65:10:19.414
execute circuit 12610000/14783371 65:13:11.140
execute circuit 12620000/14783371 65:16:40.700
execute circuit 12630000/14783371 65:19:50.570
execute circuit 12640000/14783371 65:23:05.195
execute circuit 12650000/14783371 65:25:44.806
execute circuit 12660000/14783371 65:29:01.559
execute circuit 12670000/14783371 65:31:07.001
execute circuit 12680000/14783371 65:33:25.087
execute circuit 12690000/14783371 65:36:36.985
execute circuit 12700000/14783371 65:39:32.715
execute circuit 12710000/14783371 65:42:07.225
execute circuit 12720000/14783371 65:44:51.154
execute circuit 12730000/14783371 65:47:06.017
execute circuit 12740000/14783371 65:49:53.638
execute circuit 12750000/14783371 65:53:16.475
execute circuit 12760000/14783371 65:55:43.879
execute circuit 12770000/14783371 65:58:39.111
execute circuit 12780000/14783371 66:00:41.113
execute circuit 12790000/14783371 66:03:20.100
execute circuit 12800000/14783371 66:08:12.488
execute circuit 12810000/14783371 66:12:25.027
execute circuit 12820000/14783371 66:15:00.626
execute circuit 12830000/14783371 66:17:47.571
execute circuit 12840000/14783371 66:21:47.242
execute circuit 12850000/14783371 66:25:48.356
execute circuit 12860000/14783371 66:28:41.809
execute circuit 12870000/14783371 66:32:26.893
execute circuit 12880000/14783371 66:37:45.624
execute circuit 12890000/14783371 66:41:01.511
execute circuit 12900000/14783371 66:44:19.447
execute circuit 12910000/14783371 66:47:34.482
execute circuit 12920000/14783371 66:50:56.149
execute circuit 12930000/14783371 66:54:13.049
execute circuit 12940000/14783371 66:57:36.928
execute circuit 12950000/14783371 67:01:01.649
execute circuit 12960000/14783371 67:04:10.807
execute circuit 12970000/14783371 67:07:16.348
execute circuit 12980000/14783371 67:10:33.582
execute circuit 12990000/14783371 67:13:50.112
execute circuit 13000000/14783371 67:19:08.407
execute circuit 13010000/14783371 67:22:55.057
execute circuit 13020000/14783371 67:25:47.476
execute circuit 13030000/14783371 67:29:48.478
execute circuit 13040000/14783371 67:33:46.168
execute circuit 13050000/14783371 67:36:33.440
execute circuit 13060000/14783371 67:39:08.485
execute circuit 13070000/14783371 67:43:07.864
execute circuit 13080000/14783371 67:47:48.192
execute circuit 13090000/14783371 67:50:28.507
execute circuit 13100000/14783371 67:52:30.575
execute circuit 13110000/14783371 67:55:26.034
execute circuit 13120000/14783371 67:57:52.442
execute circuit 13130000/14783371 68:01:16.050
execute circuit 13140000/14783371 68:04:03.339
execute circuit 13150000/14783371 68:06:18.020
execute circuit 13160000/14783371 68:09:01.107
execute circuit 13170000/14783371 68:11:36.764
execute circuit 13180000/14783371 68:14:31.767
execute circuit 13190000/14783371 68:17:43.592
execute circuit 13200000/14783371 68:20:01.706
execute circuit 13210000/14783371 68:22:06.243
execute circuit 13220000/14783371 68:25:22.021
execute circuit 13230000/14783371 68:28:01.686
execute circuit 13240000/14783371 68:31:15.834
execute circuit 13250000/14783371 68:34:25.043
execute circuit 13260000/14783371 68:37:55.531
execute circuit 13270000/14783371 68:40:46.541
execute circuit 13280000/14783371 68:43:45.491
execute circuit 13290000/14783371 68:46:38.852
execute circuit 13300000/14783371 68:49:37.076
execute circuit 13310000/14783371 68:52:40.816
execute circuit 13320000/14783371 68:55:33.078
execute circuit 13330000/14783371 68:58:09.230
execute circuit 13340000/14783371 69:01:03.029
execute circuit 13350000/14783371 69:03:45.065
execute circuit 13360000/14783371 69:07:18.341
execute circuit 13370000/14783371 69:10:25.306
execute circuit 13380000/14783371 69:13:40.871
execute circuit 13390000/14783371 69:16:16.382
execute circuit 13400000/14783371 69:19:31.427
execute circuit 13410000/14783371 69:21:34.732
execute circuit 13420000/14783371 69:23:54.722
execute circuit 13430000/14783371 69:27:10.229
execute circuit 13440000/14783371 69:30:02.069
execute circuit 13450000/14783371 69:32:41.597
execute circuit 13460000/14783371 69:35:19.244
execute circuit 13470000/14783371 69:37:33.203
execute circuit 13480000/14783371 69:40:26.398
execute circuit 13490000/14783371 69:43:49.607
execute circuit 13500000/14783371 69:46:10.440
execute circuit 13510000/14783371 69:48:58.445
execute circuit 13520000/14783371 69:51:01.404
execute circuit 13530000/14783371 69:53:49.735
execute circuit 13540000/14783371 69:58:50.160
execute circuit 13550000/14783371 70:02:48.787
execute circuit 13560000/14783371 70:05:20.795
execute circuit 13570000/14783371 70:08:16.442
execute circuit 13580000/14783371 70:12:14.921
execute circuit 13590000/14783371 70:16:08.969
execute circuit 13600000/14783371 70:18:56.060
execute circuit 13610000/14783371 70:23:00.837
execute circuit 13620000/14783371 70:28:04.648
execute circuit 13630000/14783371 70:31:23.679
execute circuit 13640000/14783371 70:34:39.522
execute circuit 13650000/14783371 70:38:03.615
execute circuit 13660000/14783371 70:41:36.165
execute circuit 13670000/14783371 70:45:44.211
execute circuit 13680000/14783371 70:49:27.499
execute circuit 13690000/14783371 70:53:04.739
execute circuit 13700000/14783371 70:56:48.014
execute circuit 13710000/14783371 71:00:21.115
execute circuit 13720000/14783371 71:03:55.143
execute circuit 13730000/14783371 71:07:30.426
execute circuit 13740000/14783371 71:13:09.683
execute circuit 13750000/14783371 71:16:45.183
execute circuit 13760000/14783371 71:19:51.541
execute circuit 13770000/14783371 71:23:55.798
execute circuit 13780000/14783371 71:28:03.941
execute circuit 13790000/14783371 71:30:46.661
execute circuit 13800000/14783371 71:33:23.146
execute circuit 13810000/14783371 71:37:49.031
execute circuit 13820000/14783371 71:42:41.007
execute circuit 13830000/14783371 71:45:14.060
execute circuit 13840000/14783371 71:47:25.958
execute circuit 13850000/14783371 71:50:23.326
execute circuit 13860000/14783371 71:53:02.787
execute circuit 13870000/14783371 71:57:26.683
execute circuit 13880000/14783371 72:00:55.309
execute circuit 13890000/14783371 72:03:41.269
execute circuit 13900000/14783371 72:07:13.649
execute circuit 13910000/14783371 72:10:36.742
execute circuit 13920000/14783371 72:14:03.769
execute circuit 13930000/14783371 72:17:24.649
execute circuit 13940000/14783371 72:19:53.262
execute circuit 13950000/14783371 72:22:07.368
execute circuit 13960000/14783371 72:25:21.978
execute circuit 13970000/14783371 72:28:06.013
execute circuit 13980000/14783371 72:31:21.920
execute circuit 13990000/14783371 72:34:39.609
execute circuit 14000000/14783371 72:38:12.611
execute circuit 14010000/14783371 72:40:55.353
execute circuit 14020000/14783371 72:43:45.068
execute circuit 14030000/14783371 72:46:18.055
execute circuit 14040000/14783371 72:49:10.699
execute circuit 14050000/14783371 72:52:15.007
execute circuit 14060000/14783371 72:55:07.805
execute circuit 14070000/14783371 72:57:43.170
execute circuit 14080000/14783371 73:00:36.389
execute circuit 14090000/14783371 73:03:24.706
execute circuit 14100000/14783371 73:06:59.008
execute circuit 14110000/14783371 73:10:06.236
execute circuit 14120000/14783371 73:13:24.467
execute circuit 14130000/14783371 73:15:56.611
execute circuit 14140000/14783371 73:19:07.946
execute circuit 14150000/14783371 73:21:17.966
execute circuit 14160000/14783371 73:23:42.254
execute circuit 14170000/14783371 73:27:00.838
execute circuit 14180000/14783371 73:29:48.880
execute circuit 14190000/14783371 73:32:34.568
execute circuit 14200000/14783371 73:35:05.907
execute circuit 14210000/14783371 73:37:21.912
execute circuit 14220000/14783371 73:40:23.679
execute circuit 14230000/14783371 73:43:49.612
execute circuit 14240000/14783371 73:46:07.908
execute circuit 14250000/14783371 73:48:53.713
execute circuit 14260000/14783371 73:51:04.887
execute circuit 14270000/14783371 73:54:10.139
execute circuit 14280000/14783371 73:59:11.366
execute circuit 14290000/14783371 74:03:01.697
execute circuit 14300000/14783371 74:05:36.639
execute circuit 14310000/14783371 74:08:42.739
execute circuit 14320000/14783371 74:12:45.939
execute circuit 14330000/14783371 74:16:38.068
execute circuit 14340000/14783371 74:19:25.095
execute circuit 14350000/14783371 74:23:47.092
execute circuit 14360000/14783371 74:28:41.731
execute circuit 14370000/14783371 74:32:07.386
execute circuit 14380000/14783371 74:35:29.794
execute circuit 14390000/14783371 74:39:00.776
execute circuit 14400000/14783371 74:42:36.089
execute circuit 14410000/14783371 74:46:06.918
execute circuit 14420000/14783371 74:49:50.108
execute circuit 14430000/14783371 74:53:35.254
execute circuit 14440000/14783371 74:57:01.010
execute circuit 14450000/14783371 75:00:12.590
execute circuit 14460000/14783371 75:03:41.584
execute circuit 14470000/14783371 75:07:16.342
execute circuit 14480000/14783371 75:12:44.939
execute circuit 14490000/14783371 75:16:06.669
execute circuit 14500000/14783371 75:19:17.089
execute circuit 14510000/14783371 75:23:22.196
execute circuit 14520000/14783371 75:27:23.871
execute circuit 14530000/14783371 75:30:00.376
execute circuit 14540000/14783371 75:32:39.022
execute circuit 14550000/14783371 75:37:19.742
execute circuit 14560000/14783371 75:42:10.005
execute circuit 14570000/14783371 75:44:33.814
execute circuit 14580000/14783371 75:46:52.075
execute circuit 14590000/14783371 75:49:39.178
execute circuit 14600000/14783371 75:52:18.759
execute circuit 14610000/14783371 75:55:45.489
execute circuit 14620000/14783371 75:58:24.543
execute circuit 14630000/14783371 76:00:41.251
execute circuit 14640000/14783371 76:03:35.486
execute circuit 14650000/14783371 76:06:10.117
execute circuit 14660000/14783371 76:09:19.248
execute circuit 14670000/14783371 76:12:27.835
execute circuit 14680000/14783371 76:14:46.450
execute circuit 14690000/14783371 76:17:10.053
execute circuit 14700000/14783371 76:20:19.600
execute circuit 14710000/14783371 76:23:09.563
execute circuit 14720000/14783371 76:26:29.092
execute circuit 14730000/14783371 76:29:47.402
execute circuit 14740000/14783371 76:33:20.060
execute circuit 14750000/14783371 76:36:06.853
execute circuit 14760000/14783371 76:39:02.723
execute circuit 14770000/14783371 76:41:42.568
execute circuit 14780000/14783371 76:44:39.936
*OK: <00001011010 00110011010 01001111111 01010101111>=1, (639, 687)=True d=756
*OK: <11111100110 01010001000 01001111111 01010101111>=1, (639, 687)=True d=756
*OK: <01011001010 10000111001 01001111111 01010101111>=1, (639, 687)=True d=756
-NG: <00101111100 01101001011 01001111111 01010101111>=1, (639, 687)=True
*OK: <01100001100 10111100100 01001111111 01010101111>=1, (639, 687)=True d=756
*OK: <00000010101 10011011110 01001111111 01010101111>=1, (639, 687)=True d=756
*OK: <01101110010 11000111011 01001111111 01010101111>=1, (639, 687)=True d=756
-NG: <00110001000 11011110010 01001111111 01010101111>=1, (639, 687)=True
*OK: <01010011011 00111100100 01001111111 01010101111>=1, (639, 687)=True d=756
-NG: <10101001110 00100111111 01001111111 01010101111>=1, (639, 687)=True
*OK: <01101111100 00111100101 01001111111 01010101111>=1, (639, 687)=True d=756
*OK: <11111100100 10100000000 01001111111 01010101111>=1, (639, 687)=True d=756
*OK: <01010001110 01100101001 01001111111 01010101111>=1, (639, 687)=True d=756
-NG: <11011000101 00001000011 01001111111 01010101111>=1, (639, 687)=True
*OK: <10000001110 00110000000 01001111111 01010101111>=1, (639, 687)=True d=756
*OK: <11011100000 01111011011 01001111111 01010101111>=1, (639, 687)=True d=756
*OK: <10100101001 10100001011 01001111111 01010101111>=1, (639, 687)=True d=756
*OK: <10101010010 11011000111 01001111111 01010101111>=1, (639, 687)=True d=756
*OK: <01101001000 11011110110 01001111111 01010101111>=1, (639, 687)=True d=756
*OK: <10111011001 10100101110 01001111111 01010101111>=1, (639, 687)=True d=756
*OK: <10111010001 11100001100 01001111111 01010101111>=1, (639, 687)=True d=756
*OK: <10111001100 11001110011 01001111111 01010101111>=1, (639, 687)=True d=756
*OK: <01100001111 00011110110 01001111111 01010101111>=1, (639, 687)=True d=756
*OK: <10010101000 11100111101 01001111111 01010101111>=1, (639, 687)=True d=756
*OK: <01001010100 10100100111 01001111111 01010101111>=1, (639, 687)=True d=756
*OK: <11100111111 11000001111 01001111111 01010101111>=1, (639, 687)=True d=756
*OK: <01101111110 11101101110 01001111111 01010101111>=1, (639, 687)=True d=756
*OK: <11001001111 00111001001 01001111111 01010101111>=1, (639, 687)=True d=756
*OK: <00110111000 10001011001 01001111111 01010101111>=1, (639, 687)=True d=756
*OK: <00101010111 10010011101 01001111111 01010101111>=1, (639, 687)=True d=756
*OK: <00000011110 00010001001 01001111111 01010101111>=1, (639, 687)=True d=756
*OK: <01011110001 00001101101 01001111111 01010101111>=1, (639, 687)=True d=756
*OK: <00010111101 11011011111 01001111111 01010101111>=1, (639, 687)=True d=756
*OK: <11100011100 10011101101 01001111111 01010101111>=1, (639, 687)=True d=756
*OK: <01110100111 00100101010 01001111111 01010101111>=1, (639, 687)=True d=756
*OK: <00110001101 10100010100 01001111111 01010101111>=1, (639, 687)=True d=756
*OK: <11001001010 00100110001 01001111111 01010101111>=1, (639, 687)=True d=756
*OK: <00001100000 11110111101 01001111111 01010101111>=1, (639, 687)=True d=756
*OK: <00001100001 11110111101 01001111111 01010101111>=1, (639, 687)=True d=756
*OK: <10110101100 00001100000 01001111111 01010101111>=1, (639, 687)=True d=756
*OK: <00010000111 11001101000 01001111111 01010101111>=1, (639, 687)=True d=756
*OK: <11011111000 01111001001 01001111111 01010101111>=1, (639, 687)=True d=756
*OK: <00011000101 10100000001 01001111111 01010101111>=1, (639, 687)=True d=756
*OK: <11011010110 00000110001 01001111111 01010101111>=1, (639, 687)=True d=756
*OK: <01011011101 01110001111 01001111111 01010101111>=1, (639, 687)=True d=756
*OK: <00001101101 00011110000 01001111111 01010101111>=1, (639, 687)=True d=756
*OK: <11011100011 11011101011 01001111111 01010101111>=1, (639, 687)=True d=756
*OK: <10110100011 10010110101 01001111111 01010101111>=1, (639, 687)=True d=756
*OK: <11100101110 10001000011 01001111111 01010101111>=1, (639, 687)=True d=756
*OK: <11100011011 10011101101 01001111111 01010101111>=1, (639, 687)=True d=756
*OK: <11110011111 00001000100 01001111111 01010101111>=1, (639, 687)=True d=756
*OK: <11001100000 01110010110 01001111111 01010101111>=1, (639, 687)=True d=756
*OK: <11000010111 01111001001 01001111111 01010101111>=1, (639, 687)=True d=756
*OK: <10101101100 10000111111 01001111111 01010101111>=1, (639, 687)=True d=756
-NG: <11100011010 11101100001 01001111111 01010101111>=1, (639, 687)=True
*OK: <10001110111 11101011111 01001111111 01010101111>=1, (639, 687)=True d=756
-NG: <01111101000 10111100110 01001111111 01010101111>=1, (639, 687)=True
*OK: <01101110010 11000111010 01001111111 01010101111>=1, (639, 687)=True d=756
*OK: <00000111100 00100010010 01001111111 01010101111>=1, (639, 687)=True d=756
*OK: <11111100010 11101110111 01001111111 01010101111>=1, (639, 687)=True d=756
*OK: <10100011000 01100111110 01001111111 01010101111>=1, (639, 687)=True d=756
*OK: <10011000000 11100101101 01001111111 01010101111>=1, (639, 687)=True d=756
*OK: <11011010010 10100011111 01001111111 01010101111>=1, (639, 687)=True d=756
*OK: <01110100011 11000011001 01001111111 01010101111>=1, (639, 687)=True d=756
-NG: <00100011001 10111110110 01001111111 01010101111>=1, (639, 687)=True
*OK: <00110000111 10001111011 01001111111 01010101111>=1, (639, 687)=True d=756
*OK: <01011000100 01110100000 01001111111 01010101111>=1, (639, 687)=True d=756
*OK: <11110100110 11001100110 01001111111 01010101111>=1, (639, 687)=True d=756
*OK: <01001000011 10111010000 01001111111 01010101111>=1, (639, 687)=True d=756
*OK: <10001111101 11111111001 01001111111 01010101111>=1, (639, 687)=True d=756
*OK: <00110110101 00101001000 01001111111 01010101111>=1, (639, 687)=True d=756
-NG: <10001100000 00111100111 01001111111 01010101111>=1, (639, 687)=True
*OK: <01011010111 01011110101 01001111111 01010101111>=1, (639, 687)=True d=756
*OK: <10001011111 11101101111 01001111111 01010101111>=1, (639, 687)=True d=756
*OK: <10011100010 01011000110 01001111111 01010101111>=1, (639, 687)=True d=756
*OK: <00011111011 10101111010 01001111111 01010101111>=1, (639, 687)=True d=756
-NG: <01111000100 00001111111 01001111111 01010101111>=1, (639, 687)=True
*OK: <11010111110 00001000010 01001111111 01010101111>=1, (639, 687)=True d=756
*OK: <00001111000 01000100011 01001111111 01010101111>=1, (639, 687)=True d=756
*OK: <00100001110 10011001111 01001111111 01010101111>=1, (639, 687)=True d=756
*OK: <00101001010 01101101001 01001111111 01010101111>=1, (639, 687)=True d=756
*OK: <00100101111 00001101001 01001111111 01010101111>=1, (639, 687)=True d=756
*OK: <10101011010 10011101001 01001111111 01010101111>=1, (639, 687)=True d=756
-NG: <11110111010 11001010101 01001111111 01010101111>=1, (639, 687)=True
*OK: <01111111111 10100111100 01001111111 01010101111>=1, (639, 687)=True d=756
-NG: <11011010101 10100100000 01001111111 01010101111>=1, (639, 687)=True
*OK: <01011001110 11101001010 01001111111 01010101111>=1, (639, 687)=True d=756
*OK: <10101111101 11000001100 01001111111 01010101111>=1, (639, 687)=True d=756
*OK: <10100111010 11011011000 01001111111 01010101111>=1, (639, 687)=True d=756
*OK: <01101111000 11011010100 01001111111 01010101111>=1, (639, 687)=True d=756
*OK: <11110000100 01011001100 01001111111 01010101111>=1, (639, 687)=True d=756
*OK: <00010010000 01000010010 01001111111 01010101111>=1, (639, 687)=True d=756
*OK: <11101000001 01110011000 01001111111 01010101111>=1, (639, 687)=True d=756
*OK: <11010101001 01101100011 01001111111 01010101111>=1, (639, 687)=True d=756
-NG: <00011110101 10001000110 01001111111 01010101111>=1, (639, 687)=True
*OK: <01001101000 10001111100 01001111111 01010101111>=1, (639, 687)=True d=756
*OK: <11001111110 10000011111 01001111111 01010101111>=1, (639, 687)=True d=756
*OK: <01001000001 00001001001 01001111111 01010101111>=1, (639, 687)=True d=756
*OK: <00111100001 11000010101 01001111111 01010101111>=1, (639, 687)=True d=756
*OK: <00101000000 01000110110 01001111111 01010101111>=1, (639, 687)=True d=756
Success: d=756 count=88
