bit_length=11 prime=1051 G=(471, 914) n=1093 Q=(179, 86)
Creating Quantum Circuit
(1/11)
(2/11)
(3/11)
(4/11)
(5/11)
(6/11)
(7/11)
(8/11)
(9/11)
(10/11)
Complete aG+bQ
Complete Quantum Circuit 435.467[s]
  qubit_size=291 gate_count=6937706 depth=6901693
execute circuit 10000/6937708 2:51.651
execute circuit 20000/6937708 5:40.875
execute circuit 30000/6937708 7:51.851
execute circuit 40000/6937708 9:57.930
execute circuit 50000/6937708 12:32.395
execute circuit 60000/6937708 14:33.708
execute circuit 70000/6937708 17:06.696
execute circuit 80000/6937708 19:20.283
execute circuit 90000/6937708 21:28.116
execute circuit 100000/6937708 24:17.345
execute circuit 110000/6937708 27:20.806
execute circuit 120000/6937708 30:20.710
execute circuit 130000/6937708 33:22.244
execute circuit 140000/6937708 36:37.255
execute circuit 150000/6937708 39:34.139
execute circuit 160000/6937708 42:23.379
execute circuit 170000/6937708 44:57.354
execute circuit 180000/6937708 47:34.151
execute circuit 190000/6937708 50:09.221
execute circuit 200000/6937708 52:41.460
execute circuit 210000/6937708 55:04.979
execute circuit 220000/6937708 58:10.581
execute circuit 230000/6937708 1:01:03.206
execute circuit 240000/6937708 1:04:07.036
execute circuit 250000/6937708 1:07:09.974
execute circuit 260000/6937708 1:10:03.059
execute circuit 270000/6937708 1:12:55.149
execute circuit 280000/6937708 1:15:25.892
execute circuit 290000/6937708 1:17:27.872
execute circuit 300000/6937708 1:20:08.768
execute circuit 310000/6937708 1:22:17.253
execute circuit 320000/6937708 1:24:22.686
execute circuit 330000/6937708 1:26:55.334
execute circuit 340000/6937708 1:28:54.485
execute circuit 350000/6937708 1:31:35.236
execute circuit 360000/6937708 1:34:11.271
execute circuit 370000/6937708 1:36:56.187
execute circuit 380000/6937708 1:39:44.287
execute circuit 390000/6937708 1:42:37.619
execute circuit 400000/6937708 1:44:42.150
execute circuit 410000/6937708 1:47:25.164
execute circuit 420000/6937708 1:49:39.221
execute circuit 430000/6937708 1:51:50.758
execute circuit 440000/6937708 1:54:35.098
execute circuit 450000/6937708 1:56:37.777
execute circuit 460000/6937708 1:59:12.649
execute circuit 470000/6937708 2:02:17.672
execute circuit 480000/6937708 2:05:21.422
execute circuit 490000/6937708 2:08:37.653
execute circuit 500000/6937708 2:12:02.869
execute circuit 510000/6937708 2:15:22.330
execute circuit 520000/6937708 2:18:50.740
execute circuit 530000/6937708 2:21:26.571
execute circuit 540000/6937708 2:24:16.661
execute circuit 550000/6937708 2:26:56.309
execute circuit 560000/6937708 2:29:47.280
execute circuit 570000/6937708 2:32:31.130
execute circuit 580000/6937708 2:35:34.201
execute circuit 590000/6937708 2:38:51.193
execute circuit 600000/6937708 2:42:26.359
execute circuit 610000/6937708 2:45:46.084
execute circuit 620000/6937708 2:48:56.471
execute circuit 630000/6937708 2:52:06.388
execute circuit 640000/6937708 2:55:05.686
execute circuit 650000/6937708 2:57:18.176
execute circuit 660000/6937708 2:59:30.645
execute circuit 670000/6937708 3:02:09.827
execute circuit 680000/6937708 3:04:12.838
execute circuit 690000/6937708 3:06:50.898
execute circuit 700000/6937708 3:09:10.179
execute circuit 710000/6937708 3:11:38.142
execute circuit 720000/6937708 3:14:56.660
execute circuit 730000/6937708 3:17:57.616
execute circuit 740000/6937708 3:21:05.474
execute circuit 750000/6937708 3:24:24.441
execute circuit 760000/6937708 3:26:55.242
execute circuit 770000/6937708 3:29:18.463
execute circuit 780000/6937708 3:32:04.402
execute circuit 790000/6937708 3:34:16.305
execute circuit 800000/6937708 3:36:59.404
execute circuit 810000/6937708 3:39:23.082
execute circuit 820000/6937708 3:41:45.000
execute circuit 830000/6937708 3:45:00.687
execute circuit 840000/6937708 3:48:25.231
execute circuit 850000/6937708 3:51:42.008
execute circuit 860000/6937708 3:55:08.694
execute circuit 870000/6937708 3:58:59.451
execute circuit 880000/6937708 4:02:25.132
execute circuit 890000/6937708 4:05:40.618
execute circuit 900000/6937708 4:08:31.734
execute circuit 910000/6937708 4:11:28.020
execute circuit 920000/6937708 4:14:13.568
execute circuit 930000/6937708 4:17:12.520
execute circuit 940000/6937708 4:19:56.946
execute circuit 950000/6937708 4:23:38.339
execute circuit 960000/6937708 4:27:12.292
execute circuit 970000/6937708 4:30:52.162
execute circuit 980000/6937708 4:34:33.590
execute circuit 990000/6937708 4:37:50.992
execute circuit 1000000/6937708 4:41:15.549
execute circuit 1010000/6937708 4:44:13.277
execute circuit 1020000/6937708 4:46:29.556
execute circuit 1030000/6937708 4:49:20.501
execute circuit 1040000/6937708 4:51:45.457
execute circuit 1050000/6937708 4:54:02.794
execute circuit 1060000/6937708 4:56:52.123
execute circuit 1070000/6937708 4:59:01.436
execute circuit 1080000/6937708 5:01:56.000
execute circuit 1090000/6937708 5:04:57.962
execute circuit 1100000/6937708 5:08:07.560
execute circuit 1110000/6937708 5:11:31.111
execute circuit 1120000/6937708 5:14:43.686
execute circuit 1130000/6937708 5:16:59.715
execute circuit 1140000/6937708 5:19:58.979
execute circuit 1150000/6937708 5:22:28.287
execute circuit 1160000/6937708 5:24:55.816
execute circuit 1170000/6937708 5:27:58.695
execute circuit 1180000/6937708 5:30:18.064
execute circuit 1190000/6937708 5:33:10.050
execute circuit 1200000/6937708 5:36:40.959
execute circuit 1210000/6937708 5:40:11.148
execute circuit 1220000/6937708 5:44:00.174
execute circuit 1230000/6937708 5:47:48.156
execute circuit 1240000/6937708 5:51:39.943
execute circuit 1250000/6937708 5:55:37.714
execute circuit 1260000/6937708 5:58:28.041
execute circuit 1270000/6937708 6:01:26.493
execute circuit 1280000/6937708 6:04:14.437
execute circuit 1290000/6937708 6:07:12.170
execute circuit 1300000/6937708 6:10:09.308
execute circuit 1310000/6937708 6:13:42.338
execute circuit 1320000/6937708 6:17:35.349
execute circuit 1330000/6937708 6:21:47.577
execute circuit 1340000/6937708 6:25:31.401
execute circuit 1350000/6937708 6:29:07.031
execute circuit 1360000/6937708 6:32:42.033
execute circuit 1370000/6937708 6:36:02.375
execute circuit 1380000/6937708 6:38:32.335
execute circuit 1390000/6937708 6:41:01.879
execute circuit 1400000/6937708 6:43:57.970
execute circuit 1410000/6937708 6:46:16.664
execute circuit 1420000/6937708 6:49:13.472
execute circuit 1430000/6937708 6:51:41.982
execute circuit 1440000/6937708 6:54:05.094
execute circuit 1450000/6937708 6:57:25.486
execute circuit 1460000/6937708 7:00:42.748
execute circuit 1470000/6937708 7:03:57.780
execute circuit 1480000/6937708 7:07:14.717
execute circuit 1490000/6937708 7:09:46.557
execute circuit 1500000/6937708 7:12:11.471
execute circuit 1510000/6937708 7:15:14.400
execute circuit 1520000/6937708 7:17:33.152
execute circuit 1530000/6937708 7:20:26.619
execute circuit 1540000/6937708 7:23:03.867
execute circuit 1550000/6937708 7:25:32.412
execute circuit 1560000/6937708 7:28:52.610
execute circuit 1570000/6937708 7:32:29.966
execute circuit 1580000/6937708 7:35:58.568
execute circuit 1590000/6937708 7:39:43.472
execute circuit 1600000/6937708 7:43:56.854
execute circuit 1610000/6937708 7:47:48.898
execute circuit 1620000/6937708 7:51:19.261
execute circuit 1630000/6937708 7:54:07.932
execute circuit 1640000/6937708 7:57:07.325
execute circuit 1650000/6937708 7:59:58.247
execute circuit 1660000/6937708 8:03:03.253
execute circuit 1670000/6937708 8:05:47.771
execute circuit 1680000/6937708 8:09:41.477
execute circuit 1690000/6937708 8:13:34.589
execute circuit 1700000/6937708 8:17:29.557
execute circuit 1710000/6937708 8:21:17.845
execute circuit 1720000/6937708 8:24:45.410
execute circuit 1730000/6937708 8:28:18.335
execute circuit 1740000/6937708 8:31:17.531
execute circuit 1750000/6937708 8:33:37.858
execute circuit 1760000/6937708 8:36:36.663
execute circuit 1770000/6937708 8:39:09.996
execute circuit 1780000/6937708 8:41:31.902
execute circuit 1790000/6937708 8:44:37.944
execute circuit 1800000/6937708 8:46:53.195
execute circuit 1810000/6937708 8:49:58.347
execute circuit 1820000/6937708 8:53:06.181
execute circuit 1830000/6937708 8:56:24.529
execute circuit 1840000/6937708 8:59:37.275
execute circuit 1850000/6937708 9:02:48.693
execute circuit 1860000/6937708 9:05:00.927
execute circuit 1870000/6937708 9:07:49.869
execute circuit 1880000/6937708 9:10:18.246
execute circuit 1890000/6937708 9:12:37.728
execute circuit 1900000/6937708 9:15:48.103
execute circuit 1910000/6937708 9:18:05.947
execute circuit 1920000/6937708 9:20:59.028
execute circuit 1930000/6937708 9:24:24.843
execute circuit 1940000/6937708 9:27:54.471
execute circuit 1950000/6937708 9:31:44.922
execute circuit 1960000/6937708 9:35:45.507
execute circuit 1970000/6937708 9:39:52.262
execute circuit 1980000/6937708 9:44:05.291
execute circuit 1990000/6937708 9:47:09.344
execute circuit 2000000/6937708 9:50:18.656
execute circuit 2010000/6937708 9:53:10.351
execute circuit 2020000/6937708 9:56:11.256
execute circuit 2030000/6937708 9:59:09.771
execute circuit 2040000/6937708 10:02:39.993
execute circuit 2050000/6937708 10:06:33.586
execute circuit 2060000/6937708 10:10:46.968
execute circuit 2070000/6937708 10:14:39.125
execute circuit 2080000/6937708 10:18:19.889
execute circuit 2090000/6937708 10:21:55.528
execute circuit 2100000/6937708 10:25:18.328
execute circuit 2110000/6937708 10:27:53.844
execute circuit 2120000/6937708 10:30:20.975
execute circuit 2130000/6937708 10:33:27.888
execute circuit 2140000/6937708 10:35:44.052
execute circuit 2150000/6937708 10:38:38.321
execute circuit 2160000/6937708 10:41:14.399
execute circuit 2170000/6937708 10:43:41.422
execute circuit 2180000/6937708 10:47:07.017
execute circuit 2190000/6937708 10:50:24.176
execute circuit 2200000/6937708 10:53:43.821
execute circuit 2210000/6937708 10:57:03.008
execute circuit 2220000/6937708 10:59:34.073
execute circuit 2230000/6937708 11:01:52.041
execute circuit 2240000/6937708 11:04:52.485
execute circuit 2250000/6937708 11:07:06.841
execute circuit 2260000/6937708 11:09:57.258
execute circuit 2270000/6937708 11:12:29.067
execute circuit 2280000/6937708 11:14:50.784
execute circuit 2290000/6937708 11:18:02.747
execute circuit 2300000/6937708 11:21:28.726
execute circuit 2310000/6937708 11:24:53.539
execute circuit 2320000/6937708 11:28:32.677
execute circuit 2330000/6937708 11:32:55.351
execute circuit 2340000/6937708 11:37:01.857
execute circuit 2350000/6937708 11:40:52.540
execute circuit 2360000/6937708 11:43:57.944
execute circuit 2370000/6937708 11:47:00.955
execute circuit 2380000/6937708 11:49:56.114
execute circuit 2390000/6937708 11:52:55.242
execute circuit 2400000/6937708 11:55:42.133
execute circuit 2410000/6937708 11:59:43.365
execute circuit 2420000/6937708 12:03:42.729
execute circuit 2430000/6937708 12:07:45.784
execute circuit 2440000/6937708 12:11:28.768
execute circuit 2450000/6937708 12:14:59.762
execute circuit 2460000/6937708 12:18:29.560
execute circuit 2470000/6937708 12:21:27.401
execute circuit 2480000/6937708 12:23:49.523
execute circuit 2490000/6937708 12:26:47.054
execute circuit 2500000/6937708 12:29:23.164
execute circuit 2510000/6937708 12:31:52.276
execute circuit 2520000/6937708 12:34:55.277
execute circuit 2530000/6937708 12:37:18.077
execute circuit 2540000/6937708 12:40:26.225
execute circuit 2550000/6937708 12:43:43.850
execute circuit 2560000/6937708 12:47:12.544
execute circuit 2570000/6937708 12:50:35.797
execute circuit 2580000/6937708 12:53:55.623
execute circuit 2590000/6937708 12:56:08.824
execute circuit 2600000/6937708 12:58:59.909
execute circuit 2610000/6937708 13:01:27.925
execute circuit 2620000/6937708 13:03:45.819
execute circuit 2630000/6937708 13:06:49.359
execute circuit 2640000/6937708 13:09:05.279
execute circuit 2650000/6937708 13:11:51.211
execute circuit 2660000/6937708 13:15:09.046
execute circuit 2670000/6937708 13:18:26.708
execute circuit 2680000/6937708 13:22:13.662
execute circuit 2690000/6937708 13:26:08.675
execute circuit 2700000/6937708 13:30:10.051
execute circuit 2710000/6937708 13:34:15.823
execute circuit 2720000/6937708 13:37:20.843
execute circuit 2730000/6937708 13:40:21.213
execute circuit 2740000/6937708 13:43:15.238
execute circuit 2750000/6937708 13:46:17.196
execute circuit 2760000/6937708 13:49:14.664
execute circuit 2770000/6937708 13:52:42.519
execute circuit 2780000/6937708 13:56:34.944
execute circuit 2790000/6937708 14:00:43.765
execute circuit 2800000/6937708 14:04:28.890
execute circuit 2810000/6937708 14:07:57.713
execute circuit 2820000/6937708 14:11:23.969
execute circuit 2830000/6937708 14:14:39.356
execute circuit 2840000/6937708 14:17:11.715
execute circuit 2850000/6937708 14:19:32.779
execute circuit 2860000/6937708 14:22:31.872
execute circuit 2870000/6937708 14:24:56.497
execute circuit 2880000/6937708 14:27:50.106
execute circuit 2890000/6937708 14:30:26.741
execute circuit 2900000/6937708 14:32:55.826
execute circuit 2910000/6937708 14:36:22.664
execute circuit 2920000/6937708 14:39:45.912
execute circuit 2930000/6937708 14:43:10.727
execute circuit 2940000/6937708 14:46:29.329
execute circuit 2950000/6937708 14:49:05.776
execute circuit 2960000/6937708 14:51:22.819
execute circuit 2970000/6937708 14:54:21.273
execute circuit 2980000/6937708 14:56:34.372
execute circuit 2990000/6937708 14:59:17.250
execute circuit 3000000/6937708 15:01:49.310
execute circuit 3010000/6937708 15:04:11.829
execute circuit 3020000/6937708 15:07:18.453
execute circuit 3030000/6937708 15:10:45.778
execute circuit 3040000/6937708 15:14:15.333
execute circuit 3050000/6937708 15:17:53.498
execute circuit 3060000/6937708 15:22:07.154
execute circuit 3070000/6937708 15:26:01.670
execute circuit 3080000/6937708 15:29:45.012
execute circuit 3090000/6937708 15:32:37.784
execute circuit 3100000/6937708 15:35:39.967
execute circuit 3110000/6937708 15:38:31.925
execute circuit 3120000/6937708 15:41:36.155
execute circuit 3130000/6937708 15:44:26.284
execute circuit 3140000/6937708 15:48:28.442
execute circuit 3150000/6937708 15:52:25.602
execute circuit 3160000/6937708 15:56:25.304
execute circuit 3170000/6937708 16:00:04.878
execute circuit 3180000/6937708 16:03:25.251
execute circuit 3190000/6937708 16:06:43.998
execute circuit 3200000/6937708 16:09:40.413
execute circuit 3210000/6937708 16:11:56.415
execute circuit 3220000/6937708 16:14:46.068
execute circuit 3230000/6937708 16:17:17.377
execute circuit 3240000/6937708 16:19:34.507
execute circuit 3250000/6937708 16:22:35.678
execute circuit 3260000/6937708 16:24:49.039
execute circuit 3270000/6937708 16:27:41.993
execute circuit 3280000/6937708 16:30:57.187
execute circuit 3290000/6937708 16:34:24.538
execute circuit 3300000/6937708 16:37:40.029
execute circuit 3310000/6937708 16:40:53.921
execute circuit 3320000/6937708 16:43:04.692
execute circuit 3330000/6937708 16:45:50.283
execute circuit 3340000/6937708 16:48:38.571
execute circuit 3350000/6937708 16:51:00.848
execute circuit 3360000/6937708 16:54:12.344
execute circuit 3370000/6937708 16:56:32.355
execute circuit 3380000/6937708 16:59:26.571
execute circuit 3390000/6937708 17:02:51.124
execute circuit 3400000/6937708 17:06:18.778
execute circuit 3410000/6937708 17:10:09.885
execute circuit 3420000/6937708 17:14:10.771
execute circuit 3430000/6937708 17:18:22.407
execute circuit 3440000/6937708 17:22:39.072
execute circuit 3450000/6937708 17:25:49.934
execute circuit 3460000/6937708 17:28:57.174
execute circuit 3470000/6937708 17:31:53.892
execute circuit 3480000/6937708 17:34:56.246
execute circuit 3490000/6937708 17:37:54.040
execute circuit 3500000/6937708 17:41:25.080
execute circuit 3510000/6937708 17:45:37.735
execute circuit 3520000/6937708 17:49:57.042
execute circuit 3530000/6937708 17:53:49.561
execute circuit 3540000/6937708 17:57:24.916
execute circuit 3550000/6937708 18:00:50.222
execute circuit 3560000/6937708 18:04:07.519
execute circuit 3570000/6937708 18:06:42.773
execute circuit 3580000/6937708 18:09:00.391
execute circuit 3590000/6937708 18:11:59.547
execute circuit 3600000/6937708 18:14:16.774
execute circuit 3610000/6937708 18:17:03.176
execute circuit 3620000/6937708 18:19:36.100
execute circuit 3630000/6937708 18:21:57.614
execute circuit 3640000/6937708 18:25:18.077
execute circuit 3650000/6937708 18:28:43.173
execute circuit 3660000/6937708 18:32:10.225
execute circuit 3670000/6937708 18:35:29.373
execute circuit 3680000/6937708 18:38:07.972
execute circuit 3690000/6937708 18:40:24.801
execute circuit 3700000/6937708 18:43:29.359
execute circuit 3710000/6937708 18:45:45.608
execute circuit 3720000/6937708 18:48:31.505
execute circuit 3730000/6937708 18:51:08.318
execute circuit 3740000/6937708 18:53:32.030
execute circuit 3750000/6937708 18:56:39.078
execute circuit 3760000/6937708 19:00:06.088
execute circuit 3770000/6937708 19:03:30.902
execute circuit 3780000/6937708 19:07:08.412
execute circuit 3790000/6937708 19:11:21.754
execute circuit 3800000/6937708 19:15:16.866
execute circuit 3810000/6937708 19:19:02.659
execute circuit 3820000/6937708 19:21:56.791
execute circuit 3830000/6937708 19:24:59.334
execute circuit 3840000/6937708 19:27:51.508
execute circuit 3850000/6937708 19:30:55.535
execute circuit 3860000/6937708 19:33:47.258
execute circuit 3870000/6937708 19:37:49.277
execute circuit 3880000/6937708 19:41:50.915
execute circuit 3890000/6937708 19:45:58.280
execute circuit 3900000/6937708 19:49:40.816
execute circuit 3910000/6937708 19:53:06.867
execute circuit 3920000/6937708 19:56:26.614
execute circuit 3930000/6937708 19:59:23.152
execute circuit 3940000/6937708 20:01:39.603
execute circuit 3950000/6937708 20:04:25.311
execute circuit 3960000/6937708 20:06:57.415
execute circuit 3970000/6937708 20:09:10.509
execute circuit 3980000/6937708 20:12:09.509
execute circuit 3990000/6937708 20:14:22.854
execute circuit 4000000/6937708 20:17:15.401
execute circuit 4010000/6937708 20:20:31.120
execute circuit 4020000/6937708 20:23:55.633
execute circuit 4030000/6937708 20:27:10.821
execute circuit 4040000/6937708 20:30:28.332
execute circuit 4050000/6937708 20:32:40.600
execute circuit 4060000/6937708 20:35:23.553
execute circuit 4070000/6937708 20:37:56.711
execute circuit 4080000/6937708 20:40:14.680
execute circuit 4090000/6937708 20:43:17.033
execute circuit 4100000/6937708 20:45:34.220
execute circuit 4110000/6937708 20:48:16.808
execute circuit 4120000/6937708 20:51:35.297
execute circuit 4130000/6937708 20:54:55.338
execute circuit 4140000/6937708 20:58:35.950
execute circuit 4150000/6937708 21:02:28.691
execute circuit 4160000/6937708 21:06:25.541
execute circuit 4170000/6937708 21:10:30.046
execute circuit 4180000/6937708 21:13:34.220
execute circuit 4190000/6937708 21:16:31.349
execute circuit 4200000/6937708 21:19:25.399
execute circuit 4210000/6937708 21:22:25.178
execute circuit 4220000/6937708 21:25:22.434
execute circuit 4230000/6937708 21:28:48.655
execute circuit 4240000/6937708 21:32:53.175
execute circuit 4250000/6937708 21:37:02.044
execute circuit 4260000/6937708 21:40:51.732
execute circuit 4270000/6937708 21:44:27.459
execute circuit 4280000/6937708 21:47:54.562
execute circuit 4290000/6937708 21:51:12.382
execute circuit 4300000/6937708 21:53:49.867
execute circuit 4310000/6937708 21:56:07.538
execute circuit 4320000/6937708 21:59:05.434
execute circuit 4330000/6937708 22:01:19.583
execute circuit 4340000/6937708 22:04:00.391
execute circuit 4350000/6937708 22:06:30.831
execute circuit 4360000/6937708 22:08:46.693
execute circuit 4370000/6937708 22:12:04.826
execute circuit 4380000/6937708 22:15:26.796
execute circuit 4390000/6937708 22:18:52.515
execute circuit 4400000/6937708 22:22:08.713
execute circuit 4410000/6937708 22:24:47.681
execute circuit 4420000/6937708 22:27:00.428
execute circuit 4430000/6937708 22:30:04.872
execute circuit 4440000/6937708 22:32:17.918
execute circuit 4450000/6937708 22:35:02.145
execute circuit 4460000/6937708 22:37:39.146
execute circuit 4470000/6937708 22:40:01.863
execute circuit 4480000/6937708 22:43:06.764
execute circuit 4490000/6937708 22:46:37.063
execute circuit 4500000/6937708 22:50:05.395
execute circuit 4510000/6937708 22:53:42.782
execute circuit 4520000/6937708 22:57:56.779
execute circuit 4530000/6937708 23:01:52.068
execute circuit 4540000/6937708 23:05:39.047
execute circuit 4550000/6937708 23:08:30.354
execute circuit 4560000/6937708 23:11:31.343
execute circuit 4570000/6937708 23:14:21.195
execute circuit 4580000/6937708 23:17:24.119
execute circuit 4590000/6937708 23:20:16.218
execute circuit 4600000/6937708 23:24:18.917
execute circuit 4610000/6937708 23:28:21.307
execute circuit 4620000/6937708 23:32:32.303
execute circuit 4630000/6937708 23:36:12.938
execute circuit 4640000/6937708 23:39:40.129
execute circuit 4650000/6937708 23:43:05.437
execute circuit 4660000/6937708 23:46:06.487
execute circuit 4670000/6937708 23:48:26.797
execute circuit 4680000/6937708 23:51:13.824
execute circuit 4690000/6937708 23:53:49.780
execute circuit 4700000/6937708 23:56:05.937
execute circuit 4710000/6937708 23:59:02.994
execute circuit 4720000/6937708 24:01:15.200
execute circuit 4730000/6937708 24:04:04.760
execute circuit 4740000/6937708 24:07:17.981
execute circuit 4750000/6937708 24:10:40.139
execute circuit 4760000/6937708 24:13:53.284
execute circuit 4770000/6937708 24:17:10.940
execute circuit 4780000/6937708 24:19:24.557
execute circuit 4790000/6937708 24:22:05.231
execute circuit 4800000/6937708 24:24:38.952
execute circuit 4810000/6937708 24:26:55.475
execute circuit 4820000/6937708 24:29:59.414
execute circuit 4830000/6937708 24:32:15.033
execute circuit 4840000/6937708 24:34:59.842
execute circuit 4850000/6937708 24:38:18.598
execute circuit 4860000/6937708 24:41:42.065
execute circuit 4870000/6937708 24:45:25.349
execute circuit 4880000/6937708 24:49:20.308
execute circuit 4890000/6937708 24:53:23.205
execute circuit 4900000/6937708 24:57:30.325
execute circuit 4910000/6937708 25:00:37.105
execute circuit 4920000/6937708 25:03:36.448
execute circuit 4930000/6937708 25:06:30.798
execute circuit 4940000/6937708 25:09:29.741
execute circuit 4950000/6937708 25:12:27.951
execute circuit 4960000/6937708 25:15:49.263
execute circuit 4970000/6937708 25:19:54.727
execute circuit 4980000/6937708 25:23:59.963
execute circuit 4990000/6937708 25:27:49.447
execute circuit 5000000/6937708 25:31:26.376
execute circuit 5010000/6937708 25:34:53.366
execute circuit 5020000/6937708 25:38:10.816
execute circuit 5030000/6937708 25:40:47.675
execute circuit 5040000/6937708 25:43:04.529
execute circuit 5050000/6937708 25:46:06.890
execute circuit 5060000/6937708 25:48:23.474
execute circuit 5070000/6937708 25:51:03.905
execute circuit 5080000/6937708 25:53:37.463
execute circuit 5090000/6937708 25:55:52.717
execute circuit 5100000/6937708 25:59:13.710
execute circuit 5110000/6937708 26:02:29.677
execute circuit 5120000/6937708 26:05:56.165
execute circuit 5130000/6937708 26:09:10.903
execute circuit 5140000/6937708 26:11:48.390
execute circuit 5150000/6937708 26:13:57.885
execute circuit 5160000/6937708 26:17:02.102
execute circuit 5170000/6937708 26:19:17.164
execute circuit 5180000/6937708 26:21:58.925
execute circuit 5190000/6937708 26:24:38.494
execute circuit 5200000/6937708 26:27:00.026
execute circuit 5210000/6937708 26:30:05.514
execute circuit 5220000/6937708 26:33:34.847
execute circuit 5230000/6937708 26:37:02.458
execute circuit 5240000/6937708 26:40:40.069
execute circuit 5250000/6937708 26:44:54.809
execute circuit 5260000/6937708 26:48:53.164
execute circuit 5270000/6937708 26:52:45.194
execute circuit 5280000/6937708 26:55:38.818
execute circuit 5290000/6937708 26:58:40.873
execute circuit 5300000/6937708 27:01:29.320
execute circuit 5310000/6937708 27:04:30.820
execute circuit 5320000/6937708 27:07:20.245
execute circuit 5330000/6937708 27:11:18.969
execute circuit 5340000/6937708 27:15:17.049
execute circuit 5350000/6937708 27:19:24.924
execute circuit 5360000/6937708 27:23:03.185
execute circuit 5370000/6937708 27:26:28.491
execute circuit 5380000/6937708 27:29:52.078
execute circuit 5390000/6937708 27:32:54.373
execute circuit 5400000/6937708 27:35:15.647
execute circuit 5410000/6937708 27:38:01.792
execute circuit 5420000/6937708 27:40:36.814
execute circuit 5430000/6937708 27:42:52.167
execute circuit 5440000/6937708 27:45:54.665
execute circuit 5450000/6937708 27:48:08.450
execute circuit 5460000/6937708 27:50:58.441
execute circuit 5470000/6937708 27:54:17.320
execute circuit 5480000/6937708 27:57:41.575
execute circuit 5490000/6937708 28:00:54.274
execute circuit 5500000/6937708 28:04:11.809
execute circuit 5510000/6937708 28:06:23.286
execute circuit 5520000/6937708 28:09:02.783
execute circuit 5530000/6937708 28:11:33.593
execute circuit 5540000/6937708 28:13:48.933
execute circuit 5550000/6937708 28:16:51.858
execute circuit 5560000/6937708 28:19:07.179
execute circuit 5570000/6937708 28:21:48.079
execute circuit 5580000/6937708 28:25:05.305
execute circuit 5590000/6937708 28:28:26.459
execute circuit 5600000/6937708 28:32:10.788
execute circuit 5610000/6937708 28:36:05.176
execute circuit 5620000/6937708 28:40:05.717
execute circuit 5630000/6937708 28:44:14.445
execute circuit 5640000/6937708 28:47:27.211
execute circuit 5650000/6937708 28:50:27.052
execute circuit 5660000/6937708 28:53:22.882
execute circuit 5670000/6937708 28:56:22.005
execute circuit 5680000/6937708 28:59:19.414
execute circuit 5690000/6937708 29:02:37.125
execute circuit 5700000/6937708 29:06:37.937
execute circuit 5710000/6937708 29:10:37.917
execute circuit 5720000/6937708 29:14:22.522
execute circuit 5730000/6937708 29:17:58.181
execute circuit 5740000/6937708 29:21:21.319
execute circuit 5750000/6937708 29:24:37.339
execute circuit 5760000/6937708 29:27:14.583
execute circuit 5770000/6937708 29:29:28.394
execute circuit 5780000/6937708 29:32:30.104
execute circuit 5790000/6937708 29:34:46.636
execute circuit 5800000/6937708 29:37:25.249
execute circuit 5810000/6937708 29:40:00.007
execute circuit 5820000/6937708 29:42:13.366
execute circuit 5830000/6937708 29:45:36.204
execute circuit 5840000/6937708 29:48:53.661
execute circuit 5850000/6937708 29:52:17.004
execute circuit 5860000/6937708 29:55:32.425
execute circuit 5870000/6937708 29:58:14.059
execute circuit 5880000/6937708 30:00:25.910
execute circuit 5890000/6937708 30:03:24.662
execute circuit 5900000/6937708 30:05:37.916
execute circuit 5910000/6937708 30:08:14.698
execute circuit 5920000/6937708 30:10:51.388
execute circuit 5930000/6937708 30:13:10.502
execute circuit 5940000/6937708 30:16:13.206
execute circuit 5950000/6937708 30:19:38.637
execute circuit 5960000/6937708 30:23:04.470
execute circuit 5970000/6937708 30:26:41.409
execute circuit 5980000/6937708 30:30:59.510
execute circuit 5990000/6937708 30:34:58.643
execute circuit 6000000/6937708 30:38:53.339
execute circuit 6010000/6937708 30:41:44.007
execute circuit 6020000/6937708 30:44:45.813
execute circuit 6030000/6937708 30:47:39.492
execute circuit 6040000/6937708 30:50:43.142
execute circuit 6050000/6937708 30:53:33.219
execute circuit 6060000/6937708 30:57:32.920
execute circuit 6070000/6937708 31:01:32.611
execute circuit 6080000/6937708 31:05:38.753
execute circuit 6090000/6937708 31:09:14.104
execute circuit 6100000/6937708 31:12:38.606
execute circuit 6110000/6937708 31:15:59.368
execute circuit 6120000/6937708 31:18:59.313
execute circuit 6130000/6937708 31:21:17.730
execute circuit 6140000/6937708 31:24:02.225
execute circuit 6150000/6937708 31:26:38.713
execute circuit 6160000/6937708 31:28:53.200
execute circuit 6170000/6937708 31:31:57.063
execute circuit 6180000/6937708 31:34:10.348
execute circuit 6190000/6937708 31:36:54.976
execute circuit 6200000/6937708 31:40:10.814
execute circuit 6210000/6937708 31:43:34.758
execute circuit 6220000/6937708 31:46:50.106
execute circuit 6230000/6937708 31:50:12.936
execute circuit 6240000/6937708 31:52:25.941
execute circuit 6250000/6937708 31:55:04.785
execute circuit 6260000/6937708 31:57:40.646
execute circuit 6270000/6937708 31:59:58.903
execute circuit 6280000/6937708 32:03:00.631
execute circuit 6290000/6937708 32:05:14.971
execute circuit 6300000/6937708 32:07:52.514
execute circuit 6310000/6937708 32:11:08.286
execute circuit 6320000/6937708 32:14:24.857
execute circuit 6330000/6937708 32:18:03.813
execute circuit 6340000/6937708 32:21:54.902
execute circuit 6350000/6937708 32:25:58.463
execute circuit 6360000/6937708 32:30:07.168
execute circuit 6370000/6937708 32:33:21.652
execute circuit 6380000/6937708 32:36:21.370
execute circuit 6390000/6937708 32:39:19.139
execute circuit 6400000/6937708 32:42:16.866
execute circuit 6410000/6937708 32:45:13.932
execute circuit 6420000/6937708 32:48:29.983
execute circuit 6430000/6937708 32:52:37.762
execute circuit 6440000/6937708 32:56:42.551
execute circuit 6450000/6937708 33:00:33.177
execute circuit 6460000/6937708 33:04:11.408
execute circuit 6470000/6937708 33:07:29.166
execute circuit 6480000/6937708 33:10:43.584
execute circuit 6490000/6937708 33:13:21.343
execute circuit 6500000/6937708 33:15:33.630
execute circuit 6510000/6937708 33:18:36.481
execute circuit 6520000/6937708 33:20:51.095
execute circuit 6530000/6937708 33:23:30.394
execute circuit 6540000/6937708 33:26:06.654
execute circuit 6550000/6937708 33:28:21.028
execute circuit 6560000/6937708 33:31:44.285
execute circuit 6570000/6937708 33:34:59.231
execute circuit 6580000/6937708 33:38:22.224
execute circuit 6590000/6937708 33:41:38.054
execute circuit 6600000/6937708 33:44:21.043
execute circuit 6610000/6937708 33:46:33.585
execute circuit 6620000/6937708 33:49:37.403
execute circuit 6630000/6937708 33:51:50.763
execute circuit 6640000/6937708 33:54:29.831
execute circuit 6650000/6937708 33:57:09.562
execute circuit 6660000/6937708 33:59:30.015
execute circuit 6670000/6937708 34:02:35.509
execute circuit 6680000/6937708 34:05:55.983
execute circuit 6690000/6937708 34:09:20.086
execute circuit 6700000/6937708 34:12:52.456
execute circuit 6710000/6937708 34:17:05.331
execute circuit 6720000/6937708 34:20:59.215
execute circuit 6730000/6937708 34:24:56.167
execute circuit 6740000/6937708 34:27:46.599
execute circuit 6750000/6937708 34:30:49.436
execute circuit 6760000/6937708 34:33:43.573
execute circuit 6770000/6937708 34:36:47.810
execute circuit 6780000/6937708 34:39:38.754
execute circuit 6790000/6937708 34:43:35.954
execute circuit 6800000/6937708 34:47:35.733
execute circuit 6810000/6937708 34:51:39.677
execute circuit 6820000/6937708 34:55:10.325
execute circuit 6830000/6937708 34:58:29.868
execute circuit 6840000/6937708 35:01:46.769
execute circuit 6850000/6937708 35:04:47.525
execute circuit 6860000/6937708 35:07:03.049
execute circuit 6870000/6937708 35:09:40.440
execute circuit 6880000/6937708 35:12:14.942
execute circuit 6890000/6937708 35:14:26.699
execute circuit 6900000/6937708 35:17:26.851
execute circuit 6910000/6937708 35:19:38.058
execute circuit 6920000/6937708 35:22:22.043
execute circuit 6930000/6937708 35:25:37.591
*OK: <11101011111 10000100001 01101000111 01111110111>=2, (839, 1015)=True d=756
*OK: <01100110011 01000011000 01101000111 01111110111>=2, (839, 1015)=True d=756
*OK: <01000000000 11010011110 01101000111 01111110111>=1, (839, 1015)=True d=756
*OK: <01111001100 11111010101 01101000111 01111110111>=1, (839, 1015)=True d=756
*OK: <01100011001 10010100000 01101000111 01111110111>=1, (839, 1015)=True d=756
*OK: <01010100110 01100010111 01101000111 01111110111>=1, (839, 1015)=True d=756
-NG: <01111100011 11100101011 01101000111 01111110111>=1, (839, 1015)=True
*OK: <10111010111 11110100110 01101000111 01111110111>=1, (839, 1015)=True d=756
*OK: <01100010101 00110001110 01101000111 01111110111>=1, (839, 1015)=True d=756
*OK: <00001001011 10101010110 01101000111 01111110111>=1, (839, 1015)=True d=756
*OK: <10111111001 01101000000 01101000111 01111110111>=1, (839, 1015)=True d=756
*OK: <00001010100 00100000001 01101000111 01111110111>=1, (839, 1015)=True d=756
*OK: <11011001001 00101110101 01101000111 01111110111>=1, (839, 1015)=True d=756
*OK: <10000011001 01010110011 01101000111 01111110111>=1, (839, 1015)=True d=756
*OK: <11110011101 01010111011 01101000111 01111110111>=1, (839, 1015)=True d=756
*OK: <01010001100 10110011111 01101000111 01111110111>=1, (839, 1015)=True d=756
*OK: <11010110010 11100001110 01101000111 01111110111>=1, (839, 1015)=True d=756
*OK: <10101001011 00010100101 01101000111 01111110111>=1, (839, 1015)=True d=756
*OK: <10110110100 11010000100 01101000111 01111110111>=1, (839, 1015)=True d=756
*OK: <11001001101 11010111000 01101000111 01111110111>=1, (839, 1015)=True d=756
*OK: <01000011011 00110011110 01101000111 01111110111>=1, (839, 1015)=True d=756
*OK: <01011000100 01110011111 01101000111 01111110111>=1, (839, 1015)=True d=756
*OK: <11100011000 00111011100 01101000111 01111110111>=1, (839, 1015)=True d=756
*OK: <10010111100 10000011011 01101000111 01111110111>=1, (839, 1015)=True d=756
*OK: <11011001110 01000010000 01101000111 01111110111>=1, (839, 1015)=True d=756
*OK: <01011000100 01110100000 01101000111 01111110111>=1, (839, 1015)=True d=756
*OK: <11000111001 11101100011 01101000111 01111110111>=1, (839, 1015)=True d=756
*OK: <01010111111 01100000110 01101000111 01111110111>=1, (839, 1015)=True d=756
*OK: <11101100001 00110101010 01101000111 01111110111>=1, (839, 1015)=True d=756
*OK: <11011001111 01000001111 01101000111 01111110111>=1, (839, 1015)=True d=756
*OK: <01100101011 01111110110 01101000111 01111110111>=1, (839, 1015)=True d=756
*OK: <10010101001 10011000101 01101000111 01111110111>=1, (839, 1015)=True d=756
*OK: <11011101011 10100001101 01101000111 01111110111>=1, (839, 1015)=True d=756
*OK: <00100000101 00100100101 01101000111 01111110111>=1, (839, 1015)=True d=756
*OK: <10001011001 11011010110 01101000111 01111110111>=1, (839, 1015)=True d=756
*OK: <01001001110 11100000100 01101000111 01111110111>=1, (839, 1015)=True d=756
*OK: <00000011100 01100000000 01101000111 01111110111>=1, (839, 1015)=True d=756
-NG: <00111011100 11111000100 01101000111 01111110111>=1, (839, 1015)=True
*OK: <01010010101 00101001010 01101000111 01111110111>=1, (839, 1015)=True d=756
-NG: <01101011101 11101111111 01101000111 01111110111>=1, (839, 1015)=True
*OK: <00000101111 01001010100 01101000111 01111110111>=1, (839, 1015)=True d=756
*OK: <01111000111 11100111011 01101000111 01111110111>=1, (839, 1015)=True d=756
*OK: <10011010111 00110010011 01101000111 01111110111>=1, (839, 1015)=True d=756
*OK: <10101111111 01110010101 01101000111 01111110111>=1, (839, 1015)=True d=756
*OK: <10111000011 01011001000 01101000111 01111110111>=1, (839, 1015)=True d=756
*OK: <10000001110 00110000000 01101000111 01111110111>=1, (839, 1015)=True d=756
*OK: <01110111000 01011110111 01101000111 01111110111>=1, (839, 1015)=True d=756
*OK: <01000010001 00001101011 01101000111 01111110111>=1, (839, 1015)=True d=756
*OK: <00000011010 10101110111 01101000111 01111110111>=1, (839, 1015)=True d=756
*OK: <11111001000 01000000000 01101000111 01111110111>=1, (839, 1015)=True d=756
*OK: <11111010001 10110101010 01101000111 01111110111>=1, (839, 1015)=True d=756
*OK: <10100010111 10110110101 01101000111 01111110111>=1, (839, 1015)=True d=756
*OK: <00010111010 01111001111 01101000111 01111110111>=1, (839, 1015)=True d=756
*OK: <11010100000 11110111001 01101000111 01111110111>=1, (839, 1015)=True d=756
*OK: <11101011101 11010011000 01101000111 01111110111>=1, (839, 1015)=True d=756
*OK: <00010100001 01111011111 01101000111 01111110111>=1, (839, 1015)=True d=756
*OK: <01000011101 11100100111 01101000111 01111110111>=1, (839, 1015)=True d=756
*OK: <11011100001 00101100100 01101000111 01111110111>=1, (839, 1015)=True d=756
-NG: <11010011110 01000100111 01101000111 01111110111>=1, (839, 1015)=True
*OK: <11110100010 01101010101 01101000111 01111110111>=1, (839, 1015)=True d=756
*OK: <11110000101 01011001100 01101000111 01111110111>=1, (839, 1015)=True d=756
*OK: <00111100001 11000010101 01101000111 01111110111>=1, (839, 1015)=True d=756
*OK: <00110100100 11101111011 01101000111 01111110111>=1, (839, 1015)=True d=756
*OK: <11111110111 10001010101 01101000111 01111110111>=1, (839, 1015)=True d=756
*OK: <00001000000 10000100011 01101000111 01111110111>=1, (839, 1015)=True d=756
*OK: <10101100111 01110100101 01101000111 01111110111>=1, (839, 1015)=True d=756
*OK: <01110111011 11000001000 01101000111 01111110111>=1, (839, 1015)=True d=756
*OK: <00100000001 11000010011 01101000111 01111110111>=1, (839, 1015)=True d=756
*OK: <11111101110 00010101011 01101000111 01111110111>=1, (839, 1015)=True d=756
*OK: <11111010101 00010111011 01101000111 01111110111>=1, (839, 1015)=True d=756
*OK: <10101110100 01001100001 01101000111 01111110111>=1, (839, 1015)=True d=756
*OK: <01111010010 00001101111 01101000111 01111110111>=1, (839, 1015)=True d=756
*OK: <00010001010 00101111001 01101000111 01111110111>=1, (839, 1015)=True d=756
*OK: <10011100110 10111010111 01101000111 01111110111>=1, (839, 1015)=True d=756
*OK: <10110000111 00110110111 01101000111 01111110111>=1, (839, 1015)=True d=756
*OK: <00011101110 11010111110 01101000111 01111110111>=1, (839, 1015)=True d=756
*OK: <01000010010 10111110011 01101000111 01111110111>=1, (839, 1015)=True d=756
*OK: <01100111010 01010110010 01101000111 01111110111>=1, (839, 1015)=True d=756
*OK: <01100011010 01000101001 01101000111 01111110111>=1, (839, 1015)=True d=756
*OK: <11001011100 00010000101 01101000111 01111110111>=1, (839, 1015)=True d=756
*OK: <10001011101 00111100111 01101000111 01111110111>=1, (839, 1015)=True d=756
*OK: <10101000111 10110010100 01101000111 01111110111>=1, (839, 1015)=True d=756
*OK: <11110101100 11011111111 01101000111 01111110111>=1, (839, 1015)=True d=756
*OK: <11000100001 11101110100 01101000111 01111110111>=1, (839, 1015)=True d=756
*OK: <10110101010 01011011001 01101000111 01111110111>=1, (839, 1015)=True d=756
*OK: <00101110011 11110011101 01101000111 01111110111>=1, (839, 1015)=True d=756
*OK: <00001010100 00100000010 01101000111 01111110111>=1, (839, 1015)=True d=756
*OK: <01110000101 10110010000 01101000111 01111110111>=1, (839, 1015)=True d=756
*OK: <00000010101 01001100110 01101000111 01111110111>=1, (839, 1015)=True d=756
*OK: <01100101111 11100000111 01101000111 01111110111>=1, (839, 1015)=True d=756
*OK: <00001111100 10100110100 01101000111 01111110111>=1, (839, 1015)=True d=756
*OK: <01000100101 10101001001 01101000111 01111110111>=1, (839, 1015)=True d=756
*OK: <10011100010 01011000110 01101000111 01111110111>=1, (839, 1015)=True d=756
*OK: <11100010000 01110111000 01101000111 01111110111>=1, (839, 1015)=True d=756
-NG: <00000000000 00000000000 01101000111 01111110111>=1, (839, 1015)=True
*OK: <11010010100 11010000110 01101000111 01111110111>=1, (839, 1015)=True d=756
*OK: <11010001011 01011011011 01101000111 01111110111>=1, (839, 1015)=True d=756
-NG: <11100011100 11101011111 01101000111 01111110111>=1, (839, 1015)=True
Success: d=756 count=94
