bit_length=12 prime=2089 G=(1417, 50) n=2143 Q=(1043, 1795)
Creating Quantum Circuit
(1/12)
(2/12)
(3/12)
(4/12)
(5/12)
(6/12)
(7/12)
(8/12)
(9/12)
(10/12)
(11/12)
Complete aG+bQ
Complete Quantum Circuit 631.231[s]
  qubit_size=341 gate_count=9232912 depth=9203552
execute circuit 10000/9232914 12:29.349
execute circuit 20000/9232914 23:55.078
execute circuit 30000/9232914 34:14.157
execute circuit 40000/9232914 45:47.224
execute circuit 50000/9232914 54:07.798
execute circuit 60000/9232914 1:05:38.814
execute circuit 70000/9232914 1:14:55.874
execute circuit 80000/9232914 1:24:36.063
execute circuit 90000/9232914 1:35:24.642
execute circuit 100000/9232914 1:43:58.108
execute circuit 110000/9232914 1:55:20.866
execute circuit 120000/9232914 2:06:37.407
execute circuit 130000/9232914 2:18:16.022
execute circuit 140000/9232914 2:33:11.639
execute circuit 150000/9232914 2:47:28.351
execute circuit 160000/9232914 3:01:28.128
execute circuit 170000/9232914 3:15:18.384
execute circuit 180000/9232914 3:28:41.469
execute circuit 190000/9232914 3:42:47.921
execute circuit 200000/9232914 3:54:06.921
execute circuit 210000/9232914 4:06:57.943
execute circuit 220000/9232914 4:20:37.974
execute circuit 230000/9232914 4:34:21.962
execute circuit 240000/9232914 4:46:58.527
execute circuit 250000/9232914 4:58:29.290
execute circuit 260000/9232914 5:12:48.290
execute circuit 270000/9232914 5:26:12.571
execute circuit 280000/9232914 5:39:26.680
execute circuit 290000/9232914 5:52:42.089
execute circuit 300000/9232914 6:06:21.588
execute circuit 310000/9232914 6:20:56.493
execute circuit 320000/9232914 6:32:43.188
execute circuit 330000/9232914 6:44:33.103
execute circuit 340000/9232914 6:56:33.103
execute circuit 350000/9232914 7:05:40.541
execute circuit 360000/9232914 7:17:07.003
execute circuit 370000/9232914 7:27:04.161
execute circuit 380000/9232914 7:36:57.036
execute circuit 390000/9232914 7:48:44.025
execute circuit 400000/9232914 7:57:25.878
execute circuit 410000/9232914 8:09:45.884
execute circuit 420000/9232914 8:20:35.372
execute circuit 430000/9232914 8:32:43.495
execute circuit 440000/9232914 8:45:02.494
execute circuit 450000/9232914 9:00:13.903
execute circuit 460000/9232914 9:13:08.357
execute circuit 470000/9232914 9:24:36.022
execute circuit 480000/9232914 9:37:14.084
execute circuit 490000/9232914 9:46:22.466
execute circuit 500000/9232914 9:59:06.356
execute circuit 510000/9232914 10:09:16.098
execute circuit 520000/9232914 10:19:56.047
execute circuit 530000/9232914 10:31:42.674
execute circuit 540000/9232914 10:41:48.236
execute circuit 550000/9232914 10:54:17.118
execute circuit 560000/9232914 11:07:22.547
execute circuit 570000/9232914 11:20:48.506
execute circuit 580000/9232914 11:38:30.471
execute circuit 590000/9232914 11:53:30.999
execute circuit 600000/9232914 12:08:08.622
execute circuit 610000/9232914 12:23:40.672
execute circuit 620000/9232914 12:38:53.184
execute circuit 630000/9232914 12:54:25.293
execute circuit 640000/9232914 13:06:50.181
execute circuit 650000/9232914 13:20:40.303
execute circuit 660000/9232914 13:35:36.680
execute circuit 670000/9232914 13:50:39.659
execute circuit 680000/9232914 14:04:18.828
execute circuit 690000/9232914 14:16:58.463
execute circuit 700000/9232914 14:32:33.679
execute circuit 710000/9232914 14:47:39.643
execute circuit 720000/9232914 15:02:58.397
execute circuit 730000/9232914 15:17:56.316
execute circuit 740000/9232914 15:33:15.724
execute circuit 750000/9232914 15:50:43.880
execute circuit 760000/9232914 16:04:27.251
execute circuit 770000/9232914 16:17:30.172
execute circuit 780000/9232914 16:29:41.793
execute circuit 790000/9232914 16:39:30.375
execute circuit 800000/9232914 16:51:48.906
execute circuit 810000/9232914 17:02:21.973
execute circuit 820000/9232914 17:13:00.676
execute circuit 830000/9232914 17:25:07.898
execute circuit 840000/9232914 17:34:26.389
execute circuit 850000/9232914 17:47:27.220
execute circuit 860000/9232914 17:59:20.437
execute circuit 870000/9232914 18:12:39.702
execute circuit 880000/9232914 18:27:48.592
execute circuit 890000/9232914 18:42:33.038
execute circuit 900000/9232914 18:55:27.690
execute circuit 910000/9232914 19:07:01.576
execute circuit 920000/9232914 19:19:35.341
execute circuit 930000/9232914 19:29:02.312
execute circuit 940000/9232914 19:41:35.835
execute circuit 950000/9232914 19:50:36.855
execute circuit 960000/9232914 20:00:16.544
execute circuit 970000/9232914 20:11:53.776
execute circuit 980000/9232914 20:21:58.462
execute circuit 990000/9232914 20:34:40.853
execute circuit 1000000/9232914 20:47:48.317
execute circuit 1010000/9232914 21:01:42.037
execute circuit 1020000/9232914 21:18:20.158
execute circuit 1030000/9232914 21:34:13.357
execute circuit 1040000/9232914 21:48:25.650
execute circuit 1050000/9232914 22:03:59.127
execute circuit 1060000/9232914 22:19:17.155
execute circuit 1070000/9232914 22:35:30.871
execute circuit 1080000/9232914 22:47:38.349
execute circuit 1090000/9232914 23:01:44.282
execute circuit 1100000/9232914 23:16:25.355
execute circuit 1110000/9232914 23:31:32.289
execute circuit 1120000/9232914 23:44:36.003
execute circuit 1130000/9232914 23:57:13.110
execute circuit 1140000/9232914 24:12:54.727
execute circuit 1150000/9232914 24:28:06.434
execute circuit 1160000/9232914 24:43:11.582
execute circuit 1170000/9232914 24:58:15.447
execute circuit 1180000/9232914 25:12:44.406
execute circuit 1190000/9232914 25:28:07.650
execute circuit 1200000/9232914 25:40:42.126
execute circuit 1210000/9232914 25:52:45.431
execute circuit 1220000/9232914 26:03:54.048
execute circuit 1230000/9232914 26:12:46.337
execute circuit 1240000/9232914 26:23:54.446
execute circuit 1250000/9232914 26:33:02.835
execute circuit 1260000/9232914 26:42:35.622
execute circuit 1270000/9232914 26:54:10.864
execute circuit 1280000/9232914 27:02:43.654
execute circuit 1290000/9232914 27:14:52.722
execute circuit 1300000/9232914 27:26:11.327
execute circuit 1310000/9232914 27:38:31.841
execute circuit 1320000/9232914 27:52:05.497
execute circuit 1330000/9232914 28:06:41.754
execute circuit 1340000/9232914 28:19:07.342
execute circuit 1350000/9232914 28:30:18.594
execute circuit 1360000/9232914 28:42:22.802
execute circuit 1370000/9232914 28:51:23.198
execute circuit 1380000/9232914 29:03:53.937
execute circuit 1390000/9232914 29:13:19.865
execute circuit 1400000/9232914 29:23:45.804
execute circuit 1410000/9232914 29:34:51.481
execute circuit 1420000/9232914 29:44:39.741
execute circuit 1430000/9232914 29:56:49.329
execute circuit 1440000/9232914 30:09:33.810
execute circuit 1450000/9232914 30:23:00.824
execute circuit 1460000/9232914 30:40:29.447
execute circuit 1470000/9232914 30:55:25.462
execute circuit 1480000/9232914 31:09:08.554
execute circuit 1490000/9232914 31:25:45.619
execute circuit 1500000/9232914 31:40:59.251
execute circuit 1510000/9232914 31:56:07.332
execute circuit 1520000/9232914 32:07:57.195
execute circuit 1530000/9232914 32:21:37.323
execute circuit 1540000/9232914 32:36:17.505
execute circuit 1550000/9232914 32:51:31.244
execute circuit 1560000/9232914 33:04:26.168
execute circuit 1570000/9232914 33:17:05.286
execute circuit 1580000/9232914 33:32:30.935
execute circuit 1590000/9232914 33:47:57.513
execute circuit 1600000/9232914 34:03:06.745
execute circuit 1610000/9232914 34:17:38.847
execute circuit 1620000/9232914 34:33:29.414
execute circuit 1630000/9232914 34:49:52.507
execute circuit 1640000/9232914 35:03:17.130
execute circuit 1650000/9232914 35:15:46.848
execute circuit 1660000/9232914 35:27:40.409
execute circuit 1670000/9232914 35:37:05.931
execute circuit 1680000/9232914 35:49:10.624
execute circuit 1690000/9232914 35:58:45.065
execute circuit 1700000/9232914 36:08:55.284
execute circuit 1710000/9232914 36:20:35.195
execute circuit 1720000/9232914 36:29:23.119
execute circuit 1730000/9232914 36:42:05.196
execute circuit 1740000/9232914 36:53:35.170
execute circuit 1750000/9232914 37:06:21.142
execute circuit 1760000/9232914 37:20:52.446
execute circuit 1770000/9232914 37:35:42.927
execute circuit 1780000/9232914 37:47:57.077
execute circuit 1790000/9232914 37:58:50.339
execute circuit 1800000/9232914 38:10:38.848
execute circuit 1810000/9232914 38:19:50.615
execute circuit 1820000/9232914 38:32:30.125
execute circuit 1830000/9232914 38:41:43.445
execute circuit 1840000/9232914 38:52:09.335
execute circuit 1850000/9232914 39:02:54.500
execute circuit 1860000/9232914 39:12:47.914
execute circuit 1870000/9232914 39:25:21.300
execute circuit 1880000/9232914 39:38:04.203
execute circuit 1890000/9232914 39:51:36.858
execute circuit 1900000/9232914 40:08:47.235
execute circuit 1910000/9232914 40:23:48.838
execute circuit 1920000/9232914 40:37:32.397
execute circuit 1930000/9232914 40:53:41.978
execute circuit 1940000/9232914 41:08:28.061
execute circuit 1950000/9232914 41:23:54.935
execute circuit 1960000/9232914 41:36:08.090
execute circuit 1970000/9232914 41:50:23.213
execute circuit 1980000/9232914 42:05:15.583
execute circuit 1990000/9232914 42:20:58.598
execute circuit 2000000/9232914 42:34:26.012
execute circuit 2010000/9232914 42:47:24.893
execute circuit 2020000/9232914 43:03:02.737
execute circuit 2030000/9232914 43:18:38.377
execute circuit 2040000/9232914 43:33:43.199
execute circuit 2050000/9232914 43:48:17.328
execute circuit 2060000/9232914 44:04:34.657
execute circuit 2070000/9232914 44:21:15.129
execute circuit 2080000/9232914 44:35:20.299
execute circuit 2090000/9232914 44:48:11.094
execute circuit 2100000/9232914 45:00:03.683
execute circuit 2110000/9232914 45:09:22.170
execute circuit 2120000/9232914 45:22:01.978
execute circuit 2130000/9232914 45:31:47.908
execute circuit 2140000/9232914 45:42:35.485
execute circuit 2150000/9232914 45:54:22.545
execute circuit 2160000/9232914 46:03:24.869
execute circuit 2170000/9232914 46:16:21.772
execute circuit 2180000/9232914 46:28:10.800
execute circuit 2190000/9232914 46:41:35.443
execute circuit 2200000/9232914 46:56:20.892
execute circuit 2210000/9232914 47:11:47.367
execute circuit 2220000/9232914 47:24:46.812
execute circuit 2230000/9232914 47:36:34.760
execute circuit 2240000/9232914 47:49:23.986
execute circuit 2250000/9232914 47:59:12.219
execute circuit 2260000/9232914 48:12:34.143
execute circuit 2270000/9232914 48:22:02.906
execute circuit 2280000/9232914 48:33:12.671
execute circuit 2290000/9232914 48:44:36.298
execute circuit 2300000/9232914 48:55:01.282
execute circuit 2310000/9232914 49:08:11.532
execute circuit 2320000/9232914 49:21:30.125
execute circuit 2330000/9232914 49:36:20.286
execute circuit 2340000/9232914 49:55:42.284
execute circuit 2350000/9232914 50:12:21.340
execute circuit 2360000/9232914 50:28:36.128
execute circuit 2370000/9232914 50:46:47.150
execute circuit 2380000/9232914 51:02:50.474
execute circuit 2390000/9232914 51:18:45.944
execute circuit 2400000/9232914 51:31:15.262
execute circuit 2410000/9232914 51:46:24.508
execute circuit 2420000/9232914 52:02:05.646
execute circuit 2430000/9232914 52:18:53.467
execute circuit 2440000/9232914 52:32:39.899
execute circuit 2450000/9232914 52:46:09.436
execute circuit 2460000/9232914 53:02:23.414
execute circuit 2470000/9232914 53:19:09.503
execute circuit 2480000/9232914 53:35:33.056
execute circuit 2490000/9232914 53:50:38.489
execute circuit 2500000/9232914 54:07:25.152
execute circuit 2510000/9232914 54:24:19.678
execute circuit 2520000/9232914 54:38:56.537
execute circuit 2530000/9232914 54:52:06.425
execute circuit 2540000/9232914 55:04:13.173
execute circuit 2550000/9232914 55:13:52.048
execute circuit 2560000/9232914 55:26:53.142
execute circuit 2570000/9232914 55:36:33.852
execute circuit 2580000/9232914 55:47:28.831
execute circuit 2590000/9232914 55:59:26.489
execute circuit 2600000/9232914 56:08:45.636
execute circuit 2610000/9232914 56:22:03.294
execute circuit 2620000/9232914 56:34:33.085
execute circuit 2630000/9232914 56:48:16.568
execute circuit 2640000/9232914 57:03:56.628
execute circuit 2650000/9232914 57:19:53.867
execute circuit 2660000/9232914 57:33:11.208
execute circuit 2670000/9232914 57:44:47.240
execute circuit 2680000/9232914 57:57:05.856
execute circuit 2690000/9232914 58:06:58.171
execute circuit 2700000/9232914 58:20:06.142
execute circuit 2710000/9232914 58:29:23.864
execute circuit 2720000/9232914 58:40:46.463
execute circuit 2730000/9232914 58:51:56.062
execute circuit 2740000/9232914 59:02:22.674
execute circuit 2750000/9232914 59:15:18.080
execute circuit 2760000/9232914 59:28:48.504
execute circuit 2770000/9232914 59:43:22.305
execute circuit 2780000/9232914 60:01:26.229
execute circuit 2790000/9232914 60:17:07.946
execute circuit 2800000/9232914 60:31:44.031
execute circuit 2810000/9232914 60:49:37.669
execute circuit 2820000/9232914 61:05:37.975
execute circuit 2830000/9232914 61:21:08.086
execute circuit 2840000/9232914 61:33:44.495
execute circuit 2850000/9232914 61:49:16.819
execute circuit 2860000/9232914 62:04:47.289
execute circuit 2870000/9232914 62:21:30.990
execute circuit 2880000/9232914 62:35:03.546
execute circuit 2890000/9232914 62:48:38.423
execute circuit 2900000/9232914 63:04:49.840
execute circuit 2910000/9232914 63:21:26.630
execute circuit 2920000/9232914 63:37:40.769
execute circuit 2930000/9232914 63:52:55.300
execute circuit 2940000/9232914 64:09:39.174
execute circuit 2950000/9232914 64:26:24.699
execute circuit 2960000/9232914 64:40:57.923
execute circuit 2970000/9232914 64:53:56.927
execute circuit 2980000/9232914 65:05:51.206
execute circuit 2990000/9232914 65:15:23.142
execute circuit 3000000/9232914 65:28:33.301
execute circuit 3010000/9232914 65:38:00.315
execute circuit 3020000/9232914 65:49:07.821
execute circuit 3030000/9232914 66:00:57.231
execute circuit 3040000/9232914 66:10:31.466
execute circuit 3050000/9232914 66:23:14.353
execute circuit 3060000/9232914 66:35:44.499
execute circuit 3070000/9232914 66:49:57.932
execute circuit 3080000/9232914 67:05:46.386
execute circuit 3090000/9232914 67:21:52.855
execute circuit 3100000/9232914 67:34:39.065
execute circuit 3110000/9232914 67:46:01.710
execute circuit 3120000/9232914 67:58:07.958
execute circuit 3130000/9232914 68:08:05.509
execute circuit 3140000/9232914 68:20:57.610
execute circuit 3150000/9232914 68:30:12.567
execute circuit 3160000/9232914 68:41:42.243
execute circuit 3170000/9232914 68:52:46.354
execute circuit 3180000/9232914 69:03:18.322
execute circuit 3190000/9232914 69:16:12.863
execute circuit 3200000/9232914 69:29:51.189
execute circuit 3210000/9232914 69:44:47.063
execute circuit 3220000/9232914 70:03:07.458
execute circuit 3230000/9232914 70:18:58.777
execute circuit 3240000/9232914 70:33:51.492
execute circuit 3250000/9232914 70:51:58.079
execute circuit 3260000/9232914 71:08:13.374
execute circuit 3270000/9232914 71:24:07.120
execute circuit 3280000/9232914 71:36:41.019
execute circuit 3290000/9232914 71:52:27.892
execute circuit 3300000/9232914 72:08:24.026
execute circuit 3310000/9232914 72:25:31.596
execute circuit 3320000/9232914 72:38:54.148
execute circuit 3330000/9232914 72:53:02.058
execute circuit 3340000/9232914 73:10:04.258
execute circuit 3350000/9232914 73:27:12.397
execute circuit 3360000/9232914 73:43:36.525
execute circuit 3370000/9232914 73:58:48.663
execute circuit 3380000/9232914 74:15:54.297
execute circuit 3390000/9232914 74:32:53.241
execute circuit 3400000/9232914 74:47:29.703
execute circuit 3410000/9232914 75:00:31.730
execute circuit 3420000/9232914 75:12:33.535
execute circuit 3430000/9232914 75:22:00.958
execute circuit 3440000/9232914 75:34:59.312
execute circuit 3450000/9232914 75:44:31.050
execute circuit 3460000/9232914 75:55:42.691
execute circuit 3470000/9232914 76:07:14.204
execute circuit 3480000/9232914 76:16:53.575
execute circuit 3490000/9232914 76:29:52.959
execute circuit 3500000/9232914 76:42:31.991
execute circuit 3510000/9232914 76:57:04.812
execute circuit 3520000/9232914 77:12:58.183
execute circuit 3530000/9232914 77:29:00.438
execute circuit 3540000/9232914 77:42:19.482
execute circuit 3550000/9232914 77:54:14.336
execute circuit 3560000/9232914 78:06:05.551
execute circuit 3570000/9232914 78:16:14.130
execute circuit 3580000/9232914 78:29:06.068
execute circuit 3590000/9232914 78:38:23.737
execute circuit 3600000/9232914 78:49:59.078
execute circuit 3610000/9232914 79:00:48.593
execute circuit 3620000/9232914 79:11:26.588
execute circuit 3630000/9232914 79:24:22.074
execute circuit 3640000/9232914 79:38:22.952
execute circuit 3650000/9232914 79:53:33.697
execute circuit 3660000/9232914 80:11:42.747
execute circuit 3670000/9232914 80:27:27.544
execute circuit 3680000/9232914 80:42:32.562
execute circuit 3690000/9232914 81:00:51.327
execute circuit 3700000/9232914 81:17:00.264
execute circuit 3710000/9232914 81:32:50.097
execute circuit 3720000/9232914 81:45:26.728
execute circuit 3730000/9232914 82:01:27.089
execute circuit 3740000/9232914 82:17:33.421
execute circuit 3750000/9232914 82:34:55.002
execute circuit 3760000/9232914 82:48:21.505
execute circuit 3770000/9232914 83:02:36.094
execute circuit 3780000/9232914 83:18:53.168
execute circuit 3790000/9232914 83:36:15.284
execute circuit 3800000/9232914 83:52:37.791
execute circuit 3810000/9232914 84:07:52.866
execute circuit 3820000/9232914 84:25:08.418
execute circuit 3830000/9232914 84:41:53.307
execute circuit 3840000/9232914 84:56:30.887
execute circuit 3850000/9232914 85:09:34.428
execute circuit 3860000/9232914 85:21:21.506
execute circuit 3870000/9232914 85:30:46.277
execute circuit 3880000/9232914 85:43:52.722
execute circuit 3890000/9232914 85:53:21.079
execute circuit 3900000/9232914 86:04:39.334
execute circuit 3910000/9232914 86:16:09.878
execute circuit 3920000/9232914 86:26:08.861
execute circuit 3930000/9232914 86:39:03.557
execute circuit 3940000/9232914 86:51:40.603
execute circuit 3950000/9232914 87:06:17.645
execute circuit 3960000/9232914 87:22:11.607
execute circuit 3970000/9232914 87:38:17.271
execute circuit 3980000/9232914 87:51:43.004
execute circuit 3990000/9232914 88:03:41.078
execute circuit 4000000/9232914 88:15:22.014
execute circuit 4010000/9232914 88:25:35.737
execute circuit 4020000/9232914 88:38:21.404
execute circuit 4030000/9232914 88:47:42.413
execute circuit 4040000/9232914 88:59:31.207
execute circuit 4050000/9232914 89:10:06.469
execute circuit 4060000/9232914 89:20:48.647
execute circuit 4070000/9232914 89:33:43.753
execute circuit 4080000/9232914 89:47:52.361
execute circuit 4090000/9232914 90:03:06.438
execute circuit 4100000/9232914 90:21:17.083
execute circuit 4110000/9232914 90:37:01.835
execute circuit 4120000/9232914 90:52:11.213
execute circuit 4130000/9232914 91:10:10.641
execute circuit 4140000/9232914 91:26:13.663
execute circuit 4150000/9232914 91:41:21.392
execute circuit 4160000/9232914 91:53:51.717
execute circuit 4170000/9232914 92:09:49.299
execute circuit 4180000/9232914 92:26:07.242
execute circuit 4190000/9232914 92:43:38.371
execute circuit 4200000/9232914 92:56:52.237
execute circuit 4210000/9232914 93:10:55.740
execute circuit 4220000/9232914 93:27:09.417
execute circuit 4230000/9232914 93:44:42.214
execute circuit 4240000/9232914 94:00:54.222
execute circuit 4250000/9232914 94:16:03.929
execute circuit 4260000/9232914 94:33:31.227
execute circuit 4270000/9232914 94:50:12.156
execute circuit 4280000/9232914 95:04:57.619
execute circuit 4290000/9232914 95:17:44.604
execute circuit 4300000/9232914 95:29:13.319
execute circuit 4310000/9232914 95:38:32.266
execute circuit 4320000/9232914 95:51:37.214
execute circuit 4330000/9232914 96:01:25.045
execute circuit 4340000/9232914 96:12:57.673
execute circuit 4350000/9232914 96:24:45.061
execute circuit 4360000/9232914 96:34:55.471
execute circuit 4370000/9232914 96:47:45.998
execute circuit 4380000/9232914 97:00:26.347
execute circuit 4390000/9232914 97:15:01.430
execute circuit 4400000/9232914 97:31:13.513
execute circuit 4410000/9232914 97:46:50.738
execute circuit 4420000/9232914 98:00:17.336
execute circuit 4430000/9232914 98:12:16.418
execute circuit 4440000/9232914 98:23:53.992
execute circuit 4450000/9232914 98:34:11.376
execute circuit 4460000/9232914 98:46:48.609
execute circuit 4470000/9232914 98:56:07.739
execute circuit 4480000/9232914 99:07:59.922
execute circuit 4490000/9232914 99:18:23.073
execute circuit 4500000/9232914 99:29:09.965
execute circuit 4510000/9232914 99:41:58.176
execute circuit 4520000/9232914 99:56:19.956
execute circuit 4530000/9232914 100:11:35.825
execute circuit 4540000/9232914 100:30:02.326
execute circuit 4550000/9232914 100:45:37.910
execute circuit 4560000/9232914 101:00:41.314
execute circuit 4570000/9232914 101:18:44.163
execute circuit 4580000/9232914 101:35:04.351
execute circuit 4590000/9232914 101:50:39.311
execute circuit 4600000/9232914 102:03:22.225
execute circuit 4610000/9232914 102:19:27.287
execute circuit 4620000/9232914 102:35:59.183
execute circuit 4630000/9232914 102:53:34.820
execute circuit 4640000/9232914 103:06:29.442
execute circuit 4650000/9232914 103:20:50.212
execute circuit 4660000/9232914 103:37:05.118
execute circuit 4670000/9232914 103:54:46.685
execute circuit 4680000/9232914 104:10:49.964
execute circuit 4690000/9232914 104:26:11.847
execute circuit 4700000/9232914 104:43:49.238
execute circuit 4710000/9232914 105:00:13.772
execute circuit 4720000/9232914 105:14:46.380
execute circuit 4730000/9232914 105:27:47.007
execute circuit 4740000/9232914 105:39:27.238
execute circuit 4750000/9232914 105:48:47.523
execute circuit 4760000/9232914 106:01:42.704
execute circuit 4770000/9232914 106:11:04.292
execute circuit 4780000/9232914 106:22:38.708
execute circuit 4790000/9232914 106:33:59.939
execute circuit 4800000/9232914 106:44:21.419
execute circuit 4810000/9232914 106:56:59.914
execute circuit 4820000/9232914 107:09:51.617
execute circuit 4830000/9232914 107:24:43.436
execute circuit 4840000/9232914 107:40:57.540
execute circuit 4850000/9232914 107:56:48.918
execute circuit 4860000/9232914 108:10:03.536
execute circuit 4870000/9232914 108:22:11.108
execute circuit 4880000/9232914 108:33:41.708
execute circuit 4890000/9232914 108:43:50.432
execute circuit 4900000/9232914 108:56:22.634
execute circuit 4910000/9232914 109:05:48.176
execute circuit 4920000/9232914 109:17:48.732
execute circuit 4930000/9232914 109:28:09.724
execute circuit 4940000/9232914 109:39:10.194
execute circuit 4950000/9232914 109:51:51.704
execute circuit 4960000/9232914 110:06:29.634
execute circuit 4970000/9232914 110:21:50.300
execute circuit 4980000/9232914 110:40:09.380
execute circuit 4990000/9232914 110:55:50.463
execute circuit 5000000/9232914 111:11:08.572
execute circuit 5010000/9232914 111:29:06.273
execute circuit 5020000/9232914 111:45:20.719
execute circuit 5030000/9232914 112:00:46.432
execute circuit 5040000/9232914 112:13:30.210
execute circuit 5050000/9232914 112:29:54.138
execute circuit 5060000/9232914 112:46:26.765
execute circuit 5070000/9232914 113:03:56.723
execute circuit 5080000/9232914 113:16:42.942
execute circuit 5090000/9232914 113:31:16.428
execute circuit 5100000/9232914 113:47:32.068
execute circuit 5110000/9232914 114:05:30.601
execute circuit 5120000/9232914 114:21:24.288
execute circuit 5130000/9232914 114:36:53.778
execute circuit 5140000/9232914 114:54:41.052
execute circuit 5150000/9232914 115:10:57.311
execute circuit 5160000/9232914 115:25:28.245
execute circuit 5170000/9232914 115:38:05.797
execute circuit 5180000/9232914 115:49:22.981
execute circuit 5190000/9232914 115:58:47.945
execute circuit 5200000/9232914 116:11:33.297
execute circuit 5210000/9232914 116:20:56.346
execute circuit 5220000/9232914 116:32:45.654
execute circuit 5230000/9232914 116:43:58.987
execute circuit 5240000/9232914 116:54:32.774
execute circuit 5250000/9232914 117:07:11.470
execute circuit 5260000/9232914 117:19:51.540
execute circuit 5270000/9232914 117:34:56.157
execute circuit 5280000/9232914 117:51:04.112
execute circuit 5290000/9232914 118:06:45.681
execute circuit 5300000/9232914 118:20:02.629
execute circuit 5310000/9232914 118:32:07.888
execute circuit 5320000/9232914 118:43:32.901
execute circuit 5330000/9232914 118:54:04.416
execute circuit 5340000/9232914 119:06:31.469
execute circuit 5350000/9232914 119:15:46.388
execute circuit 5360000/9232914 119:27:57.239
execute circuit 5370000/9232914 119:38:03.238
execute circuit 5380000/9232914 119:49:05.459
execute circuit 5390000/9232914 120:01:40.555
execute circuit 5400000/9232914 120:16:21.377
execute circuit 5410000/9232914 120:31:49.566
execute circuit 5420000/9232914 120:50:12.132
execute circuit 5430000/9232914 121:05:56.738
execute circuit 5440000/9232914 121:21:16.967
execute circuit 5450000/9232914 121:39:28.127
execute circuit 5460000/9232914 121:55:40.453
execute circuit 5470000/9232914 122:11:17.482
execute circuit 5480000/9232914 122:23:30.587
execute circuit 5490000/9232914 122:40:08.048
execute circuit 5500000/9232914 122:56:29.343
execute circuit 5510000/9232914 123:13:38.246
execute circuit 5520000/9232914 123:26:30.709
execute circuit 5530000/9232914 123:41:11.595
execute circuit 5540000/9232914 123:57:14.761
execute circuit 5550000/9232914 124:15:06.052
execute circuit 5560000/9232914 124:30:45.266
execute circuit 5570000/9232914 124:46:22.959
execute circuit 5580000/9232914 125:04:21.181
execute circuit 5590000/9232914 125:20:18.879
execute circuit 5600000/9232914 125:34:52.305
execute circuit 5610000/9232914 125:47:49.984
execute circuit 5620000/9232914 125:59:05.084
execute circuit 5630000/9232914 126:08:43.222
execute circuit 5640000/9232914 126:21:12.398
execute circuit 5650000/9232914 126:30:33.168
execute circuit 5660000/9232914 126:42:29.188
execute circuit 5670000/9232914 126:53:31.674
execute circuit 5680000/9232914 127:04:09.993
execute circuit 5690000/9232914 127:16:30.186
execute circuit 5700000/9232914 127:29:18.976
execute circuit 5710000/9232914 127:44:35.740
execute circuit 5720000/9232914 128:00:48.211
execute circuit 5730000/9232914 128:16:10.399
execute circuit 5740000/9232914 128:29:08.068
execute circuit 5750000/9232914 128:41:15.817
execute circuit 5760000/9232914 128:52:26.573
execute circuit 5770000/9232914 129:03:05.020
execute circuit 5780000/9232914 129:15:10.684
execute circuit 5790000/9232914 129:24:28.796
execute circuit 5800000/9232914 129:36:40.312
execute circuit 5810000/9232914 129:46:45.580
execute circuit 5820000/9232914 129:57:41.010
execute circuit 5830000/9232914 130:10:15.760
execute circuit 5840000/9232914 130:24:56.438
execute circuit 5850000/9232914 130:40:42.604
execute circuit 5860000/9232914 130:58:53.352
execute circuit 5870000/9232914 131:14:26.254
execute circuit 5880000/9232914 131:29:46.788
execute circuit 5890000/9232914 131:48:01.602
execute circuit 5900000/9232914 132:04:11.894
execute circuit 5910000/9232914 132:19:10.934
execute circuit 5920000/9232914 132:31:48.773
execute circuit 5930000/9232914 132:48:15.556
execute circuit 5940000/9232914 133:04:31.460
execute circuit 5950000/9232914 133:21:32.293
execute circuit 5960000/9232914 133:34:24.112
execute circuit 5970000/9232914 133:49:23.365
execute circuit 5980000/9232914 134:05:25.866
execute circuit 5990000/9232914 134:23:24.415
execute circuit 6000000/9232914 134:39:02.985
execute circuit 6010000/9232914 134:54:43.507
execute circuit 6020000/9232914 135:12:39.808
execute circuit 6030000/9232914 135:28:34.840
execute circuit 6040000/9232914 135:43:17.806
execute circuit 6050000/9232914 135:56:07.056
execute circuit 6060000/9232914 136:07:08.532
execute circuit 6070000/9232914 136:16:50.967
execute circuit 6080000/9232914 136:29:12.257
execute circuit 6090000/9232914 136:38:37.264
execute circuit 6100000/9232914 136:50:32.506
execute circuit 6110000/9232914 137:01:26.483
execute circuit 6120000/9232914 137:12:10.935
execute circuit 6130000/9232914 137:24:24.505
execute circuit 6140000/9232914 137:37:22.737
execute circuit 6150000/9232914 137:52:44.203
execute circuit 6160000/9232914 138:09:11.931
execute circuit 6170000/9232914 138:24:25.795
execute circuit 6180000/9232914 138:37:15.430
execute circuit 6190000/9232914 138:49:30.937
execute circuit 6200000/9232914 139:00:27.798
execute circuit 6210000/9232914 139:11:23.074
execute circuit 6220000/9232914 139:23:26.180
execute circuit 6230000/9232914 139:32:40.848
execute circuit 6240000/9232914 139:44:50.837
execute circuit 6250000/9232914 139:54:40.365
execute circuit 6260000/9232914 140:05:50.907
execute circuit 6270000/9232914 140:18:33.761
execute circuit 6280000/9232914 140:33:12.809
execute circuit 6290000/9232914 140:49:22.449
execute circuit 6300000/9232914 141:07:36.234
execute circuit 6310000/9232914 141:23:17.853
execute circuit 6320000/9232914 141:38:47.782
execute circuit 6330000/9232914 141:57:03.771
execute circuit 6340000/9232914 142:13:19.360
execute circuit 6350000/9232914 142:28:18.614
execute circuit 6360000/9232914 142:41:24.511
execute circuit 6370000/9232914 142:58:39.107
execute circuit 6380000/9232914 143:15:32.842
execute circuit 6390000/9232914 143:32:10.101
execute circuit 6400000/9232914 143:45:10.761
execute circuit 6410000/9232914 144:00:27.352
execute circuit 6420000/9232914 144:16:33.340
execute circuit 6430000/9232914 144:34:38.304
execute circuit 6440000/9232914 144:50:15.257
execute circuit 6450000/9232914 145:05:58.720
execute circuit 6460000/9232914 145:23:59.181
execute circuit 6470000/9232914 145:40:39.683
execute circuit 6480000/9232914 145:55:33.218
execute circuit 6490000/9232914 146:08:19.689
execute circuit 6500000/9232914 146:19:27.789
execute circuit 6510000/9232914 146:29:23.748
execute circuit 6520000/9232914 146:41:46.193
execute circuit 6530000/9232914 146:51:12.400
execute circuit 6540000/9232914 147:03:24.482
execute circuit 6550000/9232914 147:14:18.379
execute circuit 6560000/9232914 147:25:15.398
execute circuit 6570000/9232914 147:37:31.192
execute circuit 6580000/9232914 147:50:44.671
execute circuit 6590000/9232914 148:06:21.476
execute circuit 6600000/9232914 148:22:36.328
execute circuit 6610000/9232914 148:37:46.318
execute circuit 6620000/9232914 148:50:45.071
execute circuit 6630000/9232914 149:03:16.591
execute circuit 6640000/9232914 149:14:01.875
execute circuit 6650000/9232914 149:24:59.260
execute circuit 6660000/9232914 149:36:46.465
execute circuit 6670000/9232914 149:46:06.686
execute circuit 6680000/9232914 149:58:45.911
execute circuit 6690000/9232914 150:08:29.047
execute circuit 6700000/9232914 150:19:38.866
execute circuit 6710000/9232914 150:32:24.375
execute circuit 6720000/9232914 150:47:14.158
execute circuit 6730000/9232914 151:03:23.974
execute circuit 6740000/9232914 151:21:19.614
execute circuit 6750000/9232914 151:36:48.306
execute circuit 6760000/9232914 151:52:49.245
execute circuit 6770000/9232914 152:10:58.334
execute circuit 6780000/9232914 152:27:04.988
execute circuit 6790000/9232914 152:41:56.018
execute circuit 6800000/9232914 152:54:50.749
execute circuit 6810000/9232914 153:12:15.722
execute circuit 6820000/9232914 153:28:38.804
execute circuit 6830000/9232914 153:45:18.398
execute circuit 6840000/9232914 153:58:15.589
execute circuit 6850000/9232914 154:13:30.105
execute circuit 6860000/9232914 154:29:38.215
execute circuit 6870000/9232914 154:47:43.663
execute circuit 6880000/9232914 155:03:38.452
execute circuit 6890000/9232914 155:20:25.832
execute circuit 6900000/9232914 155:39:03.645
execute circuit 6910000/9232914 155:54:46.214
execute circuit 6920000/9232914 156:09:44.150
execute circuit 6930000/9232914 156:22:17.757
execute circuit 6940000/9232914 156:33:11.305
execute circuit 6950000/9232914 156:43:10.689
execute circuit 6960000/9232914 156:55:25.723
execute circuit 6970000/9232914 157:04:43.622
execute circuit 6980000/9232914 157:16:52.680
execute circuit 6990000/9232914 157:27:31.532
execute circuit 7000000/9232914 157:38:42.028
execute circuit 7010000/9232914 157:50:59.672
execute circuit 7020000/9232914 158:04:12.122
execute circuit 7030000/9232914 158:19:46.936
execute circuit 7040000/9232914 158:35:47.726
execute circuit 7050000/9232914 158:51:02.543
execute circuit 7060000/9232914 159:03:56.740
execute circuit 7070000/9232914 159:16:29.623
execute circuit 7080000/9232914 159:26:59.825
execute circuit 7090000/9232914 159:38:10.737
execute circuit 7100000/9232914 159:50:01.586
execute circuit 7110000/9232914 159:59:30.323
execute circuit 7120000/9232914 160:12:18.429
execute circuit 7130000/9232914 160:21:51.526
execute circuit 7140000/9232914 160:32:47.582
execute circuit 7150000/9232914 160:46:41.964
execute circuit 7160000/9232914 161:01:45.750
execute circuit 7170000/9232914 161:18:17.014
execute circuit 7180000/9232914 161:35:57.729
execute circuit 7190000/9232914 161:51:37.481
execute circuit 7200000/9232914 162:07:56.850
execute circuit 7210000/9232914 162:26:02.479
execute circuit 7220000/9232914 162:42:12.799
execute circuit 7230000/9232914 162:57:07.098
execute circuit 7240000/9232914 163:10:13.643
execute circuit 7250000/9232914 163:27:34.286
execute circuit 7260000/9232914 163:43:50.469
execute circuit 7270000/9232914 164:00:33.889
execute circuit 7280000/9232914 164:13:30.716
execute circuit 7290000/9232914 164:28:11.020
execute circuit 7300000/9232914 164:44:30.470
execute circuit 7310000/9232914 165:06:33.269
execute circuit 7320000/9232914 165:22:27.301
execute circuit 7330000/9232914 165:38:37.163
execute circuit 7340000/9232914 165:57:04.969
execute circuit 7350000/9232914 166:13:03.574
execute circuit 7360000/9232914 166:27:43.637
execute circuit 7370000/9232914 166:40:28.855
execute circuit 7380000/9232914 166:51:30.829
execute circuit 7390000/9232914 167:01:52.403
execute circuit 7400000/9232914 167:14:06.208
execute circuit 7410000/9232914 167:23:37.626
execute circuit 7420000/9232914 167:36:05.486
execute circuit 7430000/9232914 167:46:51.244
execute circuit 7440000/9232914 167:58:33.433
execute circuit 7450000/9232914 168:10:56.696
execute circuit 7460000/9232914 168:24:22.208
execute circuit 7470000/9232914 168:40:07.816
execute circuit 7480000/9232914 168:56:31.983
execute circuit 7490000/9232914 169:11:33.660
execute circuit 7500000/9232914 169:24:08.622
execute circuit 7510000/9232914 169:36:33.103
execute circuit 7520000/9232914 169:46:56.717
execute circuit 7530000/9232914 169:58:16.867
execute circuit 7540000/9232914 170:10:03.130
execute circuit 7550000/9232914 170:19:39.633
execute circuit 7560000/9232914 170:34:58.628
execute circuit 7570000/9232914 170:44:17.147
execute circuit 7580000/9232914 170:55:52.226
execute circuit 7590000/9232914 171:08:58.941
execute circuit 7600000/9232914 171:23:48.262
execute circuit 7610000/9232914 171:40:00.715
execute circuit 7620000/9232914 171:57:49.863
execute circuit 7630000/9232914 172:13:27.671
execute circuit 7640000/9232914 172:29:29.055
execute circuit 7650000/9232914 172:47:15.882
execute circuit 7660000/9232914 173:03:40.220
execute circuit 7670000/9232914 173:18:21.205
execute circuit 7680000/9232914 173:31:15.922
execute circuit 7690000/9232914 173:48:32.640
execute circuit 7700000/9232914 174:04:59.844
execute circuit 7710000/9232914 174:21:34.250
execute circuit 7720000/9232914 174:34:10.560
execute circuit 7730000/9232914 174:49:36.874
execute circuit 7740000/9232914 175:05:59.725
execute circuit 7750000/9232914 175:24:18.912
execute circuit 7760000/9232914 175:39:39.220
execute circuit 7770000/9232914 175:55:23.128
execute circuit 7780000/9232914 176:14:04.256
execute circuit 7790000/9232914 176:29:37.219
execute circuit 7800000/9232914 176:43:56.866
execute circuit 7810000/9232914 176:56:41.023
execute circuit 7820000/9232914 177:07:34.145
execute circuit 7830000/9232914 177:18:05.428
execute circuit 7840000/9232914 177:30:06.021
execute circuit 7850000/9232914 177:39:19.337
execute circuit 7860000/9232914 177:51:51.825
execute circuit 7870000/9232914 178:02:26.882
execute circuit 7880000/9232914 178:14:02.664
execute circuit 7890000/9232914 178:26:10.262
execute circuit 7900000/9232914 178:39:23.870
execute circuit 7910000/9232914 178:55:01.725
execute circuit 7920000/9232914 179:11:36.464
execute circuit 7930000/9232914 179:26:38.252
execute circuit 7940000/9232914 179:39:06.070
execute circuit 7950000/9232914 179:51:40.741
execute circuit 7960000/9232914 180:01:55.980
execute circuit 7970000/9232914 180:13:24.894
execute circuit 7980000/9232914 180:25:04.278
execute circuit 7990000/9232914 180:34:31.608
execute circuit 8000000/9232914 180:47:16.085
execute circuit 8010000/9232914 180:56:33.516
execute circuit 8020000/9232914 181:08:25.592
execute circuit 8030000/9232914 181:21:29.085
execute circuit 8040000/9232914 181:36:13.407
execute circuit 8050000/9232914 181:52:40.187
execute circuit 8060000/9232914 182:10:30.378
execute circuit 8070000/9232914 182:26:13.616
execute circuit 8080000/9232914 182:42:20.318
execute circuit 8090000/9232914 182:59:58.599
execute circuit 8100000/9232914 183:16:28.045
execute circuit 8110000/9232914 183:30:58.026
execute circuit 8120000/9232914 183:43:58.375
execute circuit 8130000/9232914 184:01:31.882
execute circuit 8140000/9232914 184:18:15.503
execute circuit 8150000/9232914 184:34:32.627
execute circuit 8160000/9232914 184:47:12.967
execute circuit 8170000/9232914 185:02:55.336
execute circuit 8180000/9232914 185:19:21.504
execute circuit 8190000/9232914 185:37:24.066
execute circuit 8200000/9232914 185:52:29.646
execute circuit 8210000/9232914 186:08:25.686
execute circuit 8220000/9232914 186:26:55.669
execute circuit 8230000/9232914 186:42:08.747
execute circuit 8240000/9232914 186:56:17.846
execute circuit 8250000/9232914 187:08:58.614
execute circuit 8260000/9232914 187:19:49.915
execute circuit 8270000/9232914 187:30:09.492
execute circuit 8280000/9232914 187:41:40.976
execute circuit 8290000/9232914 187:50:53.120
execute circuit 8300000/9232914 188:03:27.459
execute circuit 8310000/9232914 188:13:47.855
execute circuit 8320000/9232914 188:25:20.607
execute circuit 8330000/9232914 188:37:14.258
execute circuit 8340000/9232914 188:50:33.525
execute circuit 8350000/9232914 189:06:24.587
execute circuit 8360000/9232914 189:22:46.045
execute circuit 8370000/9232914 189:37:37.091
execute circuit 8380000/9232914 189:50:11.326
execute circuit 8390000/9232914 190:03:00.832
execute circuit 8400000/9232914 190:13:04.536
execute circuit 8410000/9232914 190:24:43.159
execute circuit 8420000/9232914 190:35:57.867
execute circuit 8430000/9232914 190:45:16.963
execute circuit 8440000/9232914 190:58:12.669
execute circuit 8450000/9232914 191:07:25.608
execute circuit 8460000/9232914 191:19:17.997
execute circuit 8470000/9232914 191:32:18.506
execute circuit 8480000/9232914 191:46:10.406
execute circuit 8490000/9232914 192:02:59.290
execute circuit 8500000/9232914 192:20:37.045
execute circuit 8510000/9232914 192:36:02.458
execute circuit 8520000/9232914 192:52:08.168
execute circuit 8530000/9232914 193:09:45.424
execute circuit 8540000/9232914 193:25:42.803
execute circuit 8550000/9232914 193:39:29.564
execute circuit 8560000/9232914 193:52:09.537
execute circuit 8570000/9232914 194:09:01.702
execute circuit 8580000/9232914 194:25:00.982
execute circuit 8590000/9232914 194:40:31.991
execute circuit 8600000/9232914 194:52:40.232
execute circuit 8610000/9232914 195:08:01.312
execute circuit 8620000/9232914 195:23:51.866
execute circuit 8630000/9232914 195:41:25.176
execute circuit 8640000/9232914 195:56:14.657
execute circuit 8650000/9232914 196:11:35.340
execute circuit 8660000/9232914 196:29:25.988
execute circuit 8670000/9232914 196:44:02.960
execute circuit 8680000/9232914 196:57:46.367
execute circuit 8690000/9232914 197:10:13.254
execute circuit 8700000/9232914 197:20:34.378
execute circuit 8710000/9232914 197:30:53.493
execute circuit 8720000/9232914 197:42:05.362
execute circuit 8730000/9232914 197:51:05.620
execute circuit 8740000/9232914 198:03:24.259
execute circuit 8750000/9232914 198:13:16.258
execute circuit 8760000/9232914 198:24:47.347
execute circuit 8770000/9232914 198:36:18.408
execute circuit 8780000/9232914 198:49:06.025
execute circuit 8790000/9232914 199:04:42.338
execute circuit 8800000/9232914 199:20:26.404
execute circuit 8810000/9232914 199:34:43.398
execute circuit 8820000/9232914 199:46:50.559
execute circuit 8830000/9232914 199:59:24.165
execute circuit 8840000/9232914 200:09:18.710
execute circuit 8850000/9232914 200:21:05.343
execute circuit 8860000/9232914 200:32:26.594
execute circuit 8870000/9232914 200:41:49.252
execute circuit 8880000/9232914 200:54:44.094
execute circuit 8890000/9232914 201:04:08.218
execute circuit 8900000/9232914 201:16:06.342
execute circuit 8910000/9232914 201:29:14.561
execute circuit 8920000/9232914 201:43:49.439
execute circuit 8930000/9232914 202:00:41.018
execute circuit 8940000/9232914 202:18:30.201
execute circuit 8950000/9232914 202:33:53.027
execute circuit 8960000/9232914 202:50:06.532
execute circuit 8970000/9232914 203:07:39.244
execute circuit 8980000/9232914 203:24:16.443
execute circuit 8990000/9232914 203:38:22.216
execute circuit 9000000/9232914 203:51:35.941
execute circuit 9010000/9232914 204:09:05.324
execute circuit 9020000/9232914 204:25:46.934
execute circuit 9030000/9232914 204:41:48.325
execute circuit 9040000/9232914 204:54:10.910
execute circuit 9050000/9232914 205:10:13.103
execute circuit 9060000/9232914 205:26:58.907
execute circuit 9070000/9232914 205:45:14.348
execute circuit 9080000/9232914 206:00:12.365
execute circuit 9090000/9232914 206:16:13.234
execute circuit 9100000/9232914 206:34:52.131
execute circuit 9110000/9232914 206:49:48.688
execute circuit 9120000/9232914 207:03:42.006
execute circuit 9130000/9232914 207:16:45.772
execute circuit 9140000/9232914 207:27:27.315
execute circuit 9150000/9232914 207:38:12.332
execute circuit 9160000/9232914 207:49:36.821
execute circuit 9170000/9232914 207:58:49.405
execute circuit 9180000/9232914 208:11:44.582
execute circuit 9190000/9232914 208:22:00.785
execute circuit 9200000/9232914 208:34:16.202
execute circuit 9210000/9232914 208:45:50.638
execute circuit 9220000/9232914 208:59:04.813
execute circuit 9230000/9232914 209:15:39.200
-NG: <010011011110 000100111110 010111010001 010101111000>=1, (1489, 1400)=True
*OK: <001011101001 110111110001 010111010001 010101111000>=1, (1489, 1400)=True d=1384
*OK: <001101000111 100001000100 010111010001 010101111000>=1, (1489, 1400)=True d=1384
*OK: <001001101001 111101001001 010111010001 010101111000>=1, (1489, 1400)=True d=1384
*OK: <101111110010 010100010110 010111010001 010101111000>=1, (1489, 1400)=True d=1384
-NG: <010110011001 011100111000 010111010001 010101111000>=1, (1489, 1400)=True
*OK: <011101111101 110000101111 010111010001 010101111000>=1, (1489, 1400)=True d=1384
*OK: <000101011100 100010100011 010111010001 010101111000>=1, (1489, 1400)=True d=1384
*OK: <000011010110 010101010001 010111010001 010101111000>=1, (1489, 1400)=True d=1384
*OK: <101100101101 110011000100 010111010001 010101111000>=1, (1489, 1400)=True d=1384
*OK: <011011000000 110100110001 010111010001 010101111000>=1, (1489, 1400)=True d=1384
*OK: <100010100110 110111010010 010111010001 010101111000>=1, (1489, 1400)=True d=1384
*OK: <100011000010 100011010001 010111010001 010101111000>=1, (1489, 1400)=True d=1384
*OK: <100001111011 101001111110 010111010001 010101111000>=1, (1489, 1400)=True d=1384
*OK: <001100000100 111010011011 010111010001 010101111000>=1, (1489, 1400)=True d=1384
*OK: <001001011110 101110011110 010111010001 010101111000>=1, (1489, 1400)=True d=1384
*OK: <000010100100 100010100111 010111010001 010101111000>=1, (1489, 1400)=True d=1384
*OK: <111100001001 101100000101 010111010001 010101111000>=1, (1489, 1400)=True d=1384
*OK: <001011111100 101011110000 010111010001 010101111000>=1, (1489, 1400)=True d=1384
*OK: <010001010011 111011101001 010111010001 010101111000>=1, (1489, 1400)=True d=1384
*OK: <001110000110 110101000001 010111010001 010101111000>=1, (1489, 1400)=True d=1384
*OK: <001100010010 011011110000 010111010001 010101111000>=1, (1489, 1400)=True d=1384
*OK: <100010010100 000011010001 010111010001 010101111000>=1, (1489, 1400)=True d=1384
*OK: <101000010011 001101110101 010111010001 010101111000>=1, (1489, 1400)=True d=1384
*OK: <101100110011 101111000100 010111010001 010101111000>=1, (1489, 1400)=True d=1384
*OK: <000100111101 001101001111 010111010001 010101111000>=1, (1489, 1400)=True d=1384
-NG: <101000011101 110001110100 010111010001 010101111000>=1, (1489, 1400)=True
*OK: <000001010010 110001010100 010111010001 010101111000>=1, (1489, 1400)=True d=1384
*OK: <001011110111 011001000110 010111010001 010101111000>=1, (1489, 1400)=True d=1384
*OK: <100011111101 111011010000 010111010001 010101111000>=1, (1489, 1400)=True d=1384
*OK: <101111100100 110011000000 010111010001 010101111000>=1, (1489, 1400)=True d=1384
*OK: <010101111011 000010001110 010111010001 010101111000>=1, (1489, 1400)=True d=1384
*OK: <100100110111 100101111001 010111010001 010101111000>=1, (1489, 1400)=True d=1384
*OK: <111110100000 101101011000 010111010001 010101111000>=1, (1489, 1400)=True d=1384
*OK: <111100100000 011100000101 010111010001 010101111000>=1, (1489, 1400)=True d=1384
*OK: <000101011010 111001001110 010111010001 010101111000>=1, (1489, 1400)=True d=1384
*OK: <110011010000 001110111011 010111010001 010101111000>=1, (1489, 1400)=True d=1384
*OK: <011010011010 111010000111 010111010001 010101111000>=1, (1489, 1400)=True d=1384
*OK: <100111000010 000101110111 010111010001 010101111000>=1, (1489, 1400)=True d=1384
*OK: <100101011101 110111001110 010111010001 010101111000>=1, (1489, 1400)=True d=1384
*OK: <100100001011 000101111010 010111010001 010101111000>=1, (1489, 1400)=True d=1384
*OK: <100110110110 001101110111 010111010001 010101111000>=1, (1489, 1400)=True d=1384
*OK: <101101110100 101100011000 010111010001 010101111000>=1, (1489, 1400)=True d=1384
*OK: <110001110110 111000010011 010111010001 010101111000>=1, (1489, 1400)=True d=1384
*OK: <101010110011 011101110010 010111010001 010101111000>=1, (1489, 1400)=True d=1384
*OK: <111011011101 110101011011 010111010001 010101111000>=1, (1489, 1400)=True d=1384
*OK: <111011111000 111000000101 010111010001 010101111000>=1, (1489, 1400)=True d=1384
*OK: <101010100100 010011000111 010111010001 010101111000>=1, (1489, 1400)=True d=1384
*OK: <101001011101 011001110011 010111010001 010101111000>=1, (1489, 1400)=True d=1384
*OK: <100111001000 000001110110 010111010001 010101111000>=1, (1489, 1400)=True d=1384
*OK: <011011100110 101111011011 010111010001 010101111000>=1, (1489, 1400)=True d=1384
*OK: <101000101001 111101110100 010111010001 010101111000>=1, (1489, 1400)=True d=1384
*OK: <001010111101 000001000111 010111010001 010101111000>=1, (1489, 1400)=True d=1384
*OK: <101011001110 100000011011 010111010001 010101111000>=1, (1489, 1400)=True d=1384
*OK: <101000000111 010101110101 010111010001 010101111000>=1, (1489, 1400)=True d=1384
*OK: <111100100110 011000000101 010111010001 010101111000>=1, (1489, 1400)=True d=1384
*OK: <011100101111 010010000100 010111010001 010101111000>=1, (1489, 1400)=True d=1384
*OK: <000111100000 000110100000 010111010001 010101111000>=1, (1489, 1400)=True d=1384
*OK: <101100111111 100111000100 010111010001 010101111000>=1, (1489, 1400)=True d=1384
*OK: <110110111011 101010110111 010111010001 010101111000>=1, (1489, 1400)=True d=1384
*OK: <101100000111 111000011001 010111010001 010101111000>=1, (1489, 1400)=True d=1384
*OK: <110100000111 111101100101 010111010001 010101111000>=1, (1489, 1400)=True d=1384
*OK: <110000000101 110001101011 010111010001 010101111000>=1, (1489, 1400)=True d=1384
-NG: <000111001110 111011110110 010111010001 010101111000>=1, (1489, 1400)=True
*OK: <110101010010 001001100100 010111010001 010101111000>=1, (1489, 1400)=True d=1384
*OK: <001000100110 111111110100 010111010001 010101111000>=1, (1489, 1400)=True d=1384
-NG: <000010000110 001101010101 010111010001 010101111000>=1, (1489, 1400)=True
*OK: <111101111011 011100000011 010111010001 010101111000>=1, (1489, 1400)=True d=1384
*OK: <010111001101 110011100001 010111010001 010101111000>=1, (1489, 1400)=True d=1384
*OK: <011001101010 110000110011 010111010001 010101111000>=1, (1489, 1400)=True d=1384
*OK: <111111101001 010000000000 010111010001 010101111000>=1, (1489, 1400)=True d=1384
*OK: <111011001110 101010110001 010111010001 010101111000>=1, (1489, 1400)=True d=1384
-NG: <100111100000 101101110110 010111010001 010101111000>=1, (1489, 1400)=True
*OK: <000101110101 111011111000 010111010001 010101111000>=1, (1489, 1400)=True d=1384
*OK: <001010111000 000101000111 010111010001 010101111000>=1, (1489, 1400)=True d=1384
*OK: <010011111011 110000111011 010111010001 010101111000>=1, (1489, 1400)=True d=1384
*OK: <101000010000 111011001010 010111010001 010101111000>=1, (1489, 1400)=True d=1384
*OK: <010000010010 111110010101 010111010001 010101111000>=1, (1489, 1400)=True d=1384
*OK: <101011111110 101001110000 010111010001 010101111000>=1, (1489, 1400)=True d=1384
*OK: <110011111011 000101100110 010111010001 010101111000>=1, (1489, 1400)=True d=1384
*OK: <100001100011 010000101000 010111010001 010101111000>=1, (1489, 1400)=True d=1384
*OK: <100000110101 110000101001 010111010001 010101111000>=1, (1489, 1400)=True d=1384
*OK: <101000010100 110111001100 010111010001 010101111000>=1, (1489, 1400)=True d=1384
*OK: <010011000000 101111100101 010111010001 010101111000>=1, (1489, 1400)=True d=1384
*OK: <110010100110 000001100111 010111010001 010101111000>=1, (1489, 1400)=True d=1384
*OK: <001001010110 001001001001 010111010001 010101111000>=1, (1489, 1400)=True d=1384
*OK: <000101110011 010010100011 010111010001 010101111000>=1, (1489, 1400)=True d=1384
*OK: <011001000001 001100110100 010111010001 010101111000>=1, (1489, 1400)=True d=1384
*OK: <001001101001 100110011110 010111010001 010101111000>=1, (1489, 1400)=True d=1384
*OK: <111110101010 111100000010 010111010001 010101111000>=1, (1489, 1400)=True d=1384
*OK: <011111110000 100000101011 010111010001 010101111000>=1, (1489, 1400)=True d=1384
*OK: <000001000101 001111111101 010111010001 010101111000>=1, (1489, 1400)=True d=1384
-NG: <001101011001 000010011001 010111010001 010101111000>=1, (1489, 1400)=True
*OK: <100100110101 010011001111 010111010001 010101111000>=1, (1489, 1400)=True d=1384
*OK: <110010001001 010101101000 010111010001 010101111000>=1, (1489, 1400)=True d=1384
*OK: <011000010000 011010001010 010111010001 010101111000>=1, (1489, 1400)=True d=1384
*OK: <101100000001 111100011010 010111010001 010101111000>=1, (1489, 1400)=True d=1384
*OK: <101111100001 100000010110 010111010001 010101111000>=1, (1489, 1400)=True d=1384
*OK: <001010010010 001010011101 010111010001 010101111000>=1, (1489, 1400)=True d=1384
*OK: <000010011001 101010100111 010111010001 010101111000>=1, (1489, 1400)=True d=1384
Success: d=1384 count=93
