bit_length=3 prime=5 G=(0, 1) n=7 Q=(3, 3)
Creating Quantum Circuit
(1/3)
(2/3)
(3/3)
Complete Quantum Circuit 0.396[s]
  qubit_size=61 gate_count=13496
execute circuit 10000/13496 0.136
-NG: <000 000 001 010>=18, (1, 2)=True
*OK: <101 110 001 010>=12, (1, 2)=True d=3
*OK: <001 011 001 010>=11, (1, 2)=True d=3
*OK: <111 101 001 010>=8, (1, 2)=True d=3
*OK: <010 111 001 010>=7, (1, 2)=True d=3
*OK: <110 001 001 010>=7, (1, 2)=True d=3
*OK: <011 010 001 010>=6, (1, 2)=True d=3
*OK: <001 100 001 010>=5, (1, 2)=True d=3
*OK: <100 110 001 010>=3, (1, 2)=True d=3
*OK: <111 100 001 010>=3, (1, 2)=True d=3
*OK: <100 010 001 010>=2, (1, 2)=True d=3
-NG: <111 001 001 010>=2, (1, 2)=True
-NG: <011 100 001 010>=2, (1, 2)=True
-NG: <001 001 001 010>=2, (1, 2)=True
*OK: <011 111 001 010>=2, (1, 2)=True d=3
-NG: <010 010 001 010>=1, (1, 2)=True
-NG: <111 011 001 010>=1, (1, 2)=True
-NG: <010 001 001 010>=1, (1, 2)=True
-NG: <001 101 001 010>=1, (1, 2)=True
*OK: <100 101 001 010>=1, (1, 2)=True d=3
-NG: <000 111 001 010>=1, (1, 2)=True
-NG: <111 010 001 010>=1, (1, 2)=True
-NG: <101 011 001 010>=1, (1, 2)=True
*OK: <101 101 001 010>=1, (1, 2)=True d=3
-NG: <110 110 001 010>=1, (1, 2)=True
Success: d=3 count=68
