bit_length=3 prime=5 G=(0, 1) n=7 Q=(3, 3)
Creating Quantum Circuit
(1/3)
(2/3)
Complete aG+bQ
Complete Quantum Circuit 0.140[s]
  qubit_size=50 gate_count=5100 depth=4563
*OK: <010 111 011 010>=17, (3, 2)=True d=3
-NG: <000 000 011 010>=13, (3, 2)=True
*OK: <101 110 011 010>=11, (3, 2)=True d=3
*OK: <111 101 011 010>=8, (3, 2)=True d=3
*OK: <110 001 011 010>=7, (3, 2)=True d=3
*OK: <001 011 011 010>=6, (3, 2)=True d=3
*OK: <011 010 011 010>=4, (3, 2)=True d=3
*OK: <001 100 011 010>=4, (3, 2)=True d=3
*OK: <101 001 011 010>=3, (3, 2)=True d=3
*OK: <111 100 011 010>=3, (3, 2)=True d=3
*OK: <011 111 011 010>=3, (3, 2)=True d=3
-NG: <101 100 011 010>=2, (3, 2)=True
*OK: <100 010 011 010>=2, (3, 2)=True d=3
*OK: <101 101 011 010>=2, (3, 2)=True d=3
-NG: <001 010 011 010>=2, (3, 2)=True
*OK: <011 011 011 010>=2, (3, 2)=True d=3
-NG: <011 001 011 010>=1, (3, 2)=True
-NG: <001 101 011 010>=1, (3, 2)=True
-NG: <010 000 011 010>=1, (3, 2)=True
-NG: <000 010 011 010>=1, (3, 2)=True
-NG: <111 010 011 010>=1, (3, 2)=True
*OK: <100 110 011 010>=1, (3, 2)=True d=3
-NG: <101 011 011 010>=1, (3, 2)=True
-NG: <001 111 011 010>=1, (3, 2)=True
-NG: <101 111 011 010>=1, (3, 2)=True
*OK: <010 011 011 010>=1, (3, 2)=True d=3
*OK: <110 010 011 010>=1, (3, 2)=True d=3
Success: d=3 count=75
