bit_length=3 prime=5 G=(0, 1) n=7 Q=(3, 3)
Creating Quantum Circuit
set P [(0, 1), (1, 3), (3, 2)]
set Q [(3, 3), (0, 4), (1, 2)]
add P(all)+Q(all)
Make Uncompute
Complete aG+bQ
Complete Quantum Circuit 0.046[s]
  qubit_size=76 gate_count=1710 depth=1542
Start Transpile ibm_fez 0
End Transpile 18.674[s] size=505461 depth=270058, ops=OrderedDict({'sx': 267887, 'cz': 127056, 'rz': 109939, 'x': 567, 'measure': 12, 'barrier': 2})
-NG: <010 001 001 000>=3, (1, 0)=False
-NG: <001 010 001 100>=3, (1, 4)=False
-NG: <000 100 000 000>=3, (0, 0)=True
-NG: <001 010 000 100>=3, (0, 4)=True
-NG: <000 011 001 100>=3, (1, 4)=False
*OK: <010 110 000 100>=3, (0, 4)=True d=3
*OK: <011 110 001 100>=2, (1, 4)=False d=3
-NG: <110 110 000 100>=2, (0, 4)=True
*OK: <011 110 000 100>=2, (0, 4)=True d=3
-NG: <100 111 000 000>=2, (0, 0)=True
*OK: <100 110 001 100>=2, (1, 4)=False d=3
*OK: <011 011 000 000>=2, (0, 0)=True d=3
-NG: <010 101 001 100>=2, (1, 4)=False
-NG: <101 100 000 000>=1, (0, 0)=True
-NG: <100 001 001 000>=1, (1, 0)=False
*OK: <011 111 001 000>=1, (1, 0)=False d=3
*OK: <101 001 000 000>=1, (0, 0)=True d=3
*OK: <010 100 001 100>=1, (1, 4)=False d=3
-NG: <010 101 011 000>=1, (3, 0)=False
*OK: <001 011 001 000>=1, (1, 0)=False d=3
*OK: <011 110 000 000>=1, (0, 0)=True d=3
-NG: <010 101 001 000>=1, (1, 0)=False
-NG: <000 010 000 100>=1, (0, 4)=True
*OK: <101 001 000 100>=1, (0, 4)=True d=3
-NG: <101 111 000 100>=1, (0, 4)=True
*OK: <110 010 001 100>=1, (1, 4)=False d=3
-NG: <000 010 001 000>=1, (1, 0)=False
-NG: <111 111 001 100>=1, (1, 4)=False
-NG: <000 101 000 100>=1, (0, 4)=True
*OK: <110 100 000 100>=1, (0, 4)=True d=3
-NG: <101 000 001 000>=1, (1, 0)=False
-NG: <010 001 000 100>=1, (0, 4)=True
-NG: <000 011 001 000>=1, (1, 0)=False
-NG: <101 100 001 000>=1, (1, 0)=False
*OK: <001 011 000 100>=1, (0, 4)=True d=3
-NG: <100 000 000 000>=1, (0, 0)=True
*OK: <010 110 001 000>=1, (1, 0)=False d=3
-NG: <111 000 001 100>=1, (1, 4)=False
-NG: <000 011 000 100>=1, (0, 4)=True
-NG: <000 000 001 100>=1, (1, 4)=False
-NG: <001 000 000 000>=1, (0, 0)=True
*OK: <101 110 001 000>=1, (1, 0)=False d=3
*OK: <001 100 000 000>=1, (0, 0)=True d=3
*OK: <010 100 001 000>=1, (1, 0)=False d=3
-NG: <001 110 000 000>=1, (0, 0)=True
*OK: <101 110 000 000>=1, (0, 0)=True d=3
-NG: <111 111 001 000>=1, (1, 0)=False
-NG: <101 000 000 000>=1, (0, 0)=True
-NG: <000 110 001 100>=1, (1, 4)=False
-NG: <010 000 000 100>=1, (0, 4)=True
*OK: <100 101 000 100>=1, (0, 4)=True d=3
-NG: <010 010 000 100>=1, (0, 4)=True
*OK: <101 001 001 100>=1, (1, 4)=False d=3
-NG: <111 000 000 100>=1, (0, 4)=True
*OK: <010 110 001 100>=1, (1, 4)=False d=3
*OK: <010 011 001 100>=1, (1, 4)=False d=3
*OK: <010 100 000 000>=1, (0, 0)=True d=3
-NG: <000 000 000 000>=1, (0, 0)=True
-NG: <000 111 000 000>=1, (0, 0)=True
-NG: <001 111 000 100>=1, (0, 4)=True
*OK: <100 110 001 000>=1, (1, 0)=False d=3
-NG: <111 111 000 100>=1, (0, 4)=True
-NG: <001 111 000 000>=1, (0, 0)=True
-NG: <111 010 000 000>=1, (0, 0)=True
-NG: <011 101 000 000>=1, (0, 0)=True
-NG: <100 111 001 000>=1, (1, 0)=False
*OK: <101 001 001 000>=1, (1, 0)=False d=3
-NG: <011 100 001 000>=1, (1, 0)=False
-NG: <000 111 001 000>=1, (1, 0)=False
-NG: <001 010 000 000>=1, (0, 0)=True
-NG: <101 011 000 000>=1, (0, 0)=True
-NG: <010 001 000 000>=1, (0, 0)=True
-NG: <011 001 001 100>=1, (1, 4)=False
-NG: <000 101 000 000>=1, (0, 0)=True
-NG: <110 000 001 100>=1, (1, 4)=False
*OK: <100 010 000 100>=1, (0, 4)=True d=3
-NG: <001 110 000 100>=1, (0, 4)=True
-NG: <101 111 001 100>=1, (1, 4)=False
-NG: <111 001 001 000>=1, (1, 0)=False
-NG: <100 100 001 000>=1, (1, 0)=False
*OK: <100 011 000 100>=1, (0, 4)=True d=3
Success: d=3 count=34
