bit_length=3 prime=5 G=(0, 1) n=7 Q=(3, 3)
Creating Quantum Circuit
set P [(0, 1), (1, 3), (3, 2)]
set Q [(3, 3), (0, 4), (1, 2)]
add P(all)+Q(all)
Make Uncompute
Complete aG+bQ
Complete Quantum Circuit 0.044[s]
  qubit_size=76 gate_count=1710 depth=1542
JIT mode: None
-NG: <000 000 001 010>=15, (1, 2)=True
*OK: <010 111 001 010>=13, (1, 2)=True d=3
*OK: <110 001 001 010>=10, (1, 2)=True d=3
*OK: <111 101 001 010>=10, (1, 2)=True d=3
*OK: <011 010 001 010>=8, (1, 2)=True d=3
*OK: <001 011 001 010>=7, (1, 2)=True d=3
*OK: <001 100 001 010>=4, (1, 2)=True d=3
*OK: <101 110 001 010>=3, (1, 2)=True d=3
*OK: <111 100 001 010>=3, (1, 2)=True d=3
*OK: <101 001 001 010>=3, (1, 2)=True d=3
*OK: <010 110 001 010>=2, (1, 2)=True d=3
-NG: <011 101 001 010>=2, (1, 2)=True
-NG: <000 101 001 010>=2, (1, 2)=True
*OK: <100 010 001 010>=2, (1, 2)=True d=3
*OK: <100 110 001 010>=2, (1, 2)=True d=3
*OK: <100 101 001 010>=2, (1, 2)=True d=3
*OK: <100 011 001 010>=2, (1, 2)=True d=3
-NG: <101 011 001 010>=1, (1, 2)=True
-NG: <000 100 001 010>=1, (1, 2)=True
-NG: <110 111 001 010>=1, (1, 2)=True
-NG: <011 100 001 010>=1, (1, 2)=True
*OK: <011 111 001 010>=1, (1, 2)=True d=3
*OK: <010 100 001 010>=1, (1, 2)=True d=3
-NG: <011 000 001 010>=1, (1, 2)=True
*OK: <010 011 001 010>=1, (1, 2)=True d=3
*OK: <011 011 001 010>=1, (1, 2)=True d=3
-NG: <010 010 001 010>=1, (1, 2)=True
Success: d=3 count=75
