bit_length=4 prime=13 G=(11, 5) n=7 Q=(11, 8)
Creating Quantum Circuit
(1/3)
(2/3)
(3/3)
Complete Quantum Circuit 1.580[s]
  qubit_size=78 gate_count=48261
execute circuit 10000/48261 0.152
execute circuit 20000/48261 0.301
execute circuit 30000/48261 0.450
execute circuit 40000/48261 0.600
-NG: <000 000 0000 0000>=22, (0, 0)=True
*OK: <111 001 0000 0000>=14, (0, 0)=True d=6
*OK: <101 011 0000 0000>=11, (0, 0)=True d=6
*OK: <110 010 0000 0000>=10, (0, 0)=True d=6
*OK: <011 101 0000 0000>=8, (0, 0)=True d=6
*OK: <001 111 0000 0000>=7, (0, 0)=True d=6
*OK: <010 110 0000 0000>=7, (0, 0)=True d=6
*OK: <100 100 0000 0000>=4, (0, 0)=True d=6
-NG: <001 001 0000 0000>=1, (0, 0)=True
-NG: <110 111 0000 0000>=1, (0, 0)=True
*OK: <111 010 0000 0000>=1, (0, 0)=True d=6
-NG: <101 110 0000 0000>=1, (0, 0)=True
-NG: <110 101 0000 0000>=1, (0, 0)=True
-NG: <001 100 0000 0000>=1, (0, 0)=True
-NG: <001 000 0000 0000>=1, (0, 0)=True
*OK: <100 101 0000 0000>=1, (0, 0)=True d=6
*OK: <010 111 0000 0000>=1, (0, 0)=True d=6
-NG: <001 010 0000 0000>=1, (0, 0)=True
*OK: <101 100 0000 0000>=1, (0, 0)=True d=6
-NG: <100 001 0000 0000>=1, (0, 0)=True
-NG: <010 010 0000 0000>=1, (0, 0)=True
-NG: <000 010 0000 0000>=1, (0, 0)=True
-NG: <000 001 0000 0000>=1, (0, 0)=True
-NG: <111 100 0000 0000>=1, (0, 0)=True
-NG: <100 010 0000 0000>=1, (0, 0)=True
Success: d=6 count=65
