bit_length=4 prime=13 G=(11, 5) n=7 Q=(11, 8)
Creating Quantum Circuit
(1/3)
(2/3)
Complete aG+bQ
Complete Quantum Circuit 0.566[s]
  qubit_size=75 gate_count=19514 depth=18720
execute circuit 10000/19516 0.150
-NG: <000 000 1000 0101>=18, (8, 5)=True
*OK: <111 001 1000 0101>=18, (8, 5)=True d=6
*OK: <001 111 1000 0101>=11, (8, 5)=True d=6
*OK: <101 100 1000 0101>=8, (8, 5)=True d=6
*OK: <100 011 1000 0101>=7, (8, 5)=True d=6
*OK: <100 101 1000 0101>=6, (8, 5)=True d=6
*OK: <011 110 1000 0101>=5, (8, 5)=True d=6
*OK: <010 110 1000 0101>=5, (8, 5)=True d=6
*OK: <110 010 1000 0101>=5, (8, 5)=True d=6
*OK: <010 101 1000 0101>=3, (8, 5)=True d=6
*OK: <011 100 1000 0101>=3, (8, 5)=True d=6
*OK: <110 011 1000 0101>=2, (8, 5)=True d=6
-NG: <100 001 1000 0101>=2, (8, 5)=True
-NG: <110 110 1000 0101>=1, (8, 5)=True
-NG: <000 101 1000 0101>=1, (8, 5)=True
-NG: <111 100 1000 0101>=1, (8, 5)=True
-NG: <001 000 1000 0101>=1, (8, 5)=True
*OK: <101 011 1000 0101>=1, (8, 5)=True d=6
*OK: <110 001 1000 0101>=1, (8, 5)=True d=6
*OK: <011 101 1000 0101>=1, (8, 5)=True d=6
Success: d=6 count=76
