bit_length=4 prime=13 G=(11, 5) n=7 Q=(11, 8)
Creating Quantum Circuit
set P [(11, 5), (7, 5), (8, 5)]
set Q [(11, 8), (7, 8), (8, 8)]
add P(all)+Q(all)
Make Uncompute
Complete aG+bQ
Complete Quantum Circuit 0.200[s]
  qubit_size=120 gate_count=6522 depth=6283
Start Transpile ibm_fez 0
End Transpile 88.421[s] size=2080814 depth=1117623, ops=OrderedDict({'sx': 1107430, 'cz': 524356, 'rz': 447024, 'x': 1990, 'measure': 14, 'barrier': 2})
-NG: <000 101 0010 0000>=4, (2, 0)=False
-NG: <000 011 0010 0000>=3, (2, 0)=False
-NG: <011 000 0000 0000>=3, (0, 0)=True
-NG: <000 111 0010 0000>=3, (2, 0)=False
-NG: <000 001 0010 0000>=3, (2, 0)=False
-NG: <001 010 0010 0000>=2, (2, 0)=False
-NG: <000 000 0000 0000>=2, (0, 0)=True
*OK: <001 110 0010 0000>=2, (2, 0)=False d=6
-NG: <110 000 0010 0000>=2, (2, 0)=False
-NG: <010 001 0010 0000>=2, (2, 0)=False
*OK: <110 010 0010 0000>=2, (2, 0)=False d=6
-NG: <010 011 0010 0000>=2, (2, 0)=False
-NG: <000 100 0010 0000>=2, (2, 0)=False
*OK: <111 001 0010 0000>=2, (2, 0)=False d=6
-NG: <000 001 0000 0000>=2, (0, 0)=True
*OK: <101 011 0100 0000>=1, (4, 0)=False d=6
-NG: <100 001 0001 0000>=1, (1, 0)=False
*OK: <001 110 0000 0000>=1, (0, 0)=True d=6
-NG: <110 100 0000 0000>=1, (0, 0)=True
-NG: <100 001 0011 0000>=1, (3, 0)=False
-NG: <001 000 0011 0000>=1, (3, 0)=False
-NG: <100 110 0011 0000>=1, (3, 0)=False
-NG: <010 000 0000 0000>=1, (0, 0)=True
*OK: <110 001 0000 0000>=1, (0, 0)=True d=6
-NG: <111 111 0010 0000>=1, (2, 0)=False
-NG: <000 110 0010 0000>=1, (2, 0)=False
*OK: <010 111 0010 0000>=1, (2, 0)=False d=6
-NG: <001 010 0000 0000>=1, (0, 0)=True
*OK: <010 111 0100 0000>=1, (4, 0)=False d=6
*OK: <010 110 0010 0001>=1, (2, 1)=False d=6
-NG: <010 011 0000 0001>=1, (0, 1)=False
*OK: <101 010 0000 0000>=1, (0, 0)=True d=6
-NG: <010 100 0010 0000>=1, (2, 0)=False
-NG: <100 110 0010 0000>=1, (2, 0)=False
-NG: <101 110 0001 0001>=1, (1, 1)=False
-NG: <100 010 0000 0000>=1, (0, 0)=True
-NG: <001 100 0000 0000>=1, (0, 0)=True
-NG: <110 110 0000 0000>=1, (0, 0)=True
*OK: <001 111 0010 0000>=1, (2, 0)=False d=6
-NG: <101 000 0000 0000>=1, (0, 0)=True
-NG: <010 001 0000 0000>=1, (0, 0)=True
*OK: <111 001 0000 0000>=1, (0, 0)=True d=6
*OK: <010 110 0110 0000>=1, (6, 0)=False d=6
*OK: <100 100 0001 0000>=1, (1, 0)=False d=6
*OK: <110 011 0011 0000>=1, (3, 0)=False d=6
-NG: <001 000 0010 0000>=1, (2, 0)=False
-NG: <101 111 0010 0000>=1, (2, 0)=False
*OK: <111 001 0110 0001>=1, (6, 1)=False d=6
-NG: <111 100 0010 0000>=1, (2, 0)=False
-NG: <000 110 0110 0000>=1, (6, 0)=False
-NG: <000 111 0000 0000>=1, (0, 0)=True
-NG: <011 111 0110 0000>=1, (6, 0)=False
-NG: <000 011 0000 0000>=1, (0, 0)=True
*OK: <110 011 0010 0000>=1, (2, 0)=False d=6
-NG: <111 110 0000 0000>=1, (0, 0)=True
-NG: <001 001 0001 0000>=1, (1, 0)=False
-NG: <100 000 0010 0000>=1, (2, 0)=False
*OK: <101 100 0000 0000>=1, (0, 0)=True d=6
-NG: <100 110 0000 0000>=1, (0, 0)=True
-NG: <010 100 0000 0000>=1, (0, 0)=True
-NG: <010 100 0011 0000>=1, (3, 0)=False
*OK: <101 100 0010 0010>=1, (2, 2)=False d=6
-NG: <001 011 0000 0000>=1, (0, 0)=True
*OK: <100 011 0000 0000>=1, (0, 0)=True d=6
-NG: <011 010 0000 0000>=1, (0, 0)=True
-NG: <111 011 0010 0000>=1, (2, 0)=False
-NG: <100 111 0000 0000>=1, (0, 0)=True
-NG: <010 011 0000 0000>=1, (0, 0)=True
-NG: <000 010 0010 0000>=1, (2, 0)=False
*OK: <111 010 0010 0000>=1, (2, 0)=False d=6
*OK: <101 011 0000 0000>=1, (0, 0)=True d=6
-NG: <101 110 0010 0000>=1, (2, 0)=False
-NG: <100 000 0000 0000>=1, (0, 0)=True
-NG: <000 101 0100 0000>=1, (4, 0)=False
-NG: <010 010 0010 0000>=1, (2, 0)=False
-NG: <110 110 0010 0000>=1, (2, 0)=False
-NG: <011 011 0000 0000>=1, (0, 0)=True
*OK: <100 100 0000 0000>=1, (0, 0)=True d=6
-NG: <001 101 0010 0000>=1, (2, 0)=False
Success: d=6 count=26
