bit_length=4 prime=13 G=(11, 5) n=7 Q=(11, 8)
Creating Quantum Circuit
set P [(11, 5), (7, 5), (8, 5)]
set Q [(11, 8), (7, 8), (8, 8)]
add P(all)+Q(all)
Make Uncompute
Complete aG+bQ
Complete Quantum Circuit 0.167[s]
  qubit_size=120 gate_count=6522 depth=6283
JIT mode: None
-NG: <000 000 1000 0101>=14, (8, 5)=True
*OK: <111 001 1000 0101>=11, (8, 5)=True d=6
*OK: <110 010 1000 0101>=9, (8, 5)=True d=6
*OK: <001 111 1000 0101>=9, (8, 5)=True d=6
*OK: <010 101 1000 0101>=7, (8, 5)=True d=6
*OK: <010 110 1000 0101>=6, (8, 5)=True d=6
*OK: <100 011 1000 0101>=6, (8, 5)=True d=6
*OK: <011 101 1000 0101>=5, (8, 5)=True d=6
*OK: <100 101 1000 0101>=5, (8, 5)=True d=6
*OK: <101 100 1000 0101>=4, (8, 5)=True d=6
*OK: <011 110 1000 0101>=2, (8, 5)=True d=6
*OK: <010 111 1000 0101>=2, (8, 5)=True d=6
*OK: <101 010 1000 0101>=2, (8, 5)=True d=6
-NG: <001 100 1000 0101>=2, (8, 5)=True
*OK: <110 011 1000 0101>=2, (8, 5)=True d=6
-NG: <111 111 1000 0101>=1, (8, 5)=True
*OK: <111 010 1000 0101>=1, (8, 5)=True d=6
*OK: <001 110 1000 0101>=1, (8, 5)=True d=6
-NG: <000 101 1000 0101>=1, (8, 5)=True
-NG: <011 010 1000 0101>=1, (8, 5)=True
-NG: <100 000 1000 0101>=1, (8, 5)=True
*OK: <011 100 1000 0101>=1, (8, 5)=True d=6
-NG: <000 100 1000 0101>=1, (8, 5)=True
*OK: <110 001 1000 0101>=1, (8, 5)=True d=6
-NG: <000 001 1000 0101>=1, (8, 5)=True
-NG: <111 011 1000 0101>=1, (8, 5)=True
*OK: <101 011 1000 0101>=1, (8, 5)=True d=6
-NG: <010 011 1000 0101>=1, (8, 5)=True
-NG: <100 111 1000 0101>=1, (8, 5)=True
Success: d=6 count=75
