bit_length=5 prime=23 G=(7, 4) n=11 Q=(9, 6)
Creating Quantum Circuit
set [(7, 4), (12, 7), (8, 5)]
add 3/8 [(20, 21), (9, 6), (7, 4)] 
add 6/8 [(12, 7), (8, 5)] 
Complete aG+bQ
Complete Quantum Circuit 1.591[s]
  qubit_size=93 gate_count=47986 depth=46860
JIT mode: None
execute circuit 10000/47988 0.174
execute circuit 20000/47988 0.342
execute circuit 30000/47988 0.508
execute circuit 40000/47988 0.674
*OK: <0110 0011 01100 00111>=11, (12, 7)=True d=6
*OK: <1010 1101 01100 00111>=11, (12, 7)=True d=6
-NG: <0000 0000 01100 00111>=9, (12, 7)=True
*OK: <1001 0100 01100 00111>=6, (12, 7)=True d=6
*OK: <0111 1100 01100 00111>=6, (12, 7)=True d=6
*OK: <1100 0110 01100 00111>=6, (12, 7)=True d=6
*OK: <0001 1001 01100 00111>=5, (12, 7)=True d=6
*OK: <1101 1111 01100 00111>=5, (12, 7)=True d=6
*OK: <0100 1010 01100 00111>=5, (12, 7)=True d=6
*OK: <0011 0001 01100 00111>=3, (12, 7)=True d=6
*OK: <0010 1001 01100 00111>=3, (12, 7)=True d=6
*OK: <0011 0010 01100 00111>=2, (12, 7)=True d=6
*OK: <1011 0110 01100 00111>=2, (12, 7)=True d=6
*OK: <1101 1110 01100 00111>=2, (12, 7)=True d=6
*OK: <1101 0110 01100 00111>=2, (12, 7)=True d=6
*OK: <0111 0100 01100 00111>=1, (12, 7)=True d=6
*OK: <1000 0011 01100 00111>=1, (12, 7)=True d=6
*OK: <0111 1011 01100 00111>=1, (12, 7)=True d=6
-NG: <0011 0111 01100 00111>=1, (12, 7)=True
-NG: <1011 0011 01100 00111>=1, (12, 7)=True
*OK: <1000 1011 01100 00111>=1, (12, 7)=True d=6
*OK: <1110 1110 01100 00111>=1, (12, 7)=True d=6
-NG: <0000 1001 01100 00111>=1, (12, 7)=True
-NG: <1010 1011 01100 00111>=1, (12, 7)=True
*OK: <1000 0100 01100 00111>=1, (12, 7)=True d=6
-NG: <1101 0000 01100 00111>=1, (12, 7)=True
-NG: <1101 1101 01100 00111>=1, (12, 7)=True
*OK: <0110 1100 01100 00111>=1, (12, 7)=True d=6
*OK: <0011 1010 01100 00111>=1, (12, 7)=True d=6
*OK: <0111 1101 01100 00111>=1, (12, 7)=True d=6
-NG: <0001 0111 01100 00111>=1, (12, 7)=True
-NG: <1001 0001 01100 00111>=1, (12, 7)=True
*OK: <0011 1001 01100 00111>=1, (12, 7)=True d=6
*OK: <1111 0111 01100 00111>=1, (12, 7)=True d=6
-NG: <1010 0110 01100 00111>=1, (12, 7)=True
-NG: <0011 0110 01100 00111>=1, (12, 7)=True
-NG: <0001 1011 01100 00111>=1, (12, 7)=True
Success: d=6 count=80
