bit_length=5 prime=23 G=(7, 4) n=11 Q=(9, 6)
Creating Quantum Circuit
set P [(7, 4), (12, 7), (8, 5)]
set Q [(9, 6), (7, 4), (12, 7)]
add P(last)+Q'last)
Make Uncompute
Complete aG+bQ
Complete Quantum Circuit 0.756[s]
  qubit_size=223 gate_count=24010 depth=23412
JIT mode: None
execute circuit 10000/24012 0.210
execute circuit 20000/24012 0.440
*OK: <0100 1010 01100 10000>=8, (12, 16)=True d=6
-NG: <0000 0000 01100 10000>=8, (12, 16)=True
*OK: <0110 0011 01100 10000>=8, (12, 16)=True d=6
*OK: <1010 1101 01100 10000>=8, (12, 16)=True d=6
*OK: <1101 1110 01100 10000>=6, (12, 16)=True d=6
*OK: <1001 0100 01100 10000>=5, (12, 16)=True d=6
*OK: <1101 1111 01100 10000>=4, (12, 16)=True d=6
*OK: <0111 1100 01100 10000>=4, (12, 16)=True d=6
*OK: <1100 0110 01100 10000>=4, (12, 16)=True d=6
*OK: <0010 1001 01100 10000>=3, (12, 16)=True d=6
*OK: <0011 0001 01100 10000>=3, (12, 16)=True d=6
*OK: <1000 0100 01100 10000>=2, (12, 16)=True d=6
*OK: <1111 0111 01100 10000>=2, (12, 16)=True d=6
*OK: <0001 1001 01100 10000>=2, (12, 16)=True d=6
*OK: <0010 1000 01100 10000>=2, (12, 16)=True d=6
*OK: <1110 0111 01100 10000>=2, (12, 16)=True d=6
*OK: <1011 0110 01100 10000>=2, (12, 16)=True d=6
*OK: <0110 1100 01100 10000>=2, (12, 16)=True d=6
-NG: <0100 0011 01100 10000>=1, (12, 16)=True
-NG: <1001 1111 01100 10000>=1, (12, 16)=True
-NG: <0011 1111 01100 10000>=1, (12, 16)=True
-NG: <0000 1001 01100 10000>=1, (12, 16)=True
*OK: <1001 0101 01100 10000>=1, (12, 16)=True d=6
-NG: <0001 0111 01100 10000>=1, (12, 16)=True
-NG: <1100 0011 01100 10000>=1, (12, 16)=True
-NG: <1100 1101 01100 10000>=1, (12, 16)=True
*OK: <1000 0011 01100 10000>=1, (12, 16)=True d=6
*OK: <1000 1100 01100 10000>=1, (12, 16)=True d=6
*OK: <1110 0110 01100 10000>=1, (12, 16)=True d=6
-NG: <0010 0111 01100 10000>=1, (12, 16)=True
-NG: <1101 0000 01100 10000>=1, (12, 16)=True
*OK: <1100 0101 01100 10000>=1, (12, 16)=True d=6
-NG: <1101 0001 01100 10000>=1, (12, 16)=True
-NG: <0011 0111 01100 10000>=1, (12, 16)=True
-NG: <0011 0011 01100 10000>=1, (12, 16)=True
*OK: <0010 0001 01100 10000>=1, (12, 16)=True d=6
-NG: <1101 1011 01100 10000>=1, (12, 16)=True
-NG: <0010 0101 01100 10000>=1, (12, 16)=True
-NG: <1001 0010 01100 10000>=1, (12, 16)=True
-NG: <1000 0111 01100 10000>=1, (12, 16)=True
*OK: <0011 0010 01100 10000>=1, (12, 16)=True d=6
*OK: <1010 0100 01100 10000>=1, (12, 16)=True d=6
-NG: <1101 0010 01100 10000>=1, (12, 16)=True
Success: d=6 count=75
