bit_length=6 prime=43 G=(34, 3) n=31 Q=(21, 25)
Creating Quantum Circuit
(1/5)
(2/5)
(3/5)
(4/5)
(5/5)
Complete Quantum Circuit 19.906[s]
  qubit_size=152 gate_count=452274
execute circuit 10000/452274 0.212
execute circuit 20000/452274 0.458
execute circuit 30000/452274 0.704
execute circuit 40000/452274 0.949
execute circuit 50000/452274 1.187
execute circuit 60000/452274 1.390
execute circuit 70000/452274 1.613
execute circuit 80000/452274 1.856
execute circuit 90000/452274 2.104
execute circuit 100000/452274 2.348
execute circuit 110000/452274 2.571
execute circuit 120000/452274 2.779
execute circuit 130000/452274 3.018
execute circuit 140000/452274 3.269
execute circuit 150000/452274 3.523
execute circuit 160000/452274 3.770
execute circuit 170000/452274 3.983
execute circuit 180000/452274 4.200
execute circuit 190000/452274 4.449
execute circuit 200000/452274 4.703
execute circuit 210000/452274 4.954
execute circuit 220000/452274 5.191
execute circuit 230000/452274 5.403
execute circuit 240000/452274 5.632
execute circuit 250000/452274 5.881
execute circuit 260000/452274 6.140
execute circuit 270000/452274 6.389
execute circuit 280000/452274 6.613
execute circuit 290000/452274 6.824
execute circuit 300000/452274 7.066
execute circuit 310000/452274 7.318
execute circuit 320000/452274 7.572
execute circuit 330000/452274 7.819
execute circuit 340000/452274 8.032
execute circuit 350000/452274 8.253
execute circuit 360000/452274 8.502
execute circuit 370000/452274 8.759
execute circuit 380000/452274 9.011
execute circuit 390000/452274 9.246
execute circuit 400000/452274 9.461
execute circuit 410000/452274 9.692
execute circuit 420000/452274 9.942
execute circuit 430000/452274 10.199
execute circuit 440000/452274 10.452
execute circuit 450000/452274 10.677
*OK: <11100 10110 010100 101000>=9, (20, 40)=True d=18
-NG: <00000 00000 010100 101000>=6, (20, 40)=True
*OK: <11011 00011 010100 101000>=4, (20, 40)=True d=18
*OK: <01000 10101 010100 101000>=4, (20, 40)=True d=18
*OK: <01100 11111 010100 101000>=3, (20, 40)=True d=18
*OK: <01101 11111 010100 101000>=3, (20, 40)=True d=18
*OK: <11010 10001 010100 101000>=3, (20, 40)=True d=18
*OK: <11101 01000 010100 101000>=3, (20, 40)=True d=18
*OK: <10110 00110 010100 101000>=3, (20, 40)=True d=18
*OK: <11110 11011 010100 101000>=3, (20, 40)=True d=18
*OK: <01010 11010 010100 101000>=3, (20, 40)=True d=18
*OK: <11111 01110 010100 101000>=3, (20, 40)=True d=18
*OK: <10001 11100 010100 101000>=3, (20, 40)=True d=18
*OK: <01001 00111 010100 101000>=2, (20, 40)=True d=18
*OK: <11001 11110 010100 101000>=2, (20, 40)=True d=18
*OK: <11111 01101 010100 101000>=2, (20, 40)=True d=18
*OK: <10011 00001 010100 101000>=2, (20, 40)=True d=18
*OK: <10000 10111 010100 101000>=2, (20, 40)=True d=18
*OK: <10100 00001 010100 101000>=2, (20, 40)=True d=18
*OK: <00001 10011 010100 101000>=2, (20, 40)=True d=18
*OK: <00111 00010 010100 101000>=2, (20, 40)=True d=18
*OK: <10010 11100 010100 101000>=2, (20, 40)=True d=18
*OK: <00100 01010 010100 101000>=2, (20, 40)=True d=18
*OK: <00011 11000 010100 101000>=2, (20, 40)=True d=18
*OK: <00110 01111 010100 101000>=2, (20, 40)=True d=18
*OK: <00101 11101 010100 101000>=2, (20, 40)=True d=18
-NG: <01001 00010 010100 101000>=1, (20, 40)=True
*OK: <01001 10100 010100 101000>=1, (20, 40)=True d=18
-NG: <00001 11111 010100 101000>=1, (20, 40)=True
-NG: <11110 11001 010100 101000>=1, (20, 40)=True
-NG: <01011 01001 010100 101000>=1, (20, 40)=True
*OK: <10000 01001 010100 101000>=1, (20, 40)=True d=18
-NG: <10100 10101 010100 101000>=1, (20, 40)=True
-NG: <10011 01010 010100 101000>=1, (20, 40)=True
*OK: <11100 01000 010100 101000>=1, (20, 40)=True d=18
*OK: <11000 01011 010100 101000>=1, (20, 40)=True d=18
-NG: <10001 10001 010100 101000>=1, (20, 40)=True
-NG: <10010 10000 010100 101000>=1, (20, 40)=True
*OK: <10101 00110 010100 101000>=1, (20, 40)=True d=18
*OK: <00010 00101 010100 101000>=1, (20, 40)=True d=18
-NG: <10010 01001 010100 101000>=1, (20, 40)=True
*OK: <10100 10100 010100 101000>=1, (20, 40)=True d=18
-NG: <00011 10110 010100 101000>=1, (20, 40)=True
*OK: <01111 00100 010100 101000>=1, (20, 40)=True d=18
*OK: <00110 10000 010100 101000>=1, (20, 40)=True d=18
*OK: <01111 10111 010100 101000>=1, (20, 40)=True d=18
-NG: <10110 00101 010100 101000>=1, (20, 40)=True
*OK: <10110 11001 010100 101000>=1, (20, 40)=True d=18
*OK: <10111 11001 010100 101000>=1, (20, 40)=True d=18
*OK: <10010 01111 010100 101000>=1, (20, 40)=True d=18
Success: d=18 count=83
