bit_length=6 prime=43 G=(34, 3) n=31 Q=(21, 25)
Creating Quantum Circuit
set [(37, 36), (35, 21), (29, 31)]
add 3/10 [(34, 3), (25, 25)] no double
add 5/10 [(32, 3), (38, 21), (2, 31)] 
add 8/10 [(7, 36), (21, 25)] 
Complete aG+bQ
Complete Quantum Circuit 5.050[s]
  qubit_size=117 gate_count=138286 depth=136175
JIT mode: single
execute circuit 10000/138288 0.552
execute circuit 20000/138288 0.718
execute circuit 30000/138288 0.871
execute circuit 40000/138288 1.037
execute circuit 50000/138288 1.187
execute circuit 60000/138288 1.355
execute circuit 70000/138288 1.507
execute circuit 80000/138288 1.676
execute circuit 90000/138288 1.841
execute circuit 100000/138288 1.995
execute circuit 110000/138288 2.165
execute circuit 120000/138288 2.317
execute circuit 130000/138288 2.487
*OK: <11100 10110 010100 000011>=6, (20, 3)=True d=18
*OK: <01010 11010 010100 000011>=4, (20, 3)=True d=18
*OK: <00111 00010 010100 000011>=4, (20, 3)=True d=18
*OK: <01111 00100 010100 000011>=3, (20, 3)=True d=18
*OK: <11110 11011 010100 000011>=3, (20, 3)=True d=18
*OK: <10011 00001 010100 000011>=3, (20, 3)=True d=18
*OK: <01110 00100 010100 000011>=3, (20, 3)=True d=18
*OK: <11111 01110 010100 000011>=3, (20, 3)=True d=18
*OK: <11011 00011 010100 000011>=3, (20, 3)=True d=18
*OK: <00101 11101 010100 000011>=3, (20, 3)=True d=18
*OK: <00110 10000 010100 000011>=3, (20, 3)=True d=18
*OK: <10101 10100 010100 000011>=3, (20, 3)=True d=18
*OK: <00010 00101 010100 000011>=2, (20, 3)=True d=18
*OK: <11111 01101 010100 000011>=2, (20, 3)=True d=18
*OK: <01100 11111 010100 000011>=2, (20, 3)=True d=18
*OK: <00011 10111 010100 000011>=2, (20, 3)=True d=18
*OK: <11101 01000 010100 000011>=2, (20, 3)=True d=18
*OK: <10100 00001 010100 000011>=2, (20, 3)=True d=18
*OK: <01011 01100 010100 000011>=2, (20, 3)=True d=18
*OK: <00011 11000 010100 000011>=2, (20, 3)=True d=18
*OK: <10010 11100 010100 000011>=2, (20, 3)=True d=18
*OK: <11001 11110 010100 000011>=2, (20, 3)=True d=18
-NG: <00000 00000 010100 000011>=1, (20, 3)=True
*OK: <01110 10010 010100 000011>=1, (20, 3)=True d=18
*OK: <10101 00111 010100 000011>=1, (20, 3)=True d=18
-NG: <01011 11111 010100 000011>=1, (20, 3)=True
-NG: <01010 01100 010100 000011>=1, (20, 3)=True
-NG: <11111 01010 010100 000011>=1, (20, 3)=True
*OK: <01101 10001 010100 000011>=1, (20, 3)=True d=18
-NG: <11100 11001 010100 000011>=1, (20, 3)=True
*OK: <10001 01001 010100 000011>=1, (20, 3)=True d=18
*OK: <10111 11001 010100 000011>=1, (20, 3)=True d=18
*OK: <01001 01000 010100 000011>=1, (20, 3)=True d=18
*OK: <01000 10101 010100 000011>=1, (20, 3)=True d=18
-NG: <00000 00011 010100 000011>=1, (20, 3)=True
-NG: <10011 10110 010100 000011>=1, (20, 3)=True
*OK: <01000 10100 010100 000011>=1, (20, 3)=True d=18
*OK: <10101 00110 010100 000011>=1, (20, 3)=True d=18
*OK: <10011 01110 010100 000011>=1, (20, 3)=True d=18
-NG: <01100 00100 010100 000011>=1, (20, 3)=True
-NG: <00101 10000 010100 000011>=1, (20, 3)=True
-NG: <00100 11101 010100 000011>=1, (20, 3)=True
*OK: <01010 00111 010100 000011>=1, (20, 3)=True d=18
*OK: <11000 11110 010100 000011>=1, (20, 3)=True d=18
-NG: <11100 10111 010100 000011>=1, (20, 3)=True
*OK: <01101 10010 010100 000011>=1, (20, 3)=True d=18
-NG: <00111 00100 010100 000011>=1, (20, 3)=True
*OK: <10101 10011 010100 000011>=1, (20, 3)=True d=18
-NG: <11110 11001 010100 000011>=1, (20, 3)=True
*OK: <11010 10000 010100 000011>=1, (20, 3)=True d=18
-NG: <01000 00001 010100 000011>=1, (20, 3)=True
-NG: <00111 10101 010100 000011>=1, (20, 3)=True
-NG: <01111 11100 010100 000011>=1, (20, 3)=True
-NG: <00100 10101 010100 000011>=1, (20, 3)=True
*OK: <10100 10100 010100 000011>=1, (20, 3)=True d=18
-NG: <10101 10010 010100 000011>=1, (20, 3)=True
*OK: <01101 11111 010100 000011>=1, (20, 3)=True d=18
*OK: <11001 11101 010100 000011>=1, (20, 3)=True d=18
*OK: <01001 00111 010100 000011>=1, (20, 3)=True d=18
*OK: <10000 01001 010100 000011>=1, (20, 3)=True d=18
*OK: <11100 10101 010100 000011>=1, (20, 3)=True d=18
Success: d=18 count=82
