bit_length=6 prime=43 G=(34, 3) n=31 Q=(21, 25)
Creating Quantum Circuit
set P [(35, 21), (29, 31), (37, 36)]
set Q [(32, 3), (38, 21), (2, 31)]
add P(last no double),add Q(last no double)
Make Uncompute
Complete aG+bQ
Complete Quantum Circuit 2.458[s]
  qubit_size=366 gate_count=62292 depth=40528
JIT mode: single
execute circuit 10000/62294 0.614
execute circuit 20000/62294 0.870
execute circuit 30000/62294 1.177
execute circuit 40000/62294 1.493
execute circuit 50000/62294 1.763
execute circuit 60000/62294 1.972
*OK: <11011 00011 100010 000011>=5, (34, 3)=True d=18
-NG: <00000 00000 100010 000011>=5, (34, 3)=True
*OK: <11101 01000 100010 000011>=5, (34, 3)=True d=18
*OK: <10001 11100 100010 000011>=3, (34, 3)=True d=18
*OK: <00010 00101 100010 000011>=3, (34, 3)=True d=18
*OK: <11110 11011 100010 000011>=3, (34, 3)=True d=18
*OK: <01000 10101 100010 000011>=3, (34, 3)=True d=18
*OK: <11010 10000 100010 000011>=3, (34, 3)=True d=18
*OK: <11001 11110 100010 000011>=3, (34, 3)=True d=18
*OK: <01010 11010 100010 000011>=2, (34, 3)=True d=18
*OK: <00111 00010 100010 000011>=2, (34, 3)=True d=18
*OK: <01101 11111 100010 000011>=2, (34, 3)=True d=18
*OK: <01011 01100 100010 000011>=2, (34, 3)=True d=18
*OK: <11100 10110 100010 000011>=2, (34, 3)=True d=18
*OK: <00110 01111 100010 000011>=2, (34, 3)=True d=18
*OK: <01100 11111 100010 000011>=2, (34, 3)=True d=18
*OK: <10101 10011 100010 000011>=2, (34, 3)=True d=18
*OK: <10011 01110 100010 000011>=2, (34, 3)=True d=18
*OK: <10010 01111 100010 000011>=2, (34, 3)=True d=18
-NG: <10100 01111 100010 000011>=2, (34, 3)=True
*OK: <01111 10111 100010 000011>=2, (34, 3)=True d=18
*OK: <10111 11001 100010 000011>=2, (34, 3)=True d=18
*OK: <01110 00100 100010 000011>=2, (34, 3)=True d=18
*OK: <11111 01101 100010 000011>=2, (34, 3)=True d=18
*OK: <10110 00110 100010 000011>=2, (34, 3)=True d=18
*OK: <11000 01011 100010 000011>=2, (34, 3)=True d=18
*OK: <10110 11001 100010 000011>=1, (34, 3)=True d=18
*OK: <10000 10111 100010 000011>=1, (34, 3)=True d=18
-NG: <01111 11001 100010 000011>=1, (34, 3)=True
-NG: <11111 10010 100010 000011>=1, (34, 3)=True
-NG: <01110 10110 100010 000011>=1, (34, 3)=True
-NG: <01101 01101 100010 000011>=1, (34, 3)=True
*OK: <00101 11101 100010 000011>=1, (34, 3)=True d=18
*OK: <00100 01011 100010 000011>=1, (34, 3)=True d=18
-NG: <10101 00001 100010 000011>=1, (34, 3)=True
*OK: <10010 11011 100010 000011>=1, (34, 3)=True d=18
-NG: <00110 00010 100010 000011>=1, (34, 3)=True
*OK: <10000 01001 100010 000011>=1, (34, 3)=True d=18
*OK: <10010 01110 100010 000011>=1, (34, 3)=True d=18
*OK: <10100 10100 100010 000011>=1, (34, 3)=True d=18
-NG: <01000 10001 100010 000011>=1, (34, 3)=True
-NG: <01111 01110 100010 000011>=1, (34, 3)=True
*OK: <01111 00100 100010 000011>=1, (34, 3)=True d=18
*OK: <01111 10110 100010 000011>=1, (34, 3)=True d=18
-NG: <10111 00110 100010 000011>=1, (34, 3)=True
*OK: <10011 00001 100010 000011>=1, (34, 3)=True d=18
*OK: <01111 00101 100010 000011>=1, (34, 3)=True d=18
-NG: <01010 11000 100010 000011>=1, (34, 3)=True
*OK: <10110 00111 100010 000011>=1, (34, 3)=True d=18
-NG: <11110 00011 100010 000011>=1, (34, 3)=True
*OK: <10001 01001 100010 000011>=1, (34, 3)=True d=18
-NG: <01100 10111 100010 000011>=1, (34, 3)=True
-NG: <01000 10000 100010 000011>=1, (34, 3)=True
-NG: <10110 00101 100010 000011>=1, (34, 3)=True
*OK: <01100 01100 100010 000011>=1, (34, 3)=True d=18
-NG: <10011 10000 100010 000011>=1, (34, 3)=True
*OK: <01110 10010 100010 000011>=1, (34, 3)=True d=18
-NG: <10110 11110 100010 000011>=1, (34, 3)=True
-NG: <10010 01011 100010 000011>=1, (34, 3)=True
Success: d=18 count=76
