bit_length=7 prime=67 G=(48, 60) n=79 Q=(52, 7)
Creating Quantum Circuit
(1/7)
(2/7)
(3/7)
(4/7)
(5/7)
(6/7)
(7/7)
Complete Quantum Circuit 48.833[s]
  qubit_size=221 gate_count=976577
execute circuit 10000/976577 0.561
execute circuit 20000/976577 1.016
execute circuit 30000/976577 1.574
execute circuit 40000/976577 2.135
execute circuit 50000/976577 2.705
execute circuit 60000/976577 3.281
execute circuit 70000/976577 3.729
execute circuit 80000/976577 4.235
execute circuit 90000/976577 4.727
execute circuit 100000/976577 5.185
execute circuit 110000/976577 5.697
execute circuit 120000/976577 6.274
execute circuit 130000/976577 6.835
execute circuit 140000/976577 7.396
execute circuit 150000/976577 7.849
execute circuit 160000/976577 8.337
execute circuit 170000/976577 8.819
execute circuit 180000/976577 9.294
execute circuit 190000/976577 9.803
execute circuit 200000/976577 10.401
execute circuit 210000/976577 10.996
execute circuit 220000/976577 11.595
execute circuit 230000/976577 12.072
execute circuit 240000/976577 12.555
execute circuit 250000/976577 13.032
execute circuit 260000/976577 13.504
execute circuit 270000/976577 13.997
execute circuit 280000/976577 14.602
execute circuit 290000/976577 15.195
execute circuit 300000/976577 15.794
execute circuit 310000/976577 16.285
execute circuit 320000/976577 16.756
execute circuit 330000/976577 17.231
execute circuit 340000/976577 17.716
execute circuit 350000/976577 18.198
execute circuit 360000/976577 18.809
execute circuit 370000/976577 19.415
execute circuit 380000/976577 20.044
execute circuit 390000/976577 20.563
execute circuit 400000/976577 21.046
execute circuit 410000/976577 21.536
execute circuit 420000/976577 22.024
execute circuit 430000/976577 22.494
execute circuit 440000/976577 23.101
execute circuit 450000/976577 23.714
execute circuit 460000/976577 24.316
execute circuit 470000/976577 24.857
execute circuit 480000/976577 25.332
execute circuit 490000/976577 25.807
execute circuit 500000/976577 26.298
execute circuit 510000/976577 26.761
execute circuit 520000/976577 27.362
execute circuit 530000/976577 27.957
execute circuit 540000/976577 28.572
execute circuit 550000/976577 29.143
execute circuit 560000/976577 29.611
execute circuit 570000/976577 30.102
execute circuit 580000/976577 30.590
execute circuit 590000/976577 31.051
execute circuit 600000/976577 31.641
execute circuit 610000/976577 32.244
execute circuit 620000/976577 32.837
execute circuit 630000/976577 33.434
execute circuit 640000/976577 33.893
execute circuit 650000/976577 34.388
execute circuit 660000/976577 34.881
execute circuit 670000/976577 35.357
execute circuit 680000/976577 35.917
execute circuit 690000/976577 36.570
execute circuit 700000/976577 37.187
execute circuit 710000/976577 37.796
execute circuit 720000/976577 38.266
execute circuit 730000/976577 38.763
execute circuit 740000/976577 39.258
execute circuit 750000/976577 39.742
execute circuit 760000/976577 40.268
execute circuit 770000/976577 40.898
execute circuit 780000/976577 41.498
execute circuit 790000/976577 42.110
execute circuit 800000/976577 42.589
execute circuit 810000/976577 43.085
execute circuit 820000/976577 43.563
execute circuit 830000/976577 44.040
execute circuit 840000/976577 44.545
execute circuit 850000/976577 45.164
execute circuit 860000/976577 45.764
execute circuit 870000/976577 46.388
execute circuit 880000/976577 46.878
execute circuit 890000/976577 47.357
execute circuit 900000/976577 47.832
execute circuit 910000/976577 48.311
execute circuit 920000/976577 48.800
execute circuit 930000/976577 49.422
execute circuit 940000/976577 50.021
execute circuit 950000/976577 50.641
execute circuit 960000/976577 51.145
execute circuit 970000/976577 51.625
*OK: <0110111 0001101 0110101 0110111>=3, (53, 55)=True d=56
*OK: <1010000 1011110 0110101 0110111>=3, (53, 55)=True d=56
*OK: <1110011 0101010 0110101 0110111>=3, (53, 55)=True d=56
*OK: <0001101 1010110 0110101 0110111>=3, (53, 55)=True d=56
*OK: <1001111 1011110 0110101 0110111>=3, (53, 55)=True d=56
*OK: <0111111 1010010 0110101 0110111>=3, (53, 55)=True d=56
*OK: <1101110 0011010 0110101 0110111>=2, (53, 55)=True d=56
*OK: <1000011 0001000 0110101 0110111>=2, (53, 55)=True d=56
*OK: <0001000 1000110 0110101 0110111>=2, (53, 55)=True d=56
*OK: <0110001 0100010 0110101 0110111>=2, (53, 55)=True d=56
*OK: <1101001 0001010 0110101 0110111>=2, (53, 55)=True d=56
*OK: <0001010 0100000 0110101 0110111>=2, (53, 55)=True d=56
*OK: <1010110 1001001 0110101 0110111>=2, (53, 55)=True d=56
*OK: <0100101 0100111 0110101 0110111>=2, (53, 55)=True d=56
*OK: <1100001 1000100 0110101 0110111>=2, (53, 55)=True d=56
-NG: <0110100 0100100 0110101 0110111>=1, (53, 55)=True
*OK: <0100000 0010111 0110101 0110111>=1, (53, 55)=True d=56
*OK: <0101000 1011100 0110101 0110111>=1, (53, 55)=True d=56
*OK: <1111100 1001010 0110101 0110111>=1, (53, 55)=True d=56
*OK: <1000100 1100011 0110101 0110111>=1, (53, 55)=True d=56
*OK: <1011011 1011001 0110101 0110111>=1, (53, 55)=True d=56
*OK: <1000111 0111110 0110101 0110111>=1, (53, 55)=True d=56
-NG: <1110110 1011101 0110101 0110111>=1, (53, 55)=True
*OK: <0100000 0010110 0110101 0110111>=1, (53, 55)=True d=56
*OK: <1100000 1000100 0110101 0110111>=1, (53, 55)=True d=56
*OK: <1111110 0100100 0110101 0110111>=1, (53, 55)=True d=56
*OK: <1111011 1110000 0110101 0110111>=1, (53, 55)=True d=56
-NG: <0011001 0000110 0110101 0110111>=1, (53, 55)=True
*OK: <0001111 0110001 0110101 0110111>=1, (53, 55)=True d=56
*OK: <1101100 0111111 0110101 0110111>=1, (53, 55)=True d=56
*OK: <0110101 0110011 0110101 0110111>=1, (53, 55)=True d=56
*OK: <1000110 0111110 0110101 0110111>=1, (53, 55)=True d=56
*OK: <1100000 1101001 0110101 0110111>=1, (53, 55)=True d=56
*OK: <0010010 1000001 0110101 0110111>=1, (53, 55)=True d=56
-NG: <0010100 1100110 0110101 0110111>=1, (53, 55)=True
*OK: <1110000 1110101 0110101 0110111>=1, (53, 55)=True d=56
*OK: <0010101 0011100 0110101 0110111>=1, (53, 55)=True d=56
*OK: <0100011 1001100 0110101 0110111>=1, (53, 55)=True d=56
-NG: <1000011 0111101 0110101 0110111>=1, (53, 55)=True
*OK: <1001011 1001110 0110101 0110111>=1, (53, 55)=True d=56
*OK: <1100101 1111010 0110101 0110111>=1, (53, 55)=True d=56
*OK: <1111001 0010101 0110101 0110111>=1, (53, 55)=True d=56
-NG: <0101111 1101101 0110101 0110111>=1, (53, 55)=True
*OK: <0110110 0110010 0110101 0110111>=1, (53, 55)=True d=56
-NG: <0100011 0010111 0110101 0110111>=1, (53, 55)=True
*OK: <0101101 1101110 0110101 0110111>=1, (53, 55)=True d=56
-NG: <1011110 0110100 0110101 0110111>=1, (53, 55)=True
*OK: <1111000 0111010 0110101 0110111>=1, (53, 55)=True d=56
-NG: <1100011 0001010 0110101 0110111>=1, (53, 55)=True
*OK: <1011111 1101001 0110101 0110111>=1, (53, 55)=True d=56
-NG: <0011100 0010101 0110101 0110111>=1, (53, 55)=True
*OK: <0000111 1101011 0110101 0110111>=1, (53, 55)=True d=56
*OK: <0011111 0111100 0110101 0110111>=1, (53, 55)=True d=56
*OK: <0010111 1110110 0110101 0110111>=1, (53, 55)=True d=56
-NG: <0111111 1000011 0110101 0110111>=1, (53, 55)=True
*OK: <1001001 1110011 0110101 0110111>=1, (53, 55)=True d=56
-NG: <0011111 0010000 0110101 0110111>=1, (53, 55)=True
*OK: <0111001 1101000 0110101 0110111>=1, (53, 55)=True d=56
*OK: <1111110 0100110 0110101 0110111>=1, (53, 55)=True d=56
-NG: <1011111 1111000 0110101 0110111>=1, (53, 55)=True
*OK: <0100111 0000010 0110101 0110111>=1, (53, 55)=True d=56
*OK: <0000010 1011011 0110101 0110111>=1, (53, 55)=True d=56
*OK: <0101100 0010001 0110101 0110111>=1, (53, 55)=True d=56
*OK: <1011110 0001111 0110101 0110111>=1, (53, 55)=True d=56
*OK: <0001110 0110001 0110101 0110111>=1, (53, 55)=True d=56
*OK: <1110000 1110100 0110101 0110111>=1, (53, 55)=True d=56
*OK: <0111111 1010011 0110101 0110111>=1, (53, 55)=True d=56
-NG: <0000000 0000000 0110101 0110111>=1, (53, 55)=True
-NG: <0101111 1111101 0110101 0110111>=1, (53, 55)=True
*OK: <1000111 0011000 0110101 0110111>=1, (53, 55)=True d=56
*OK: <1110001 1001111 0110101 0110111>=1, (53, 55)=True d=56
-NG: <1110001 0101111 0110101 0110111>=1, (53, 55)=True
*OK: <1011100 0110100 0110101 0110111>=1, (53, 55)=True d=56
*OK: <0001011 1111011 0110101 0110111>=1, (53, 55)=True d=56
*OK: <0110010 1111101 0110101 0110111>=1, (53, 55)=True d=56
*OK: <1101000 0101111 0110101 0110111>=1, (53, 55)=True d=56
*OK: <1011000 0100011 0110101 0110111>=1, (53, 55)=True d=56
*OK: <0010010 1100110 0110101 0110111>=1, (53, 55)=True d=56
-NG: <0111101 1100011 0110101 0110111>=1, (53, 55)=True
Success: d=56 count=83
