bit_length=7 prime=67 G=(48, 60) n=79 Q=(52, 7)
Creating Quantum Circuit
set [(48, 60), (54, 50), (40, 25)]
add 3/14 [(24, 37), (23, 28), (18, 12)] normal
add 6/14 [(13, 23), (52, 7), (25, 17)] 
add 9/14 [(21, 42), (26, 30), (64, 39)] 
add 12/14 [(53, 55), (42, 44)] 
Complete aG+bQ
Complete Quantum Circuit 13.791[s]
  qubit_size=138 gate_count=338976 depth=335086
JIT mode: single
execute circuit 10000/338978 0.638
execute circuit 20000/338978 0.958
execute circuit 30000/338978 1.280
execute circuit 40000/338978 1.605
execute circuit 50000/338978 1.930
execute circuit 60000/338978 2.259
execute circuit 70000/338978 2.585
execute circuit 80000/338978 2.898
execute circuit 90000/338978 3.219
execute circuit 100000/338978 3.557
execute circuit 110000/338978 3.894
execute circuit 120000/338978 4.215
execute circuit 130000/338978 4.521
execute circuit 140000/338978 4.851
execute circuit 150000/338978 5.200
execute circuit 160000/338978 5.529
execute circuit 170000/338978 5.838
execute circuit 180000/338978 6.184
execute circuit 190000/338978 6.550
execute circuit 200000/338978 6.898
execute circuit 210000/338978 7.221
execute circuit 220000/338978 7.560
execute circuit 230000/338978 7.926
execute circuit 240000/338978 8.285
execute circuit 250000/338978 8.623
execute circuit 260000/338978 8.942
execute circuit 270000/338978 9.288
execute circuit 280000/338978 9.698
execute circuit 290000/338978 10.042
execute circuit 300000/338978 10.368
execute circuit 310000/338978 10.712
execute circuit 320000/338978 11.070
execute circuit 330000/338978 11.418
*OK: <0011101 1100001 0110101 0110111>=4, (53, 55)=True d=56
*OK: <1110101 0000101 0110101 0110111>=4, (53, 55)=True d=56
*OK: <0001101 1010110 0110101 0110111>=3, (53, 55)=True d=56
*OK: <1011001 1111110 0110101 0110111>=3, (53, 55)=True d=56
*OK: <0101111 1000111 0110101 0110111>=3, (53, 55)=True d=56
*OK: <0001010 0100000 0110101 0110111>=3, (53, 55)=True d=56
*OK: <1101000 0101111 0110101 0110111>=2, (53, 55)=True d=56
*OK: <0010000 0001011 0110101 0110111>=2, (53, 55)=True d=56
*OK: <1011110 0001111 0110101 0110111>=2, (53, 55)=True d=56
*OK: <0111100 0011101 0110101 0110111>=2, (53, 55)=True d=56
*OK: <1100001 1000100 0110101 0110111>=2, (53, 55)=True d=56
-NG: <0000000 0000000 0110101 0110111>=2, (53, 55)=True
*OK: <1001001 1110011 0110101 0110111>=2, (53, 55)=True d=56
*OK: <1010110 1001001 0110101 0110111>=2, (53, 55)=True d=56
*OK: <0001011 1111011 0110101 0110111>=2, (53, 55)=True d=56
*OK: <1101110 0011010 0110101 0110111>=2, (53, 55)=True d=56
*OK: <0001111 0110010 0110101 0110111>=1, (53, 55)=True d=56
-NG: <0100010 1110110 0110101 0110111>=1, (53, 55)=True
*OK: <1001111 1011110 0110101 0110111>=1, (53, 55)=True d=56
-NG: <1101001 1011110 0110101 0110111>=1, (53, 55)=True
*OK: <0101100 0010010 0110101 0110111>=1, (53, 55)=True d=56
*OK: <0100010 1110011 0110101 0110111>=1, (53, 55)=True d=56
-NG: <0011001 0000110 0110101 0110111>=1, (53, 55)=True
-NG: <1011000 1000001 0110101 0110111>=1, (53, 55)=True
*OK: <0010010 1100110 0110101 0110111>=1, (53, 55)=True d=56
*OK: <0010101 0011101 0110101 0110111>=1, (53, 55)=True d=56
*OK: <1100110 1010100 0110101 0110111>=1, (53, 55)=True d=56
*OK: <1000011 0001000 0110101 0110111>=1, (53, 55)=True d=56
*OK: <0011011 0000110 0110101 0110111>=1, (53, 55)=True d=56
-NG: <1110001 1010101 0110101 0110111>=1, (53, 55)=True
-NG: <1001110 0000001 0110101 0110111>=1, (53, 55)=True
*OK: <0000010 1011011 0110101 0110111>=1, (53, 55)=True d=56
*OK: <0011100 1100001 0110101 0110111>=1, (53, 55)=True d=56
-NG: <1011100 1101001 0110101 0110111>=1, (53, 55)=True
*OK: <1111011 1110000 0110101 0110111>=1, (53, 55)=True d=56
*OK: <0111010 1000011 0110101 0110111>=1, (53, 55)=True d=56
*OK: <1001010 1001110 0110101 0110111>=1, (53, 55)=True d=56
-NG: <0011110 0000110 0110101 0110111>=1, (53, 55)=True
*OK: <0001111 0110001 0110101 0110111>=1, (53, 55)=True d=56
*OK: <1110010 1010000 0110101 0110111>=1, (53, 55)=True d=56
*OK: <0010100 1000001 0110101 0110111>=1, (53, 55)=True d=56
-NG: <1001010 0011001 0110101 0110111>=1, (53, 55)=True
-NG: <0101011 1011100 0110101 0110111>=1, (53, 55)=True
*OK: <1111110 0100101 0110101 0110111>=1, (53, 55)=True d=56
*OK: <1010100 1101110 0110101 0110111>=1, (53, 55)=True d=56
*OK: <0110100 1010111 0110101 0110111>=1, (53, 55)=True d=56
-NG: <1011110 0110100 0110101 0110111>=1, (53, 55)=True
*OK: <1101001 0001010 0110101 0110111>=1, (53, 55)=True d=56
*OK: <0010110 1110101 0110101 0110111>=1, (53, 55)=True d=56
-NG: <1001011 1101101 0110101 0110111>=1, (53, 55)=True
*OK: <0000011 0110101 0110101 0110111>=1, (53, 55)=True d=56
*OK: <0111111 1010011 0110101 0110111>=1, (53, 55)=True d=56
*OK: <1010111 0100011 0110101 0110111>=1, (53, 55)=True d=56
*OK: <0010011 1000001 0110101 0110111>=1, (53, 55)=True d=56
*OK: <0011010 0101100 0110101 0110111>=1, (53, 55)=True d=56
*OK: <1111010 0010101 0110101 0110111>=1, (53, 55)=True d=56
*OK: <0000011 0110110 0110101 0110111>=1, (53, 55)=True d=56
*OK: <1111001 0010101 0110101 0110111>=1, (53, 55)=True d=56
*OK: <1100001 1101001 0110101 0110111>=1, (53, 55)=True d=56
*OK: <0011011 0000111 0110101 0110111>=1, (53, 55)=True d=56
*OK: <1001011 1001110 0110101 0110111>=1, (53, 55)=True d=56
*OK: <0101010 0110111 0110101 0110111>=1, (53, 55)=True d=56
*OK: <0110101 0110010 0110101 0110111>=1, (53, 55)=True d=56
*OK: <0110111 0110001 0110101 0110111>=1, (53, 55)=True d=56
*OK: <0011001 1010001 0110101 0110111>=1, (53, 55)=True d=56
*OK: <1101011 1100101 0110101 0110111>=1, (53, 55)=True d=56
*OK: <1000100 1100011 0110101 0110111>=1, (53, 55)=True d=56
*OK: <1011110 0001110 0110101 0110111>=1, (53, 55)=True d=56
*OK: <1000001 0101101 0110101 0110111>=1, (53, 55)=True d=56
*OK: <1110110 1011111 0110101 0110111>=1, (53, 55)=True d=56
-NG: <1111010 0100101 0110101 0110111>=1, (53, 55)=True
*OK: <0100111 0000010 0110101 0110111>=1, (53, 55)=True d=56
*OK: <0011100 0000110 0110101 0110111>=1, (53, 55)=True d=56
*OK: <1001000 0011001 0110101 0110111>=1, (53, 55)=True d=56
*OK: <0010101 0011011 0110101 0110111>=1, (53, 55)=True d=56
*OK: <1000001 0101110 0110101 0110111>=1, (53, 55)=True d=56
Success: d=56 count=85
