bit_length=7 prime=67 G=(48, 60) n=79 Q=(52, 7)
Creating Quantum Circuit
Rest: 6
Rest: 5
Rest: 4
Rest: 3
Rest: 2
Rest: 1
Make Uncompute
Complete aG+bQ
Complete Quantum Circuit 16.495[s]
  qubit_size=660 gate_count=261272 depth=128935
execute circuit 10000/261274 0.670
execute circuit 20000/261274 1.354
execute circuit 30000/261274 2.020
execute circuit 40000/261274 2.767
execute circuit 50000/261274 3.538
execute circuit 60000/261274 4.340
execute circuit 70000/261274 5.216
execute circuit 80000/261274 6.111
execute circuit 90000/261274 7.118
execute circuit 100000/261274 8.088
execute circuit 110000/261274 9.222
execute circuit 120000/261274 10.280
execute circuit 130000/261274 11.550
execute circuit 140000/261274 12.851
execute circuit 150000/261274 13.905
execute circuit 160000/261274 15.030
execute circuit 170000/261274 16.020
execute circuit 180000/261274 17.021
execute circuit 190000/261274 17.926
execute circuit 200000/261274 18.811
execute circuit 210000/261274 19.629
execute circuit 220000/261274 20.389
execute circuit 230000/261274 21.145
execute circuit 240000/261274 21.811
execute circuit 250000/261274 22.511
execute circuit 260000/261274 23.117
*OK: <0010010 1100110 0110001 1000001>=4, (49, 65)=True d=56
*OK: <1000111 0011000 0110001 1000001>=3, (49, 65)=True d=56
*OK: <1100110 1010100 0110001 1000001>=3, (49, 65)=True d=56
*OK: <0011111 0111100 0110001 1000001>=2, (49, 65)=True d=56
*OK: <1100011 0011111 0110001 1000001>=2, (49, 65)=True d=56
*OK: <0001000 1000110 0110001 1000001>=2, (49, 65)=True d=56
*OK: <1010001 0111001 0110001 1000001>=2, (49, 65)=True d=56
*OK: <1011110 0001110 0110001 1000001>=2, (49, 65)=True d=56
*OK: <1000100 1100011 0110001 1000001>=2, (49, 65)=True d=56
*OK: <1111011 1110000 0110001 1000001>=2, (49, 65)=True d=56
*OK: <1011111 1101001 0110001 1000001>=2, (49, 65)=True d=56
*OK: <1101011 1100100 0110001 1000001>=2, (49, 65)=True d=56
*OK: <1010011 0010011 0110001 1000001>=2, (49, 65)=True d=56
*OK: <1101000 0101111 0110001 1000001>=1, (49, 65)=True d=56
*OK: <1001100 0101000 0110001 1000001>=1, (49, 65)=True d=56
*OK: <1110101 0000101 0110001 1000001>=1, (49, 65)=True d=56
*OK: <0111010 1000011 0110001 1000001>=1, (49, 65)=True d=56
*OK: <1000001 0101101 0110001 1000001>=1, (49, 65)=True d=56
-NG: <0011001 1111001 0110001 1000001>=1, (49, 65)=True
*OK: <0101001 1011100 0110001 1000001>=1, (49, 65)=True d=56
-NG: <0111010 1000101 0110001 1000001>=1, (49, 65)=True
-NG: <1100101 1000100 0110001 1000001>=1, (49, 65)=True
-NG: <1101011 1011110 0110001 1000001>=1, (49, 65)=True
*OK: <1111110 0100110 0110001 1000001>=1, (49, 65)=True d=56
-NG: <0111101 1110110 0110001 1000001>=1, (49, 65)=True
-NG: <0101111 1101101 0110001 1000001>=1, (49, 65)=True
*OK: <1011111 1101010 0110001 1000001>=1, (49, 65)=True d=56
*OK: <0000011 0110101 0110001 1000001>=1, (49, 65)=True d=56
*OK: <0100000 0010111 0110001 1000001>=1, (49, 65)=True d=56
*OK: <0010000 0001011 0110001 1000001>=1, (49, 65)=True d=56
*OK: <0101010 0110111 0110001 1000001>=1, (49, 65)=True d=56
-NG: <0011101 0111100 0110001 1000001>=1, (49, 65)=True
*OK: <1001110 0000100 0110001 1000001>=1, (49, 65)=True d=56
*OK: <1011101 0110100 0110001 1000001>=1, (49, 65)=True d=56
*OK: <1111000 0111011 0110001 1000001>=1, (49, 65)=True d=56
-NG: <0101100 0010111 0110001 1000001>=1, (49, 65)=True
-NG: <1010011 0000011 0110001 1000001>=1, (49, 65)=True
*OK: <1110110 1100000 0110001 1000001>=1, (49, 65)=True d=56
*OK: <1101001 0001010 0110001 1000001>=1, (49, 65)=True d=56
*OK: <1010110 1001001 0110001 1000001>=1, (49, 65)=True d=56
*OK: <0110011 1011000 0110001 1000001>=1, (49, 65)=True d=56
*OK: <1010111 0100100 0110001 1000001>=1, (49, 65)=True d=56
-NG: <1100100 1101001 0110001 1000001>=1, (49, 65)=True
*OK: <1101110 0011010 0110001 1000001>=1, (49, 65)=True d=56
*OK: <0111100 0011101 0110001 1000001>=1, (49, 65)=True d=56
*OK: <1110011 0101010 0110001 1000001>=1, (49, 65)=True d=56
*OK: <0110001 0100010 0110001 1000001>=1, (49, 65)=True d=56
*OK: <1010100 1101110 0110001 1000001>=1, (49, 65)=True d=56
*OK: <1111101 1001011 0110001 1000001>=1, (49, 65)=True d=56
-NG: <0001010 0011101 0110001 1000001>=1, (49, 65)=True
*OK: <0000110 1101011 0110001 1000001>=1, (49, 65)=True d=56
*OK: <1111001 0010101 0110001 1000001>=1, (49, 65)=True d=56
*OK: <0100110 0100111 0110001 1000001>=1, (49, 65)=True d=56
*OK: <0001101 1010110 0110001 1000001>=1, (49, 65)=True d=56
*OK: <0011101 1100001 0110001 1000001>=1, (49, 65)=True d=56
*OK: <0100010 1110001 0110001 1000001>=1, (49, 65)=True d=56
*OK: <0110100 1011000 0110001 1000001>=1, (49, 65)=True d=56
-NG: <1000001 0110010 0110001 1000001>=1, (49, 65)=True
*OK: <0011101 1100000 0110001 1000001>=1, (49, 65)=True d=56
*OK: <1110001 1010000 0110001 1000001>=1, (49, 65)=True d=56
*OK: <0000010 1011011 0110001 1000001>=1, (49, 65)=True d=56
*OK: <1111111 0100101 0110001 1000001>=1, (49, 65)=True d=56
*OK: <1010001 0111010 0110001 1000001>=1, (49, 65)=True d=56
*OK: <1110000 1110101 0110001 1000001>=1, (49, 65)=True d=56
-NG: <0011100 0001100 0110001 1000001>=1, (49, 65)=True
*OK: <0000101 1101011 0110001 1000001>=1, (49, 65)=True d=56
-NG: <0100101 0100001 0110001 1000001>=1, (49, 65)=True
-NG: <0010111 1110010 0110001 1000001>=1, (49, 65)=True
*OK: <1010111 0100011 0110001 1000001>=1, (49, 65)=True d=56
*OK: <1001111 0000011 0110001 1000001>=1, (49, 65)=True d=56
*OK: <1110000 1110100 0110001 1000001>=1, (49, 65)=True d=56
*OK: <0011000 1010001 0110001 1000001>=1, (49, 65)=True d=56
*OK: <1011000 0100101 0110001 1000001>=1, (49, 65)=True d=56
*OK: <0110000 0100010 0110001 1000001>=1, (49, 65)=True d=56
-NG: <1001001 1101110 0110001 1000001>=1, (49, 65)=True
*OK: <0110111 0001101 0110001 1000001>=1, (49, 65)=True d=56
*OK: <1001010 1001110 0110001 1000001>=1, (49, 65)=True d=56
*OK: <0010111 1110110 0110001 1000001>=1, (49, 65)=True d=56
-NG: <0110100 0010000 0110001 1000001>=1, (49, 65)=True
*OK: <1100001 1000100 0110001 1000001>=1, (49, 65)=True d=56
*OK: <1011011 1011001 0110001 1000001>=1, (49, 65)=True d=56
-NG: <1111000 0111100 0110001 1000001>=1, (49, 65)=True
*OK: <1001100 0101001 0110001 1000001>=1, (49, 65)=True d=56
Success: d=56 count=82
