bit_length=8 prime=163 G=(112, 53) n=139 Q=(122, 144)
Creating Quantum Circuit
(1/8)
(2/8)
(3/8)
(4/8)
(5/8)
(6/8)
(7/8)
Complete aG+bQ
Complete Quantum Circuit 47.982[s]
  qubit_size=181 gate_count=1102960 depth=1090685
execute circuit 10000/1102962 1.420
execute circuit 20000/1102962 2.610
execute circuit 30000/1102962 4.030
execute circuit 40000/1102962 5.262
execute circuit 50000/1102962 6.404
execute circuit 60000/1102962 7.816
execute circuit 70000/1102962 9.118
execute circuit 80000/1102962 10.352
execute circuit 90000/1102962 11.586
execute circuit 100000/1102962 12.836
execute circuit 110000/1102962 14.193
execute circuit 120000/1102962 15.787
execute circuit 130000/1102962 17.024
execute circuit 140000/1102962 18.491
execute circuit 150000/1102962 20.030
execute circuit 160000/1102962 21.240
execute circuit 170000/1102962 22.544
execute circuit 180000/1102962 23.858
execute circuit 190000/1102962 25.078
execute circuit 200000/1102962 26.595
execute circuit 210000/1102962 27.966
execute circuit 220000/1102962 29.173
execute circuit 230000/1102962 30.772
execute circuit 240000/1102962 32.110
execute circuit 250000/1102962 33.388
execute circuit 260000/1102962 34.640
execute circuit 270000/1102962 35.925
execute circuit 280000/1102962 37.317
execute circuit 290000/1102962 39.003
execute circuit 300000/1102962 40.314
execute circuit 310000/1102962 41.745
execute circuit 320000/1102962 43.338
execute circuit 330000/1102962 44.586
execute circuit 340000/1102962 45.920
execute circuit 350000/1102962 47.297
execute circuit 360000/1102962 48.526
execute circuit 370000/1102962 50.113
execute circuit 380000/1102962 51.552
execute circuit 390000/1102962 52.828
execute circuit 400000/1102962 54.517
execute circuit 410000/1102962 55.888
execute circuit 420000/1102962 57.233
execute circuit 430000/1102962 58.548
execute circuit 440000/1102962 59.835
execute circuit 450000/1102962 1:01.306
execute circuit 460000/1102962 1:03.023
execute circuit 470000/1102962 1:04.391
execute circuit 480000/1102962 1:05.930
execute circuit 490000/1102962 1:07.512
execute circuit 500000/1102962 1:08.750
execute circuit 510000/1102962 1:10.122
execute circuit 520000/1102962 1:11.486
execute circuit 530000/1102962 1:12.736
execute circuit 540000/1102962 1:14.356
execute circuit 550000/1102962 1:15.792
execute circuit 560000/1102962 1:17.103
execute circuit 570000/1102962 1:18.807
execute circuit 580000/1102962 1:20.146
execute circuit 590000/1102962 1:21.475
execute circuit 600000/1102962 1:22.773
execute circuit 610000/1102962 1:24.048
execute circuit 620000/1102962 1:25.484
execute circuit 630000/1102962 1:27.138
execute circuit 640000/1102962 1:28.507
execute circuit 650000/1102962 1:30.023
execute circuit 660000/1102962 1:31.584
execute circuit 670000/1102962 1:32.840
execute circuit 680000/1102962 1:34.185
execute circuit 690000/1102962 1:35.533
execute circuit 700000/1102962 1:36.820
execute circuit 710000/1102962 1:38.473
execute circuit 720000/1102962 1:39.893
execute circuit 730000/1102962 1:41.218
execute circuit 740000/1102962 1:42.940
execute circuit 750000/1102962 1:44.276
execute circuit 760000/1102962 1:45.617
execute circuit 770000/1102962 1:46.952
execute circuit 780000/1102962 1:48.219
execute circuit 790000/1102962 1:49.687
execute circuit 800000/1102962 1:51.358
execute circuit 810000/1102962 1:52.765
execute circuit 820000/1102962 1:54.283
execute circuit 830000/1102962 1:55.845
execute circuit 840000/1102962 1:57.108
execute circuit 850000/1102962 1:58.444
execute circuit 860000/1102962 1:59.812
execute circuit 870000/1102962 2:01.105
execute circuit 880000/1102962 2:02.792
execute circuit 890000/1102962 2:04.240
execute circuit 900000/1102962 2:05.618
execute circuit 910000/1102962 2:07.341
execute circuit 920000/1102962 2:08.667
execute circuit 930000/1102962 2:10.028
execute circuit 940000/1102962 2:11.331
execute circuit 950000/1102962 2:12.587
execute circuit 960000/1102962 2:14.069
execute circuit 970000/1102962 2:15.683
execute circuit 980000/1102962 2:17.071
execute circuit 990000/1102962 2:18.637
execute circuit 1000000/1102962 2:20.181
execute circuit 1010000/1102962 2:21.436
execute circuit 1020000/1102962 2:22.802
execute circuit 1030000/1102962 2:24.162
execute circuit 1040000/1102962 2:25.442
execute circuit 1050000/1102962 2:27.124
execute circuit 1060000/1102962 2:28.536
execute circuit 1070000/1102962 2:29.891
execute circuit 1080000/1102962 2:31.621
execute circuit 1090000/1102962 2:32.952
execute circuit 1100000/1102962 2:34.278
*OK: <10001010 10010011 01101010 00110110>=4, (106, 54)=True d=103
*OK: <11110011 11010000 01101010 00110110>=3, (106, 54)=True d=103
*OK: <01110010 11110001 01101010 00110110>=3, (106, 54)=True d=103
*OK: <01010001 10011011 01101010 00110110>=3, (106, 54)=True d=103
*OK: <00000111 11110111 01101010 00110110>=2, (106, 54)=True d=103
*OK: <01000001 11110000 01101010 00110110>=2, (106, 54)=True d=103
*OK: <00111111 00110010 01101010 00110110>=2, (106, 54)=True d=103
*OK: <11101010 00011100 01101010 00110110>=2, (106, 54)=True d=103
*OK: <11010100 00110111 01101010 00110110>=2, (106, 54)=True d=103
*OK: <01110100 10101111 01101010 00110110>=2, (106, 54)=True d=103
*OK: <00101100 11001001 01101010 00110110>=2, (106, 54)=True d=103
*OK: <11000101 01001001 01101010 00110110>=1, (106, 54)=True d=103
*OK: <11011011 00101110 01101010 00110110>=1, (106, 54)=True d=103
*OK: <00010001 10101100 01101010 00110110>=1, (106, 54)=True d=103
*OK: <10101011 11101010 01101010 00110110>=1, (106, 54)=True d=103
-NG: <00001111 11101000 01101010 00110110>=1, (106, 54)=True
-NG: <11011111 10100111 01101010 00110110>=1, (106, 54)=True
*OK: <10011101 11111101 01101010 00110110>=1, (106, 54)=True d=103
*OK: <11011000 10110011 01101010 00110110>=1, (106, 54)=True d=103
*OK: <11010000 10111100 01101010 00110110>=1, (106, 54)=True d=103
*OK: <10001110 00001111 01101010 00110110>=1, (106, 54)=True d=103
*OK: <00000010 10111110 01101010 00110110>=1, (106, 54)=True d=103
*OK: <00100000 10011000 01101010 00110110>=1, (106, 54)=True d=103
*OK: <10011101 11111100 01101010 00110110>=1, (106, 54)=True d=103
*OK: <10010001 10001010 01101010 00110110>=1, (106, 54)=True d=103
*OK: <01000100 01101011 01101010 00110110>=1, (106, 54)=True d=103
*OK: <00010100 00100111 01101010 00110110>=1, (106, 54)=True d=103
*OK: <10000110 00011000 01101010 00110110>=1, (106, 54)=True d=103
-NG: <01010101 10010001 01101010 00110110>=1, (106, 54)=True
*OK: <00011111 10011001 01101010 00110110>=1, (106, 54)=True d=103
*OK: <11001010 10000011 01101010 00110110>=1, (106, 54)=True d=103
*OK: <10001100 01010001 01101010 00110110>=1, (106, 54)=True d=103
*OK: <00100101 11010010 01101010 00110110>=1, (106, 54)=True d=103
*OK: <11001000 11000101 01101010 00110110>=1, (106, 54)=True d=103
*OK: <01010011 01011001 01101010 00110110>=1, (106, 54)=True d=103
*OK: <01011111 10001001 01101010 00110110>=1, (106, 54)=True d=103
*OK: <11000110 01001001 01101010 00110110>=1, (106, 54)=True d=103
*OK: <00100000 10011001 01101010 00110110>=1, (106, 54)=True d=103
*OK: <01111011 11101000 01101010 00110110>=1, (106, 54)=True d=103
*OK: <01011100 00001101 01101010 00110110>=1, (106, 54)=True d=103
*OK: <10001000 11010110 01101010 00110110>=1, (106, 54)=True d=103
*OK: <10111100 10010101 01101010 00110110>=1, (106, 54)=True d=103
-NG: <01000010 00110010 01101010 00110110>=1, (106, 54)=True
*OK: <01110000 01110110 01101010 00110110>=1, (106, 54)=True d=103
*OK: <10011011 00111101 01101010 00110110>=1, (106, 54)=True d=103
-NG: <10001101 10001010 01101010 00110110>=1, (106, 54)=True
*OK: <11011010 01110000 01101010 00110110>=1, (106, 54)=True d=103
*OK: <10000101 00011000 01101010 00110110>=1, (106, 54)=True d=103
*OK: <00100011 00010100 01101010 00110110>=1, (106, 54)=True d=103
*OK: <00110100 11000000 01101010 00110110>=1, (106, 54)=True d=103
*OK: <11110001 00010011 01101010 00110110>=1, (106, 54)=True d=103
*OK: <00111001 11111000 01101010 00110110>=1, (106, 54)=True d=103
*OK: <00010110 11100100 01101010 00110110>=1, (106, 54)=True d=103
*OK: <01011000 10010010 01101010 00110110>=1, (106, 54)=True d=103
-NG: <11100100 11101110 01101010 00110110>=1, (106, 54)=True
*OK: <10001000 00011000 01101010 00110110>=1, (106, 54)=True d=103
-NG: <00110010 00111011 01101010 00110110>=1, (106, 54)=True
*OK: <00100011 00010101 01101010 00110110>=1, (106, 54)=True d=103
*OK: <00001010 10110100 01101010 00110110>=1, (106, 54)=True d=103
*OK: <01101001 00111101 01101010 00110110>=1, (106, 54)=True d=103
*OK: <01001100 01100010 01101010 00110110>=1, (106, 54)=True d=103
*OK: <00000100 01111100 01101010 00110110>=1, (106, 54)=True d=103
*OK: <00011000 10100010 01101010 00110110>=1, (106, 54)=True d=103
*OK: <01110000 00110011 01101010 00110110>=1, (106, 54)=True d=103
*OK: <01111111 00100001 01101010 00110110>=1, (106, 54)=True d=103
-NG: <01110010 01011011 01101010 00110110>=1, (106, 54)=True
*OK: <01100011 00000100 01101010 00110110>=1, (106, 54)=True d=103
*OK: <11100100 11100010 01101010 00110110>=1, (106, 54)=True d=103
*OK: <10001001 11010110 01101010 00110110>=1, (106, 54)=True d=103
-NG: <00001001 10111000 01101010 00110110>=1, (106, 54)=True
*OK: <11011000 10110010 01101010 00110110>=1, (106, 54)=True d=103
*OK: <01101101 10111000 01101010 00110110>=1, (106, 54)=True d=103
*OK: <00110010 00000010 01101010 00110110>=1, (106, 54)=True d=103
-NG: <01001000 01111110 01101010 00110110>=1, (106, 54)=True
*OK: <00110110 00111011 01101010 00110110>=1, (106, 54)=True d=103
-NG: <10110010 10000011 01101010 00110110>=1, (106, 54)=True
-NG: <01101001 10111000 01101010 00110110>=1, (106, 54)=True
*OK: <11110101 10001111 01101010 00110110>=1, (106, 54)=True d=103
*OK: <10010101 00000101 01101010 00110110>=1, (106, 54)=True d=103
*OK: <00101001 01001111 01101010 00110110>=1, (106, 54)=True d=103
*OK: <11111100 10000101 01101010 00110110>=1, (106, 54)=True d=103
*OK: <00111101 01110100 01101010 00110110>=1, (106, 54)=True d=103
*OK: <00110111 00111011 01101010 00110110>=1, (106, 54)=True d=103
*OK: <11101000 01011110 01101010 00110110>=1, (106, 54)=True d=103
Success: d=103 count=88
