bit_length=8 prime=163 G=(112, 53) n=139 Q=(122, 144)
Creating Quantum Circuit
Rest: 7
Rest: 6
Rest: 5
Rest: 4
Rest: 3
Rest: 2
Rest: 1
Make Uncompute
Complete aG+bQ
Complete Quantum Circuit 48.104[s]
  qubit_size=979 gate_count=593664 depth=251620
execute circuit 10000/593666 2.509
execute circuit 20000/593666 4.648
execute circuit 30000/593666 7.273
execute circuit 40000/593666 9.674
execute circuit 50000/593666 12.010
execute circuit 60000/593666 14.281
execute circuit 70000/593666 17.001
execute circuit 80000/593666 19.817
execute circuit 90000/593666 22.426
execute circuit 100000/593666 24.726
execute circuit 110000/593666 27.376
execute circuit 120000/593666 30.401
execute circuit 130000/593666 33.272
execute circuit 140000/593666 35.872
execute circuit 150000/593666 38.379
execute circuit 160000/593666 41.645
execute circuit 170000/593666 44.510
execute circuit 180000/593666 47.400
execute circuit 190000/593666 50.006
execute circuit 200000/593666 53.603
execute circuit 210000/593666 57.036
execute circuit 220000/593666 1:00.580
execute circuit 230000/593666 1:03.331
execute circuit 240000/593666 1:06.411
execute circuit 250000/593666 1:09.945
execute circuit 260000/593666 1:13.824
execute circuit 270000/593666 1:16.887
execute circuit 280000/593666 1:20.205
execute circuit 290000/593666 1:24.432
execute circuit 300000/593666 1:28.348
execute circuit 310000/593666 1:32.387
execute circuit 320000/593666 1:36.315
execute circuit 330000/593666 1:39.295
execute circuit 340000/593666 1:42.776
execute circuit 350000/593666 1:46.688
execute circuit 360000/593666 1:50.155
execute circuit 370000/593666 1:52.928
execute circuit 380000/593666 1:56.033
execute circuit 390000/593666 1:59.489
execute circuit 400000/593666 2:03.193
execute circuit 410000/593666 2:05.925
execute circuit 420000/593666 2:08.696
execute circuit 430000/593666 2:11.767
execute circuit 440000/593666 2:14.878
execute circuit 450000/593666 2:17.586
execute circuit 460000/593666 2:20.019
execute circuit 470000/593666 2:22.841
execute circuit 480000/593666 2:25.756
execute circuit 490000/593666 2:28.421
execute circuit 500000/593666 2:30.892
execute circuit 510000/593666 2:33.529
execute circuit 520000/593666 2:37.127
execute circuit 530000/593666 2:40.429
execute circuit 540000/593666 2:42.691
execute circuit 550000/593666 2:45.052
execute circuit 560000/593666 2:47.522
execute circuit 570000/593666 2:51.122
execute circuit 580000/593666 2:53.732
execute circuit 590000/593666 2:56.171
*OK: <01010001 10011011 01000000 01001111>=3, (64, 79)=True d=103
*OK: <10100000 01110111 01000000 01001111>=2, (64, 79)=True d=103
*OK: <00111011 10110110 01000000 01001111>=2, (64, 79)=True d=103
*OK: <00001001 10110101 01000000 01001111>=2, (64, 79)=True d=103
*OK: <00010100 00100111 01000000 01001111>=2, (64, 79)=True d=103
*OK: <00110000 01000100 01000000 01001111>=2, (64, 79)=True d=103
*OK: <11011011 00101110 01000000 01001111>=2, (64, 79)=True d=103
*OK: <01101001 00111100 01000000 01001111>=2, (64, 79)=True d=103
*OK: <10001100 01010001 01000000 01001111>=2, (64, 79)=True d=103
*OK: <10010001 10001010 01000000 01001111>=2, (64, 79)=True d=103
*OK: <00000010 10111110 01000000 01001111>=2, (64, 79)=True d=103
*OK: <10110111 01011100 01000000 01001111>=1, (64, 79)=True d=103
*OK: <01101001 00111110 01000000 01001111>=1, (64, 79)=True d=103
*OK: <01010011 01011000 01000000 01001111>=1, (64, 79)=True d=103
*OK: <00100011 00010100 01000000 01001111>=1, (64, 79)=True d=103
-NG: <11000101 01001100 01000000 01001111>=1, (64, 79)=True
*OK: <10111100 10010101 01000000 01001111>=1, (64, 79)=True d=103
*OK: <10000001 11011111 01000000 01001111>=1, (64, 79)=True d=103
*OK: <00100001 01010111 01000000 01001111>=1, (64, 79)=True d=103
*OK: <01111001 11101000 01000000 01001111>=1, (64, 79)=True d=103
*OK: <10000101 01011010 01000000 01001111>=1, (64, 79)=True d=103
*OK: <10011001 10000001 01000000 01001111>=1, (64, 79)=True d=103
*OK: <11101110 10010111 01000000 01001111>=1, (64, 79)=True d=103
*OK: <11111110 01000010 01000000 01001111>=1, (64, 79)=True d=103
*OK: <01001000 11100110 01000000 01001111>=1, (64, 79)=True d=103
-NG: <00001111 11110001 01000000 01001111>=1, (64, 79)=True
-NG: <10010011 00111111 01000000 01001111>=1, (64, 79)=True
*OK: <00011010 01011111 01000000 01001111>=1, (64, 79)=True d=103
*OK: <11010110 11110101 01000000 01001111>=1, (64, 79)=True d=103
*OK: <11111000 00001001 01000000 01001111>=1, (64, 79)=True d=103
-NG: <11100100 10100000 01000000 01001111>=1, (64, 79)=True
*OK: <11100100 00100101 01000000 01001111>=1, (64, 79)=True d=103
*OK: <01011000 10010001 01000000 01001111>=1, (64, 79)=True d=103
*OK: <00111001 11111001 01000000 01001111>=1, (64, 79)=True d=103
*OK: <00001101 00110000 01000000 01001111>=1, (64, 79)=True d=103
*OK: <01100101 11000000 01000000 01001111>=1, (64, 79)=True d=103
*OK: <01111101 01100011 01000000 01001111>=1, (64, 79)=True d=103
*OK: <11100110 10100000 01000000 01001111>=1, (64, 79)=True d=103
*OK: <00101011 00001011 01000000 01001111>=1, (64, 79)=True d=103
*OK: <10110110 01011100 01000000 01001111>=1, (64, 79)=True d=103
*OK: <10010100 00000101 01000000 01001111>=1, (64, 79)=True d=103
*OK: <10101011 11101010 01000000 01001111>=1, (64, 79)=True d=103
*OK: <01101010 11111010 01000000 01001111>=1, (64, 79)=True d=103
*OK: <11101010 00011011 01000000 01001111>=1, (64, 79)=True d=103
*OK: <00111011 10111000 01000000 01001111>=1, (64, 79)=True d=103
*OK: <11010010 00110111 01000000 01001111>=1, (64, 79)=True d=103
*OK: <10001110 00001111 01000000 01001111>=1, (64, 79)=True d=103
*OK: <01000010 10101101 01000000 01001111>=1, (64, 79)=True d=103
*OK: <10111111 00001111 01000000 01001111>=1, (64, 79)=True d=103
-NG: <00110010 01001110 01000000 01001111>=1, (64, 79)=True
*OK: <11010111 10110010 01000000 01001111>=1, (64, 79)=True d=103
*OK: <10010101 00000110 01000000 01001111>=1, (64, 79)=True d=103
*OK: <11110111 01001011 01000000 01001111>=1, (64, 79)=True d=103
*OK: <00110000 01000011 01000000 01001111>=1, (64, 79)=True d=103
*OK: <10111010 11011000 01000000 01001111>=1, (64, 79)=True d=103
*OK: <01110010 11110001 01000000 01001111>=1, (64, 79)=True d=103
*OK: <00111001 11111000 01000000 01001111>=1, (64, 79)=True d=103
*OK: <01100100 11000001 01000000 01001111>=1, (64, 79)=True d=103
*OK: <10110001 00100011 01000000 01001111>=1, (64, 79)=True d=103
*OK: <11110010 00010011 01000000 01001111>=1, (64, 79)=True d=103
-NG: <10110001 10110010 01000000 01001111>=1, (64, 79)=True
*OK: <11110001 00010011 01000000 01001111>=1, (64, 79)=True d=103
*OK: <01101001 00111101 01000000 01001111>=1, (64, 79)=True d=103
-NG: <10100101 10111010 01000000 01001111>=1, (64, 79)=True
*OK: <00101100 11001001 01000000 01001111>=1, (64, 79)=True d=103
-NG: <00000101 11110111 01000000 01001111>=1, (64, 79)=True
*OK: <00010100 00100110 01000000 01001111>=1, (64, 79)=True d=103
*OK: <11100011 00100100 01000000 01001111>=1, (64, 79)=True d=103
*OK: <11100000 01100111 01000000 01001111>=1, (64, 79)=True d=103
*OK: <01011100 00001101 01000000 01001111>=1, (64, 79)=True d=103
*OK: <11011101 11101100 01000000 01001111>=1, (64, 79)=True d=103
*OK: <01100111 01111111 01000000 01001111>=1, (64, 79)=True d=103
*OK: <00110101 01111101 01000000 01001111>=1, (64, 79)=True d=103
*OK: <00001000 11110111 01000000 01001111>=1, (64, 79)=True d=103
*OK: <01011010 01001111 01000000 01001111>=1, (64, 79)=True d=103
*OK: <10100010 00110101 01000000 01001111>=1, (64, 79)=True d=103
*OK: <11001110 11111110 01000000 01001111>=1, (64, 79)=True d=103
-NG: <10010111 11000110 01000000 01001111>=1, (64, 79)=True
*OK: <11111101 10000101 01000000 01001111>=1, (64, 79)=True d=103
-NG: <10101000 01101100 01000000 01001111>=1, (64, 79)=True
*OK: <00100101 11010010 01000000 01001111>=1, (64, 79)=True d=103
*OK: <00011010 01100000 01000000 01001111>=1, (64, 79)=True d=103
*OK: <10110101 10011110 01000000 01001111>=1, (64, 79)=True d=103
*OK: <10000011 10011101 01000000 01001111>=1, (64, 79)=True d=103
-NG: <10010001 11001111 01000000 01001111>=1, (64, 79)=True
*OK: <10000110 00011000 01000000 01001111>=1, (64, 79)=True d=103
*OK: <11110000 01010101 01000000 01001111>=1, (64, 79)=True d=103
*OK: <11110001 00010001 01000000 01001111>=1, (64, 79)=True d=103
Success: d=103 count=89
